[INFO] 10:27:33:119 team/(7689:7689): probar logger
[INFO] 10:27:33:119 team/(7689:7689): probar logger definir puerto
[INFO] 10:27:33:119 team/(7689:7689): lista creada entrenadores
[INFO] 10:27:33:120 team/(7689:7689): obtenemos primer objetivo Pikachu|Pikachu|Squirtle|Pidgey
[INFO] 10:27:33:120 team/(7689:7689): tengo elemento Pikachu
[INFO] 10:27:33:120 team/(7689:7689): tengo elemento Squirtle
[INFO] 10:27:33:120 team/(7689:7689): tengo elemento Pidgey
[INFO] 10:27:33:120 team/(7689:7689): tengo elemento Pikachu
[INFO] 10:27:33:120 team/(7689:7689): tengo elemento Pikachu
[INFO] 10:27:33:120 team/(7689:7689): tengo elemento Squirtle
[INFO] 10:27:33:120 team/(7689:7689): tengo elemento Pidgey
[INFO] 10:27:33:120 team/(7689:7689): 1
[INFO] 10:27:33:120 team/(7689:7689): 2
[INFO] 10:27:33:120 team/(7689:7689): 4
[INFO] 10:27:33:120 team/(7689:7689): entrenador cargado completamente
[INFO] 10:27:33:120 team/(7689:7689): obtenemos primer objetivo Charmander|Pikachu|Charmander
[INFO] 10:27:33:120 team/(7689:7689): tengo elemento Squirtle
[INFO] 10:27:33:120 team/(7689:7689): tengo elemento Charmander
[INFO] 10:27:33:120 team/(7689:7689): tengo elemento Charmander
[INFO] 10:27:33:120 team/(7689:7689): tengo elemento Pikachu
[INFO] 10:27:33:120 team/(7689:7689): tengo elemento Charmander
[INFO] 10:27:33:120 team/(7689:7689): 3
[INFO] 10:27:33:120 team/(7689:7689): 7
[INFO] 10:27:33:120 team/(7689:7689): 3
[INFO] 10:27:33:120 team/(7689:7689): entrenador cargado completamente
[INFO] 10:27:33:120 team/(7689:7689): obtenemos primer objetivo Squirtle|Bulbasaur
[INFO] 10:27:33:120 team/(7689:7689): tengo elemento Bulbasaur
[INFO] 10:27:33:120 team/(7689:7689): tengo elemento Squirtle
[INFO] 10:27:33:120 team/(7689:7689): tengo elemento Bulbasaur
[INFO] 10:27:33:120 team/(7689:7689): 5
[INFO] 10:27:33:120 team/(7689:7689): 5
[INFO] 10:27:33:120 team/(7689:7689): 2
[INFO] 10:27:33:120 team/(7689:7689): entrenador cargado completamente
[INFO] 10:27:33:120 team/(7689:7689): lista entrenadores completa
[INFO] 10:27:33:120 team/(7689:7689): La cantidad de objetivos es 9
[INFO] 10:27:33:120 team/(7689:7689): coordenada x 1
[INFO] 10:27:33:120 team/(7689:7689): coordenada y 2
[INFO] 10:27:33:120 team/(7689:7689): objetivo 0 Pikachu
[INFO] 10:27:33:121 team/(7689:7689): objetivo 0 Squirtle
[INFO] 10:29:59:59 team/(7760:7760): probar logger
[INFO] 10:29:59:59 team/(7760:7760): probar logger definir puerto
[INFO] 10:29:59:59 team/(7760:7760): lista creada entrenadores
[INFO] 10:29:59:59 team/(7760:7760): obtenemos primer objetivo Pikachu|Pikachu|Squirtle|Pidgey
[INFO] 10:29:59:59 team/(7760:7760): tengo elemento Pikachu
[INFO] 10:29:59:60 team/(7760:7760): tengo elemento Squirtle
[INFO] 10:29:59:60 team/(7760:7760): tengo elemento Pidgey
[INFO] 10:29:59:60 team/(7760:7760): tengo elemento Pikachu
[INFO] 10:29:59:60 team/(7760:7760): tengo elemento Pikachu
[INFO] 10:29:59:60 team/(7760:7760): tengo elemento Squirtle
[INFO] 10:29:59:60 team/(7760:7760): tengo elemento Pidgey
[INFO] 10:29:59:60 team/(7760:7760): 1
[INFO] 10:29:59:60 team/(7760:7760): 2
[INFO] 10:29:59:60 team/(7760:7760): 4
[INFO] 10:29:59:60 team/(7760:7760): entrenador cargado completamente
[INFO] 10:29:59:60 team/(7760:7760): obtenemos primer objetivo Charmander|Pikachu|Charmander
[INFO] 10:29:59:60 team/(7760:7760): tengo elemento Squirtle
[INFO] 10:29:59:60 team/(7760:7760): tengo elemento Charmander
[INFO] 10:29:59:60 team/(7760:7760): tengo elemento Charmander
[INFO] 10:29:59:60 team/(7760:7760): tengo elemento Pikachu
[INFO] 10:29:59:60 team/(7760:7760): tengo elemento Charmander
[INFO] 10:29:59:60 team/(7760:7760): 3
[INFO] 10:29:59:60 team/(7760:7760): 7
[INFO] 10:29:59:60 team/(7760:7760): 3
[INFO] 10:29:59:60 team/(7760:7760): entrenador cargado completamente
[INFO] 10:29:59:60 team/(7760:7760): obtenemos primer objetivo Squirtle|Bulbasaur
[INFO] 10:29:59:60 team/(7760:7760): tengo elemento Bulbasaur
[INFO] 10:29:59:60 team/(7760:7760): tengo elemento Squirtle
[INFO] 10:29:59:60 team/(7760:7760): tengo elemento Bulbasaur
[INFO] 10:29:59:60 team/(7760:7760): 5
[INFO] 10:29:59:60 team/(7760:7760): 5
[INFO] 10:29:59:60 team/(7760:7760): 2
[INFO] 10:29:59:60 team/(7760:7760): entrenador cargado completamente
[INFO] 10:29:59:60 team/(7760:7760): lista entrenadores completa
[INFO] 10:29:59:60 team/(7760:7760): La cantidad de objetivos es 9
[INFO] 10:29:59:60 team/(7760:7760): coordenada x 1
[INFO] 10:29:59:60 team/(7760:7760): coordenada y 2
[INFO] 10:29:59:60 team/(7760:7760): objetivo 0 Pikachu
[INFO] 10:29:59:60 team/(7760:7760): objetivo 0 Squirtle
[INFO] 10:30:06:366 team/(7772:7772): probar logger
[INFO] 10:30:06:377 team/(7772:7772): probar logger definir puerto
[INFO] 10:30:06:377 team/(7772:7772): lista creada entrenadores
[INFO] 10:30:06:377 team/(7772:7772): obtenemos primer objetivo Pikachu|Pikachu|Squirtle|Pidgey
[INFO] 10:30:06:378 team/(7772:7772): tengo elemento Pikachu
[INFO] 10:30:06:378 team/(7772:7772): tengo elemento Squirtle
[INFO] 10:30:06:378 team/(7772:7772): tengo elemento Pidgey
[INFO] 10:30:06:378 team/(7772:7772): tengo elemento Pikachu
[INFO] 10:30:06:379 team/(7772:7772): tengo elemento Pikachu
[INFO] 10:30:06:379 team/(7772:7772): tengo elemento Squirtle
[INFO] 10:30:06:379 team/(7772:7772): tengo elemento Pidgey
[INFO] 10:30:06:379 team/(7772:7772): 1
[INFO] 10:30:06:379 team/(7772:7772): 2
[INFO] 10:30:06:380 team/(7772:7772): 4
[INFO] 10:30:06:380 team/(7772:7772): entrenador cargado completamente
[INFO] 10:30:06:380 team/(7772:7772): obtenemos primer objetivo Charmander|Pikachu|Charmander
[INFO] 10:30:06:380 team/(7772:7772): tengo elemento Squirtle
[INFO] 10:30:06:380 team/(7772:7772): tengo elemento Charmander
[INFO] 10:30:06:380 team/(7772:7772): tengo elemento Charmander
[INFO] 10:30:06:380 team/(7772:7772): tengo elemento Pikachu
[INFO] 10:30:06:381 team/(7772:7772): tengo elemento Charmander
[INFO] 10:30:06:381 team/(7772:7772): 3
[INFO] 10:30:06:381 team/(7772:7772): 7
[INFO] 10:30:06:382 team/(7772:7772): 3
[INFO] 10:30:06:382 team/(7772:7772): entrenador cargado completamente
[INFO] 10:30:06:383 team/(7772:7772): obtenemos primer objetivo Squirtle|Bulbasaur
[INFO] 10:30:06:383 team/(7772:7772): tengo elemento Bulbasaur
[INFO] 10:30:06:383 team/(7772:7772): tengo elemento Squirtle
[INFO] 10:30:06:383 team/(7772:7772): tengo elemento Bulbasaur
[INFO] 10:30:06:383 team/(7772:7772): 5
[INFO] 10:30:06:383 team/(7772:7772): 5
[INFO] 10:30:06:384 team/(7772:7772): 2
[INFO] 10:30:06:384 team/(7772:7772): entrenador cargado completamente
[INFO] 10:30:06:384 team/(7772:7772): lista entrenadores completa
[INFO] 10:30:06:384 team/(7772:7772): La cantidad de objetivos es 9
[INFO] 10:30:06:384 team/(7772:7772): coordenada x 1
[INFO] 10:30:06:384 team/(7772:7772): coordenada y 2
[INFO] 10:30:06:384 team/(7772:7772): objetivo 0 Pikachu
[INFO] 10:30:06:385 team/(7772:7772): objetivo 0 Squirtle
[INFO] 12:01:14:165 team/(11367:11367): obtenemos primer objetivo Pikachu|Pikachu|Squirtle|Pidgey
[INFO] 12:01:14:166 team/(11367:11367): tengo elemento Pikachu
[INFO] 12:01:14:166 team/(11367:11367): tengo elemento Squirtle
[INFO] 12:01:14:166 team/(11367:11367): tengo elemento Pidgey
[INFO] 12:01:14:166 team/(11367:11367): tengo elemento Pikachu
[INFO] 12:01:14:166 team/(11367:11367): tengo elemento Pikachu
[INFO] 12:01:14:166 team/(11367:11367): tengo elemento Squirtle
[INFO] 12:01:14:166 team/(11367:11367): tengo elemento Pidgey
[INFO] 12:02:10:229 team/(11404:11404): obtenemos primer objetivo Pikachu|Pikachu|Squirtle|Pidgey
[INFO] 12:02:10:229 team/(11404:11404): tengo elemento Pikachu
[INFO] 12:02:10:229 team/(11404:11404): tengo elemento Squirtle
[INFO] 12:02:10:229 team/(11404:11404): tengo elemento Pidgey
[INFO] 12:02:10:229 team/(11404:11404): tengo elemento Pikachu
[INFO] 12:02:10:230 team/(11404:11404): tengo elemento Pikachu
[INFO] 12:02:10:230 team/(11404:11404): tengo elemento Squirtle
[INFO] 12:02:10:230 team/(11404:11404): tengo elemento Pidgey
[INFO] 12:04:45:225 team/(11502:11502): obtenemos primer objetivo Pikachu|Pikachu|Squirtle|Pidgey
[INFO] 12:04:45:225 team/(11502:11502): tengo elemento Pikachu
[INFO] 12:04:45:225 team/(11502:11502): tengo elemento Squirtle
[INFO] 12:04:45:225 team/(11502:11502): tengo elemento Pidgey
[INFO] 12:04:45:226 team/(11502:11502): tengo elemento Pikachu
[INFO] 12:04:45:226 team/(11502:11502): tengo elemento Pikachu
[INFO] 12:04:45:226 team/(11502:11502): tengo elemento Squirtle
[INFO] 12:04:45:226 team/(11502:11502): tengo elemento Pidgey
[INFO] 12:04:45:226 team/(11502:11502): llegue
[INFO] 12:04:59:694 team/(11532:11532): obtenemos primer objetivo Pikachu|Pikachu|Squirtle|Pidgey
[INFO] 12:04:59:694 team/(11532:11532): tengo elemento Pikachu
[INFO] 12:04:59:694 team/(11532:11532): tengo elemento Squirtle
[INFO] 12:04:59:694 team/(11532:11532): tengo elemento Pidgey
[INFO] 12:04:59:694 team/(11532:11532): tengo elemento Pikachu
[INFO] 12:04:59:694 team/(11532:11532): tengo elemento Pikachu
[INFO] 12:04:59:694 team/(11532:11532): tengo elemento Squirtle
[INFO] 12:04:59:694 team/(11532:11532): tengo elemento Pidgey
[INFO] 12:04:59:699 team/(11532:11532): llegue
[INFO] 12:05:08:691 team/(11572:11572): obtenemos primer objetivo Pikachu|Pikachu|Squirtle|Pidgey
[INFO] 12:05:08:691 team/(11572:11572): tengo elemento Pikachu
[INFO] 12:05:08:691 team/(11572:11572): tengo elemento Squirtle
[INFO] 12:05:08:692 team/(11572:11572): tengo elemento Pidgey
[INFO] 12:05:08:692 team/(11572:11572): tengo elemento Pikachu
[INFO] 12:05:08:692 team/(11572:11572): tengo elemento Pikachu
[INFO] 12:05:08:692 team/(11572:11572): tengo elemento Squirtle
[INFO] 12:05:08:692 team/(11572:11572): tengo elemento Pidgey
[INFO] 12:05:08:692 team/(11572:11572): llegue
[INFO] 12:05:28:890 team/(11606:11606): obtenemos primer objetivo Pikachu|Pikachu|Squirtle|Pidgey
[INFO] 12:05:28:891 team/(11606:11606): tengo elemento Pikachu
[INFO] 12:05:28:891 team/(11606:11606): tengo elemento Squirtle
[INFO] 12:05:28:892 team/(11606:11606): tengo elemento Pidgey
[INFO] 12:05:28:892 team/(11606:11606): tengo elemento Pikachu
[INFO] 12:05:28:892 team/(11606:11606): tengo elemento Pikachu
[INFO] 12:05:28:892 team/(11606:11606): tengo elemento Squirtle
[INFO] 12:05:28:892 team/(11606:11606): tengo elemento Pidgey
[INFO] 12:05:36:904 team/(11643:11643): obtenemos primer objetivo Pikachu|Pikachu|Squirtle|Pidgey
[INFO] 12:05:36:904 team/(11643:11643): tengo elemento Pikachu
[INFO] 12:05:36:904 team/(11643:11643): tengo elemento Squirtle
[INFO] 12:05:36:904 team/(11643:11643): tengo elemento Pidgey
[INFO] 12:05:36:904 team/(11643:11643): tengo elemento Pikachu
[INFO] 12:05:36:904 team/(11643:11643): tengo elemento Pikachu
[INFO] 12:05:36:904 team/(11643:11643): tengo elemento Squirtle
[INFO] 12:05:36:904 team/(11643:11643): tengo elemento Pidgey
[INFO] 12:05:36:904 team/(11643:11643): llegue2
[INFO] 12:06:28:614 team/(11690:11690): obtenemos primer objetivo Pikachu|Pikachu|Squirtle|Pidgey
[INFO] 12:06:28:615 team/(11690:11690): tengo elemento Pikachu
[INFO] 12:06:28:615 team/(11690:11690): tengo elemento Squirtle
[INFO] 12:06:28:615 team/(11690:11690): tengo elemento Pidgey
[INFO] 12:06:28:615 team/(11690:11690): tengo elemento Pikachu
[INFO] 12:06:28:615 team/(11690:11690): tengo elemento Pikachu
[INFO] 12:06:28:615 team/(11690:11690): tengo elemento Squirtle
[INFO] 12:06:28:616 team/(11690:11690): tengo elemento Pidgey
[INFO] 12:06:28:616 team/(11690:11690): llegue2
[INFO] 12:06:49:612 team/(11725:11725): obtenemos primer objetivo Pikachu|Pikachu|Squirtle|Pidgey
[INFO] 12:06:49:613 team/(11725:11725): tengo elemento Pikachu
[INFO] 12:06:49:613 team/(11725:11725): tengo elemento Squirtle
[INFO] 12:06:49:613 team/(11725:11725): tengo elemento Pidgey
[INFO] 12:06:49:613 team/(11725:11725): tengo elemento Pikachu
[INFO] 12:06:49:613 team/(11725:11725): tengo elemento Pikachu
[INFO] 12:06:49:613 team/(11725:11725): tengo elemento Squirtle
[INFO] 12:06:49:613 team/(11725:11725): tengo elemento Pidgey
[INFO] 12:06:49:613 team/(11725:11725): llegue2
[INFO] 12:06:49:613 team/(11725:11725): 1
[INFO] 12:06:49:613 team/(11725:11725): 2
[INFO] 12:06:49:613 team/(11725:11725): 4
[INFO] 12:06:49:613 team/(11725:11725): entrenador cargado completamente
[INFO] 12:06:49:613 team/(11725:11725): obtenemos primer objetivo Charmander|Pikachu|Charmander
[INFO] 12:06:49:613 team/(11725:11725): tengo elemento Squirtle
[INFO] 12:06:49:613 team/(11725:11725): tengo elemento Charmander
[INFO] 12:06:49:614 team/(11725:11725): tengo elemento Charmander
[INFO] 12:06:49:614 team/(11725:11725): tengo elemento Pikachu
[INFO] 12:06:49:614 team/(11725:11725): tengo elemento Charmander
[INFO] 12:06:49:614 team/(11725:11725): llegue2
[INFO] 12:06:49:614 team/(11725:11725): 3
[INFO] 12:06:49:614 team/(11725:11725): 7
[INFO] 12:06:49:614 team/(11725:11725): 3
[INFO] 12:06:49:614 team/(11725:11725): entrenador cargado completamente
[INFO] 12:06:49:614 team/(11725:11725): obtenemos primer objetivo Squirtle|Bulbasaur
[INFO] 12:06:49:616 team/(11725:11725): tengo elemento Bulbasaur
[INFO] 12:06:49:616 team/(11725:11725): tengo elemento Squirtle
[INFO] 12:06:49:616 team/(11725:11725): tengo elemento Bulbasaur
[INFO] 12:06:49:616 team/(11725:11725): llegue2
[INFO] 12:06:49:616 team/(11725:11725): 5
[INFO] 12:06:49:616 team/(11725:11725): 5
[INFO] 12:06:49:616 team/(11725:11725): 2
[INFO] 12:06:49:616 team/(11725:11725): entrenador cargado completamente
[INFO] 12:06:49:616 team/(11725:11725): lista entrenadores completa
[INFO] 12:06:49:616 team/(11725:11725): La cantidad de objetivos es 9
[INFO] 12:06:49:616 team/(11725:11725): coordenada x 1
[INFO] 12:06:49:616 team/(11725:11725): coordenada y 2
[INFO] 12:06:49:616 team/(11725:11725): objetivo 0 Pikachu
[INFO] 12:06:49:616 team/(11725:11725): objetivo 0 Squirtle
[INFO] 12:06:49:623 team/(11725:11733): encontrado 155009776
[INFO] 12:07:36:588 team/(11803:11803): obtenemos primer objetivo Pikachu|Pikachu|Squirtle|Pidgey
[INFO] 12:07:36:588 team/(11803:11803): tengo elemento Pikachu
[INFO] 12:07:36:588 team/(11803:11803): tengo elemento Squirtle
[INFO] 12:07:36:588 team/(11803:11803): tengo elemento Pidgey
[INFO] 12:07:36:588 team/(11803:11803): tengo elemento Pikachu
[INFO] 12:07:36:588 team/(11803:11803): tengo elemento Pikachu
[INFO] 12:07:36:588 team/(11803:11803): tengo elemento Squirtle
[INFO] 12:07:36:588 team/(11803:11803): tengo elemento Pidgey
[INFO] 12:07:36:588 team/(11803:11803): llegue2
[INFO] 12:07:36:588 team/(11803:11803): 1
[INFO] 12:07:36:588 team/(11803:11803): 2
[INFO] 12:07:36:588 team/(11803:11803): 4
[INFO] 12:07:36:588 team/(11803:11803): entrenador cargado completamente
[INFO] 12:07:36:588 team/(11803:11803): obtenemos primer objetivo Charmander|Pikachu|Charmander
[INFO] 12:07:36:588 team/(11803:11803): tengo elemento Squirtle
[INFO] 12:07:36:588 team/(11803:11803): tengo elemento Charmander
[INFO] 12:07:36:588 team/(11803:11803): tengo elemento Charmander
[INFO] 12:07:36:588 team/(11803:11803): tengo elemento Pikachu
[INFO] 12:07:36:588 team/(11803:11803): tengo elemento Charmander
[INFO] 12:07:36:588 team/(11803:11803): llegue2
[INFO] 12:07:36:588 team/(11803:11803): 3
[INFO] 12:07:36:588 team/(11803:11803): 7
[INFO] 12:07:36:588 team/(11803:11803): 3
[INFO] 12:07:36:588 team/(11803:11803): entrenador cargado completamente
[INFO] 12:07:36:588 team/(11803:11803): obtenemos primer objetivo Squirtle|Bulbasaur
[INFO] 12:07:36:588 team/(11803:11803): tengo elemento Bulbasaur
[INFO] 12:07:36:588 team/(11803:11803): tengo elemento Squirtle
[INFO] 12:07:36:588 team/(11803:11803): tengo elemento Bulbasaur
[INFO] 12:07:36:588 team/(11803:11803): llegue2
[INFO] 12:07:36:588 team/(11803:11803): 5
[INFO] 12:07:36:588 team/(11803:11803): 5
[INFO] 12:07:36:588 team/(11803:11803): 2
[INFO] 12:07:36:588 team/(11803:11803): entrenador cargado completamente
[INFO] 12:07:36:588 team/(11803:11803): lista entrenadores completa
[INFO] 12:07:36:588 team/(11803:11803): La cantidad de objetivos es 9
[INFO] 12:07:36:589 team/(11803:11803): coordenada x 1
[INFO] 12:07:36:589 team/(11803:11803): coordenada y 2
[INFO] 12:07:36:589 team/(11803:11803): objetivo 0 Pikachu
[INFO] 12:07:36:589 team/(11803:11803): objetivo 0 Squirtle
[INFO] 12:07:36:589 team/(11803:11811): encontrado 162190064
[INFO] 12:08:39:792 team/(11868:11868): obtenemos primer objetivo Pikachu|Pikachu|Squirtle|Pidgey
[INFO] 12:08:39:792 team/(11868:11868): tengo elemento Pikachu
[INFO] 12:08:39:792 team/(11868:11868): tengo elemento Squirtle
[INFO] 12:08:39:792 team/(11868:11868): tengo elemento Pidgey
[INFO] 12:08:39:792 team/(11868:11868): tengo elemento Pikachu
[INFO] 12:08:39:792 team/(11868:11868): tengo elemento Pikachu
[INFO] 12:08:39:792 team/(11868:11868): tengo elemento Squirtle
[INFO] 12:08:39:792 team/(11868:11868): tengo elemento Pidgey
[INFO] 12:08:39:792 team/(11868:11868): llegue2
[INFO] 12:08:39:792 team/(11868:11868): 1
[INFO] 12:08:39:792 team/(11868:11868): 2
[INFO] 12:08:39:792 team/(11868:11868): 4
[INFO] 12:08:39:792 team/(11868:11868): entrenador cargado completamente
[INFO] 12:08:39:792 team/(11868:11868): obtenemos primer objetivo Charmander|Pikachu|Charmander
[INFO] 12:08:39:792 team/(11868:11868): tengo elemento Squirtle
[INFO] 12:08:39:792 team/(11868:11868): tengo elemento Charmander
[INFO] 12:08:39:792 team/(11868:11868): tengo elemento Charmander
[INFO] 12:08:39:792 team/(11868:11868): tengo elemento Pikachu
[INFO] 12:08:39:792 team/(11868:11868): tengo elemento Charmander
[INFO] 12:08:39:793 team/(11868:11868): llegue2
[INFO] 12:08:39:793 team/(11868:11868): 3
[INFO] 12:08:39:793 team/(11868:11868): 7
[INFO] 12:08:39:793 team/(11868:11868): 3
[INFO] 12:08:39:793 team/(11868:11868): entrenador cargado completamente
[INFO] 12:08:39:793 team/(11868:11868): obtenemos primer objetivo Squirtle|Bulbasaur
[INFO] 12:08:39:793 team/(11868:11868): tengo elemento Bulbasaur
[INFO] 12:08:39:793 team/(11868:11868): tengo elemento Squirtle
[INFO] 12:08:39:793 team/(11868:11868): tengo elemento Bulbasaur
[INFO] 12:08:39:793 team/(11868:11868): llegue2
[INFO] 12:08:39:793 team/(11868:11868): 5
[INFO] 12:08:39:793 team/(11868:11868): 5
[INFO] 12:08:39:793 team/(11868:11868): 2
[INFO] 12:08:39:793 team/(11868:11868): entrenador cargado completamente
[INFO] 12:08:39:793 team/(11868:11868): lista entrenadores completa
[INFO] 12:08:39:793 team/(11868:11868): La cantidad de objetivos es 9
[INFO] 12:08:39:793 team/(11868:11868): coordenada x 1
[INFO] 12:08:39:793 team/(11868:11868): coordenada y 2
[INFO] 12:08:39:793 team/(11868:11868): objetivo 0 Pikachu
[INFO] 12:08:39:793 team/(11868:11868): objetivo 0 Squirtle
[INFO] 12:08:39:793 team/(11868:11868): despues de esto?
[ERROR] 12:08:39:800 team/(11868:11873): error: No se recibió el código de operación
[INFO] 12:08:39:800 team/(11868:11876): encontrado 163427056
[ERROR] 12:08:39:800 team/(11868:11873): error: No se recibió el tamaño del pokemon
[ERROR] 12:08:39:800 team/(11868:11873): error: No se recibió el nombre del pokemon
[ERROR] 12:08:39:800 team/(11868:11873): error: No se pudo recibir la coordenada X
[ERROR] 12:08:39:800 team/(11868:11873): error: No se pudo recibir la coordenada Y
[INFO] 12:08:39:800 team/(11868:11873): encontrado 9
[INFO] 12:08:39:800 team/(11868:11873): encontrado Pikachu
[INFO] 12:08:39:800 team/(11868:11873): encontrado Squirtle
[INFO] 12:08:39:800 team/(11868:11873): encontrado Pidgey
[INFO] 12:08:39:800 team/(11868:11873): encontrado Charmander
[INFO] 12:08:39:800 team/(11868:11873): encontrado Pikachu
[INFO] 12:08:39:800 team/(11868:11873): encontrado Charmander
[INFO] 12:08:39:800 team/(11868:11873): encontrado Squirtle
[INFO] 12:08:39:800 team/(11868:11873): encontrado Bulbasaur
[INFO] 12:11:25:411 team/(11989:11989): obtenemos primer objetivo Pikachu|Pikachu|Squirtle|Pidgey
[INFO] 12:11:25:411 team/(11989:11989): tengo elemento Pikachu
[INFO] 12:11:25:412 team/(11989:11989): tengo elemento Squirtle
[INFO] 12:11:25:412 team/(11989:11989): tengo elemento Pidgey
[INFO] 12:11:25:412 team/(11989:11989): tengo elemento Pikachu
[INFO] 12:11:25:412 team/(11989:11989): tengo elemento Pikachu
[INFO] 12:11:25:412 team/(11989:11989): tengo elemento Squirtle
[INFO] 12:11:25:412 team/(11989:11989): tengo elemento Pidgey
[INFO] 12:11:25:412 team/(11989:11989): llegue2
[INFO] 12:11:25:412 team/(11989:11989): 1
[INFO] 12:11:25:412 team/(11989:11989): 2
[INFO] 12:11:25:412 team/(11989:11989): 4
[INFO] 12:11:25:412 team/(11989:11989): entrenador cargado completamente
[INFO] 12:11:25:412 team/(11989:11989): obtenemos primer objetivo Charmander|Pikachu|Charmander
[INFO] 12:11:25:412 team/(11989:11989): tengo elemento Squirtle
[INFO] 12:11:25:413 team/(11989:11989): tengo elemento Charmander
[INFO] 12:11:25:413 team/(11989:11989): tengo elemento Charmander
[INFO] 12:11:25:413 team/(11989:11989): tengo elemento Pikachu
[INFO] 12:11:25:413 team/(11989:11989): tengo elemento Charmander
[INFO] 12:11:25:413 team/(11989:11989): llegue2
[INFO] 12:11:25:413 team/(11989:11989): 3
[INFO] 12:11:25:413 team/(11989:11989): 7
[INFO] 12:11:25:413 team/(11989:11989): 3
[INFO] 12:11:25:413 team/(11989:11989): entrenador cargado completamente
[INFO] 12:11:25:413 team/(11989:11989): obtenemos primer objetivo Squirtle|Bulbasaur
[INFO] 12:11:25:413 team/(11989:11989): tengo elemento Bulbasaur
[INFO] 12:11:25:413 team/(11989:11989): tengo elemento Squirtle
[INFO] 12:11:25:413 team/(11989:11989): tengo elemento Bulbasaur
[INFO] 12:11:25:413 team/(11989:11989): llegue2
[INFO] 12:11:25:413 team/(11989:11989): 5
[INFO] 12:11:25:413 team/(11989:11989): 5
[INFO] 12:11:25:413 team/(11989:11989): 2
[INFO] 12:11:25:413 team/(11989:11989): entrenador cargado completamente
[INFO] 12:11:25:413 team/(11989:11989): lista entrenadores completa
[INFO] 12:11:25:413 team/(11989:11989): La cantidad de objetivos es 9
[INFO] 12:11:25:413 team/(11989:11989): coordenada x 1
[INFO] 12:11:25:413 team/(11989:11989): coordenada y 2
[INFO] 12:11:25:413 team/(11989:11989): objetivo 0 Pikachu
[INFO] 12:11:25:413 team/(11989:11989): objetivo 0 Squirtle
[INFO] 12:11:25:413 team/(11989:11989): despues de esto?
[INFO] 12:11:25:413 team/(11989:11997): encontrado 154354416
[INFO] 12:11:34:307 team/(12007:12007): obtenemos primer objetivo Pikachu|Pikachu|Squirtle|Pidgey
[INFO] 12:11:34:307 team/(12007:12007): tengo elemento Pikachu
[INFO] 12:11:34:307 team/(12007:12007): tengo elemento Squirtle
[INFO] 12:11:34:307 team/(12007:12007): tengo elemento Pidgey
[INFO] 12:11:34:307 team/(12007:12007): tengo elemento Pikachu
[INFO] 12:11:34:308 team/(12007:12007): tengo elemento Pikachu
[INFO] 12:11:34:308 team/(12007:12007): tengo elemento Squirtle
[INFO] 12:11:34:308 team/(12007:12007): tengo elemento Pidgey
[INFO] 12:11:34:309 team/(12007:12007): llegue2
[INFO] 12:11:34:309 team/(12007:12007): 1
[INFO] 12:11:34:310 team/(12007:12007): 2
[INFO] 12:11:34:310 team/(12007:12007): 4
[INFO] 12:11:34:310 team/(12007:12007): entrenador cargado completamente
[INFO] 12:11:34:310 team/(12007:12007): obtenemos primer objetivo Charmander|Pikachu|Charmander
[INFO] 12:11:34:310 team/(12007:12007): tengo elemento Squirtle
[INFO] 12:11:34:310 team/(12007:12007): tengo elemento Charmander
[INFO] 12:11:34:310 team/(12007:12007): tengo elemento Charmander
[INFO] 12:11:34:310 team/(12007:12007): tengo elemento Pikachu
[INFO] 12:11:34:310 team/(12007:12007): tengo elemento Charmander
[INFO] 12:11:34:311 team/(12007:12007): llegue2
[INFO] 12:11:34:311 team/(12007:12007): 3
[INFO] 12:11:34:311 team/(12007:12007): 7
[INFO] 12:11:34:312 team/(12007:12007): 3
[INFO] 12:11:34:312 team/(12007:12007): entrenador cargado completamente
[INFO] 12:11:34:312 team/(12007:12007): obtenemos primer objetivo Squirtle|Bulbasaur
[INFO] 12:11:34:312 team/(12007:12007): tengo elemento Bulbasaur
[INFO] 12:11:34:313 team/(12007:12007): tengo elemento Squirtle
[INFO] 12:11:34:313 team/(12007:12007): tengo elemento Bulbasaur
[INFO] 12:11:34:313 team/(12007:12007): llegue2
[INFO] 12:11:34:313 team/(12007:12007): 5
[INFO] 12:11:34:313 team/(12007:12007): 5
[INFO] 12:11:34:314 team/(12007:12007): 2
[INFO] 12:11:34:314 team/(12007:12007): entrenador cargado completamente
[INFO] 12:11:34:314 team/(12007:12007): lista entrenadores completa
[INFO] 12:11:34:314 team/(12007:12007): La cantidad de objetivos es 9
[INFO] 12:11:34:315 team/(12007:12007): coordenada x 1
[INFO] 12:11:34:315 team/(12007:12007): coordenada y 2
[INFO] 12:11:34:315 team/(12007:12007): objetivo 0 Pikachu
[INFO] 12:11:34:315 team/(12007:12007): objetivo 0 Squirtle
[INFO] 12:11:34:315 team/(12007:12007): despues de esto?
[INFO] 12:11:34:316 team/(12007:12015): encontrado 167080688
[INFO] 12:13:58:665 team/(12095:12095): obtenemos primer objetivo Pikachu|Pikachu|Squirtle|Pidgey
[INFO] 12:13:58:665 team/(12095:12095): tengo elemento Pikachu
[INFO] 12:13:58:666 team/(12095:12095): tengo elemento Squirtle
[INFO] 12:13:58:666 team/(12095:12095): tengo elemento Pidgey
[INFO] 12:13:58:666 team/(12095:12095): tengo elemento Pikachu
[INFO] 12:13:58:666 team/(12095:12095): tengo elemento Pikachu
[INFO] 12:13:58:666 team/(12095:12095): tengo elemento Squirtle
[INFO] 12:13:58:666 team/(12095:12095): tengo elemento Pidgey
[INFO] 12:13:58:666 team/(12095:12095): llegue2
[INFO] 12:13:58:666 team/(12095:12095): 1
[INFO] 12:13:58:666 team/(12095:12095): 2
[INFO] 12:13:58:666 team/(12095:12095): 4
[INFO] 12:13:58:667 team/(12095:12095): entrenador cargado completamente
[INFO] 12:13:58:667 team/(12095:12095): obtenemos primer objetivo Charmander|Pikachu|Charmander
[INFO] 12:13:58:667 team/(12095:12095): tengo elemento Squirtle
[INFO] 12:13:58:667 team/(12095:12095): tengo elemento Charmander
[INFO] 12:13:58:668 team/(12095:12095): tengo elemento Charmander
[INFO] 12:13:58:668 team/(12095:12095): tengo elemento Pikachu
[INFO] 12:13:58:668 team/(12095:12095): tengo elemento Charmander
[INFO] 12:13:58:668 team/(12095:12095): llegue2
[INFO] 12:13:58:668 team/(12095:12095): 3
[INFO] 12:13:58:668 team/(12095:12095): 7
[INFO] 12:13:58:668 team/(12095:12095): 3
[INFO] 12:13:58:668 team/(12095:12095): entrenador cargado completamente
[INFO] 12:13:58:668 team/(12095:12095): obtenemos primer objetivo Squirtle|Bulbasaur
[INFO] 12:13:58:668 team/(12095:12095): tengo elemento Bulbasaur
[INFO] 12:13:58:668 team/(12095:12095): tengo elemento Squirtle
[INFO] 12:13:58:669 team/(12095:12095): tengo elemento Bulbasaur
[INFO] 12:13:58:669 team/(12095:12095): llegue2
[INFO] 12:13:58:669 team/(12095:12095): 5
[INFO] 12:13:58:669 team/(12095:12095): 5
[INFO] 12:13:58:669 team/(12095:12095): 2
[INFO] 12:13:58:669 team/(12095:12095): entrenador cargado completamente
[INFO] 12:13:58:669 team/(12095:12095): lista entrenadores completa
[INFO] 12:13:58:669 team/(12095:12095): La cantidad de objetivos es 9
[INFO] 12:13:58:669 team/(12095:12095): coordenada x 1
[INFO] 12:13:58:669 team/(12095:12095): coordenada y 2
[INFO] 12:13:58:669 team/(12095:12095): objetivo 0 Pikachu
[INFO] 12:13:58:670 team/(12095:12095): objetivo 0 Squirtle
[INFO] 12:13:58:670 team/(12095:12095): despues de esto?
[ERROR] 12:13:58:670 team/(12095:12100): error: No se recibió el código de operación
[ERROR] 12:13:58:671 team/(12095:12100): error: No se recibió el tamaño del pokemon
[ERROR] 12:13:58:671 team/(12095:12100): error: No se recibió el nombre del pokemon
[ERROR] 12:13:58:671 team/(12095:12100): error: No se pudo recibir la coordenada X
[ERROR] 12:13:58:671 team/(12095:12100): error: No se pudo recibir la coordenada Y
[INFO] 12:13:58:671 team/(12095:12100): encontrado 9
[INFO] 12:13:58:672 team/(12095:12100): encontrado Pikachu
[INFO] 12:13:58:672 team/(12095:12100): encontrado Squirtle
[INFO] 12:13:58:672 team/(12095:12100): encontrado Pidgey
[INFO] 12:13:58:672 team/(12095:12100): encontrado Charmander
[INFO] 12:13:58:678 team/(12095:12103): encontrado 161129200
[INFO] 12:13:58:678 team/(12095:12100): encontrado Pikachu
[INFO] 12:13:58:678 team/(12095:12100): encontrado Charmander
[INFO] 12:13:58:678 team/(12095:12100): encontrado Squirtle
[INFO] 12:13:58:678 team/(12095:12100): encontrado Bulbasaur
[INFO] 13:10:04:375 team/(13212:13212): obtenemos primer objetivo Pikachu|Pikachu|Squirtle|Pidgey
[INFO] 13:10:04:376 team/(13212:13212): tengo elemento Pikachu
[INFO] 13:10:04:376 team/(13212:13212): tengo elemento Squirtle
[INFO] 13:10:04:376 team/(13212:13212): tengo elemento Pidgey
[INFO] 13:10:04:376 team/(13212:13212): tengo elemento Pikachu
[INFO] 13:10:04:376 team/(13212:13212): tengo elemento Pikachu
[INFO] 13:10:04:377 team/(13212:13212): tengo elemento Squirtle
[INFO] 13:10:04:378 team/(13212:13212): tengo elemento Pidgey
[INFO] 13:10:04:378 team/(13212:13212): llegue2
[INFO] 13:10:04:378 team/(13212:13212): 1
[INFO] 13:10:04:381 team/(13212:13212): 2
[INFO] 13:10:04:381 team/(13212:13212): 4
[INFO] 13:10:04:381 team/(13212:13212): entrenador cargado completamente
[INFO] 13:10:04:382 team/(13212:13212): obtenemos primer objetivo Charmander|Pikachu|Charmander
[INFO] 13:10:04:382 team/(13212:13212): tengo elemento Squirtle
[INFO] 13:10:04:382 team/(13212:13212): tengo elemento Charmander
[INFO] 13:10:04:382 team/(13212:13212): tengo elemento Charmander
[INFO] 13:10:04:383 team/(13212:13212): tengo elemento Pikachu
[INFO] 13:10:04:383 team/(13212:13212): tengo elemento Charmander
[INFO] 13:10:04:385 team/(13212:13212): llegue2
[INFO] 13:10:04:386 team/(13212:13212): 3
[INFO] 13:10:04:386 team/(13212:13212): 7
[INFO] 13:10:04:386 team/(13212:13212): 3
[INFO] 13:10:04:386 team/(13212:13212): entrenador cargado completamente
[INFO] 13:10:04:387 team/(13212:13212): obtenemos primer objetivo Squirtle|Bulbasaur
[INFO] 13:10:04:388 team/(13212:13212): tengo elemento Bulbasaur
[INFO] 13:10:04:388 team/(13212:13212): tengo elemento Squirtle
[INFO] 13:10:04:389 team/(13212:13212): tengo elemento Bulbasaur
[INFO] 13:10:04:389 team/(13212:13212): llegue2
[INFO] 13:10:04:389 team/(13212:13212): 5
[INFO] 13:10:04:389 team/(13212:13212): 5
[INFO] 13:10:04:391 team/(13212:13212): 2
[INFO] 13:10:04:391 team/(13212:13212): entrenador cargado completamente
[INFO] 13:10:04:391 team/(13212:13212): lista entrenadores completa
[INFO] 13:10:04:391 team/(13212:13212): La cantidad de objetivos es 9
[INFO] 13:10:04:391 team/(13212:13212): coordenada x 1
[INFO] 13:10:04:392 team/(13212:13212): coordenada y 2
[INFO] 13:10:04:392 team/(13212:13212): objetivo 0 Pikachu
[INFO] 13:10:04:392 team/(13212:13212): objetivo 0 Squirtle
[INFO] 13:10:04:392 team/(13212:13212): despues de esto?
[ERROR] 13:10:04:392 team/(13212:13217): error: No se recibió el código de operación
[ERROR] 13:10:04:392 team/(13212:13217): error: No se recibió el tamaño del pokemon
[ERROR] 13:10:04:392 team/(13212:13217): error: No se recibió el nombre del pokemon
[ERROR] 13:10:04:392 team/(13212:13217): error: No se pudo recibir la coordenada X
[ERROR] 13:10:04:392 team/(13212:13217): error: No se pudo recibir la coordenada Y
[INFO] 13:10:04:392 team/(13212:13217): encontrado 9
[INFO] 13:10:04:392 team/(13212:13217): encontrado Pikachu
[INFO] 13:10:04:393 team/(13212:13217): encontrado Squirtle
[INFO] 13:10:04:393 team/(13212:13217): encontrado Pidgey
[INFO] 13:10:04:393 team/(13212:13217): encontrado Charmander
[INFO] 13:10:04:393 team/(13212:13217): encontrado Pikachu
[INFO] 13:10:04:393 team/(13212:13217): encontrado Charmander
[INFO] 13:10:04:393 team/(13212:13217): encontrado Squirtle
[INFO] 13:10:04:393 team/(13212:13217): encontrado Bulbasaur
[INFO] 13:15:56:117 team/(13304:13304): obtenemos primer objetivo Pikachu|Pikachu|Squirtle|Pidgey
[INFO] 13:15:56:117 team/(13304:13304): tengo elemento Pikachu
[INFO] 13:15:56:120 team/(13304:13304): tengo elemento Squirtle
[INFO] 13:15:56:120 team/(13304:13304): tengo elemento Pidgey
[INFO] 13:15:56:120 team/(13304:13304): cargado entrenador
[INFO] 13:15:56:120 team/(13304:13304): tengo elemento Pikachu
[INFO] 13:15:56:120 team/(13304:13304): tengo elemento Pikachu
[INFO] 13:15:56:120 team/(13304:13304): tengo elemento Squirtle
[INFO] 13:15:56:120 team/(13304:13304): tengo elemento Pidgey
[INFO] 13:15:56:120 team/(13304:13304): llegue2
[INFO] 13:15:56:120 team/(13304:13304): 1
[INFO] 13:15:56:120 team/(13304:13304): 2
[INFO] 13:15:56:120 team/(13304:13304): 4
[INFO] 13:15:56:120 team/(13304:13304): entrenador cargado completamente
[INFO] 13:15:56:120 team/(13304:13304): obtenemos primer objetivo Charmander|Pikachu|Charmander
[INFO] 13:15:56:120 team/(13304:13304): tengo elemento Squirtle
[INFO] 13:15:56:120 team/(13304:13304): tengo elemento Charmander
[INFO] 13:15:56:120 team/(13304:13304): cargado entrenador
[INFO] 13:15:56:120 team/(13304:13304): tengo elemento Charmander
[INFO] 13:15:56:120 team/(13304:13304): tengo elemento Pikachu
[INFO] 13:15:56:121 team/(13304:13304): tengo elemento Charmander
[INFO] 13:15:56:121 team/(13304:13304): llegue2
[INFO] 13:15:56:121 team/(13304:13304): 3
[INFO] 13:15:56:121 team/(13304:13304): 7
[INFO] 13:15:56:121 team/(13304:13304): 3
[INFO] 13:15:56:121 team/(13304:13304): entrenador cargado completamente
[INFO] 13:15:56:121 team/(13304:13304): obtenemos primer objetivo Squirtle|Bulbasaur
[INFO] 13:15:56:121 team/(13304:13304): tengo elemento Bulbasaur
[INFO] 13:15:56:121 team/(13304:13304): cargado entrenador
[INFO] 13:15:56:121 team/(13304:13304): tengo elemento Squirtle
[INFO] 13:15:56:121 team/(13304:13304): tengo elemento Bulbasaur
[INFO] 13:15:56:121 team/(13304:13304): llegue2
[INFO] 13:15:56:121 team/(13304:13304): 5
[INFO] 13:15:56:121 team/(13304:13304): 5
[INFO] 13:15:56:121 team/(13304:13304): 2
[INFO] 13:15:56:121 team/(13304:13304): entrenador cargado completamente
[INFO] 13:15:56:121 team/(13304:13304): lista entrenadores completa
[INFO] 13:15:56:121 team/(13304:13304): La cantidad de objetivos es 9
[INFO] 13:15:56:121 team/(13304:13304): coordenada x 1
[INFO] 13:15:56:121 team/(13304:13304): coordenada y 2
[INFO] 13:15:56:121 team/(13304:13304): objetivo 0 Pikachu
[INFO] 13:15:56:121 team/(13304:13304): objetivo 0 Squirtle
[INFO] 13:15:56:122 team/(13304:13304): despues de esto?
[INFO] 13:15:56:123 team/(13304:13312): encontrado 165630704
[INFO] 13:54:22:627 team/(14534:14534): obtenemos primer objetivo Pikachu|Pikachu|Squirtle|Pidgey
[INFO] 13:54:22:627 team/(14534:14534): tengo elemento Pikachu
[INFO] 13:54:22:627 team/(14534:14534): tengo elemento Squirtle
[INFO] 13:54:22:627 team/(14534:14534): tengo elemento Pidgey
[INFO] 13:54:22:628 team/(14534:14534): cargado entrenador
[INFO] 13:54:22:628 team/(14534:14534): tengo elemento Pikachu
[INFO] 13:54:22:628 team/(14534:14534): tengo elemento Pikachu
[INFO] 13:54:22:628 team/(14534:14534): tengo elemento Squirtle
[INFO] 13:54:22:628 team/(14534:14534): tengo elemento Pidgey
[INFO] 13:54:22:628 team/(14534:14534): llegue2
[INFO] 13:54:22:628 team/(14534:14534): 1
[INFO] 13:54:22:628 team/(14534:14534): 2
[INFO] 13:54:22:628 team/(14534:14534): 4
[INFO] 13:54:22:628 team/(14534:14534): entrenador cargado completamente
[INFO] 13:54:22:628 team/(14534:14534): obtenemos primer objetivo Charmander|Pikachu|Charmander
[INFO] 13:54:22:628 team/(14534:14534): tengo elemento Squirtle
[INFO] 13:54:22:628 team/(14534:14534): tengo elemento Charmander
[INFO] 13:54:22:628 team/(14534:14534): cargado entrenador
[INFO] 13:54:22:628 team/(14534:14534): tengo elemento Charmander
[INFO] 13:54:22:628 team/(14534:14534): tengo elemento Pikachu
[INFO] 13:54:22:628 team/(14534:14534): tengo elemento Charmander
[INFO] 13:54:22:628 team/(14534:14534): llegue2
[INFO] 13:54:22:628 team/(14534:14534): 3
[INFO] 13:54:22:628 team/(14534:14534): 7
[INFO] 13:54:22:628 team/(14534:14534): 3
[INFO] 13:54:22:628 team/(14534:14534): entrenador cargado completamente
[INFO] 13:54:22:628 team/(14534:14534): obtenemos primer objetivo Squirtle|Bulbasaur
[INFO] 13:54:22:628 team/(14534:14534): tengo elemento Bulbasaur
[INFO] 13:54:22:628 team/(14534:14534): cargado entrenador
[INFO] 13:54:22:628 team/(14534:14534): tengo elemento Squirtle
[INFO] 13:54:22:628 team/(14534:14534): tengo elemento Bulbasaur
[INFO] 13:54:22:628 team/(14534:14534): llegue2
[INFO] 13:54:22:628 team/(14534:14534): 5
[INFO] 13:54:22:628 team/(14534:14534): 5
[INFO] 13:54:22:628 team/(14534:14534): 2
[INFO] 13:54:22:628 team/(14534:14534): entrenador cargado completamente
[INFO] 13:54:22:628 team/(14534:14534): lista entrenadores completa
[INFO] 13:54:22:629 team/(14534:14534): La cantidad de objetivos es 9
[INFO] 13:54:22:629 team/(14534:14534): coordenada x 1
[INFO] 13:54:22:629 team/(14534:14534): coordenada y 2
[INFO] 13:54:22:629 team/(14534:14534): objetivo 0 Pikachu
[INFO] 13:54:22:629 team/(14534:14534): objetivo 0 Squirtle
[INFO] 13:54:22:629 team/(14534:14534): despues de esto?
[INFO] 13:54:22:629 team/(14534:14542): encontrado 167117552
