[INFO] 10:44:30:51 GameCard/(2977:2977): Lenavando el Tall Grass
[ERROR] 10:44:30:54 GameCard/(2977:2977): Ya existe el BitMap
[INFO] 10:44:30:54 GameCard/(2977:2977): Punto de montaje del directorio Metadata es: /home/utnso/Escritorio/tall-grass/Metadata
[INFO] 10:44:30:54 GameCard/(2977:2977): El BitMap se encuentra en: /home/utnso/Escritorio/tall-grass/Metadata/BitMap.bin
[INFO] 10:44:30:54 GameCard/(2977:2977): Punto de montaje del directorio Files es: /home/utnso/Escritorio/tall-grass/Files
[INFO] 10:44:30:54 GameCard/(2977:2977): Punto de montaje del directorio Blocks es: /home/utnso/Escritorio/tall-grass/Blocks
[INFO] 10:44:30:60 GameCard/(2977:2981): Escuchando GET de BROKER en socket: 9
[INFO] 10:44:30:60 GameCard/(2977:2980): Escuchando CATCH de BROKER en socket: 8
[INFO] 10:44:30:60 GameCard/(2977:2979): Escuchando NEW de BROKER en socket: 7
[INFO] 10:44:40:61 GameCard/(2977:2982): Conexion con BROKER en buen estado, verificando nuevamente en 10 segundos
[INFO] 10:44:50:62 GameCard/(2977:2982): Conexion con BROKER en buen estado, verificando nuevamente en 10 segundos
[INFO] 10:45:00:63 GameCard/(2977:2982): Conexion con BROKER en buen estado, verificando nuevamente en 10 segundos
[INFO] 10:45:05:291 GameCard/(2977:2979): El metadata del pokemon fue actualizado
[INFO] 10:45:05:291 GameCard/(2977:2979): SIZE = 6
[INFO] 10:45:05:291 GameCard/(2977:2979): BLOCKS = [0]
[INFO] 10:45:10:63 GameCard/(2977:2982): Conexion con BROKER en buen estado, verificando nuevamente en 10 segundos
[INFO] 10:45:10:293 GameCard/(2977:2979): Enviando APPEARED por socket: 11
[INFO] 10:45:10:293 GameCard/(2977:2979): APPEARED enviado
[INFO] 10:45:10:303 GameCard/(2977:2979): El metadata del pokemon fue actualizado
[INFO] 10:45:10:303 GameCard/(2977:2979): SIZE = 6
[INFO] 10:45:10:303 GameCard/(2977:2979): BLOCKS = [1]
[INFO] 10:45:15:305 GameCard/(2977:2979): Enviando APPEARED por socket: 11
[INFO] 10:45:15:306 GameCard/(2977:2979): APPEARED enviado
[INFO] 10:45:15:317 GameCard/(2977:2979): El metadata del pokemon fue actualizado
[INFO] 10:45:15:317 GameCard/(2977:2979): SIZE = 6
[INFO] 10:45:15:317 GameCard/(2977:2979): BLOCKS = [2]
[INFO] 10:45:20:64 GameCard/(2977:2982): Conexion con BROKER en buen estado, verificando nuevamente en 10 segundos
[INFO] 10:45:20:320 GameCard/(2977:2979): Enviando APPEARED por socket: 11
[INFO] 10:45:20:321 GameCard/(2977:2979): APPEARED enviado
[INFO] 10:45:20:327 GameCard/(2977:2979): El metadata del pokemon fue actualizado
[INFO] 10:45:20:327 GameCard/(2977:2979): SIZE = 6
[INFO] 10:45:20:327 GameCard/(2977:2979): BLOCKS = [3]
[INFO] 10:45:25:330 GameCard/(2977:2979): Enviando APPEARED por socket: 11
[INFO] 10:45:25:331 GameCard/(2977:2979): APPEARED enviado
[INFO] 10:45:30:65 GameCard/(2977:2982): Conexion con BROKER en buen estado, verificando nuevamente en 10 segundos
[INFO] 10:45:40:65 GameCard/(2977:2982): Conexion con BROKER en buen estado, verificando nuevamente en 10 segundos
[INFO] 10:45:50:66 GameCard/(2977:2982): Conexion con BROKER en buen estado, verificando nuevamente en 10 segundos
[INFO] 10:46:00:66 GameCard/(2977:2982): Conexion con BROKER en buen estado, verificando nuevamente en 10 segundos
[INFO] 10:46:10:67 GameCard/(2977:2982): Conexion con BROKER en buen estado, verificando nuevamente en 10 segundos
[INFO] 10:46:12:715 GameCard/(2977:2981): Obteniendo las posiciones en las que se encuentra el pokemon
[INFO] 10:46:12:716 GameCard/(2977:2981): Las coordenadas encontradas son: 9-9
[INFO] 10:46:17:725 GameCard/(2977:2981): Enviando LOCALIZED por socket: 11
[INFO] 10:46:17:725 GameCard/(2977:2981): LOCALIZED enviado
[INFO] 10:46:17:725 GameCard/(2977:2981): Obteniendo las posiciones en las que se encuentra el pokemon
[INFO] 10:46:17:725 GameCard/(2977:2981): Las coordenadas encontradas son: 5-2
[INFO] 10:46:20:74 GameCard/(2977:2982): Conexion con BROKER en buen estado, verificando nuevamente en 10 segundos
[INFO] 10:46:22:727 GameCard/(2977:2981): Enviando LOCALIZED por socket: 11
[INFO] 10:46:22:727 GameCard/(2977:2981): LOCALIZED enviado
[INFO] 10:46:22:801 GameCard/(2977:2981): Obteniendo las posiciones en las que se encuentra el pokemon
[INFO] 10:46:27:805 GameCard/(2977:2981): Enviando LOCALIZED por socket: 11
[INFO] 10:46:27:805 GameCard/(2977:2981): LOCALIZED enviado
[INFO] 10:46:27:808 GameCard/(2977:2981): Obteniendo las posiciones en las que se encuentra el pokemon
[INFO] 10:46:30:76 GameCard/(2977:2982): Conexion con BROKER en buen estado, verificando nuevamente en 10 segundos
[INFO] 10:46:32:815 GameCard/(2977:2981): Enviando LOCALIZED por socket: 11
[INFO] 10:46:32:815 GameCard/(2977:2981): LOCALIZED enviado
[INFO] 10:46:32:816 GameCard/(2977:2981): Obteniendo las posiciones en las que se encuentra el pokemon
[INFO] 10:46:32:816 GameCard/(2977:2981): Las coordenadas encontradas son: 5-2
[INFO] 10:46:37:826 GameCard/(2977:2981): Enviando LOCALIZED por socket: 11
[INFO] 10:46:37:826 GameCard/(2977:2981): LOCALIZED enviado
[INFO] 10:46:37:828 GameCard/(2977:2981): Obteniendo las posiciones en las que se encuentra el pokemon
[INFO] 10:46:40:79 GameCard/(2977:2982): Conexion con BROKER en buen estado, verificando nuevamente en 10 segundos
[INFO] 10:46:42:836 GameCard/(2977:2981): Enviando LOCALIZED por socket: 11
[INFO] 10:46:42:836 GameCard/(2977:2981): LOCALIZED enviado
[INFO] 10:46:42:838 GameCard/(2977:2981): Obteniendo las posiciones en las que se encuentra el pokemon
[INFO] 10:46:47:846 GameCard/(2977:2981): Enviando LOCALIZED por socket: 11
[INFO] 10:46:47:846 GameCard/(2977:2981): LOCALIZED enviado
[INFO] 10:46:47:856 GameCard/(2977:2981): Obteniendo las posiciones en las que se encuentra el pokemon
[INFO] 10:46:47:856 GameCard/(2977:2981): Las coordenadas encontradas son: 9-9
[INFO] 10:46:50:85 GameCard/(2977:2982): Conexion con BROKER en buen estado, verificando nuevamente en 10 segundos
[INFO] 10:46:52:866 GameCard/(2977:2981): Enviando LOCALIZED por socket: 11
[INFO] 10:46:52:866 GameCard/(2977:2981): LOCALIZED enviado
[INFO] 10:47:00:86 GameCard/(2977:2982): Conexion con BROKER en buen estado, verificando nuevamente en 10 segundos
[INFO] 10:47:10:86 GameCard/(2977:2982): Conexion con BROKER en buen estado, verificando nuevamente en 10 segundos
[INFO] 10:47:20:96 GameCard/(2977:2982): Conexion con BROKER en buen estado, verificando nuevamente en 10 segundos
[INFO] 10:47:22:827 GameCard/(2977:2980): La coordenada 9-9 fue encontrada
[INFO] 10:47:22:827 GameCard/(2977:2980): La coordenada 9-9 tiene unicamente 1 posicion
[INFO] 10:47:22:827 GameCard/(2977:2980): La coordenada 9-9 se borra
[INFO] 10:47:22:827 GameCard/(2977:2980): El metadata del pokemon no tiene mas registros. SIZE = 0 y BLOCKS = [] 
[INFO] 10:47:27:836 GameCard/(2977:2980): Enviando CAUGHT por socket: 11
[INFO] 10:47:27:836 GameCard/(2977:2980): CAUGHT enviado
[INFO] 10:47:30:144 GameCard/(2977:2982): Conexion con BROKER en buen estado, verificando nuevamente en 10 segundos
[INFO] 10:47:37:847 GameCard/(2977:2980): La coordenada 5-2 fue encontrada
[INFO] 10:47:37:847 GameCard/(2977:2980): La coordenada 5-2 tiene unicamente 1 posicion
[INFO] 10:47:37:847 GameCard/(2977:2980): La coordenada 5-2 se borra
[INFO] 10:47:37:847 GameCard/(2977:2980): El metadata del pokemon no tiene mas registros. SIZE = 0 y BLOCKS = [] 
[INFO] 10:47:40:146 GameCard/(2977:2982): Conexion con BROKER en buen estado, verificando nuevamente en 10 segundos
[INFO] 10:47:42:856 GameCard/(2977:2980): Enviando CAUGHT por socket: 11
[INFO] 10:47:42:856 GameCard/(2977:2980): CAUGHT enviado
[INFO] 10:47:50:156 GameCard/(2977:2982): Conexion con BROKER en buen estado, verificando nuevamente en 10 segundos
[ERROR] 10:47:58:18 GameCard/(2977:2980): No hay bloques
[INFO] 10:48:00:166 GameCard/(2977:2982): Conexion con BROKER en buen estado, verificando nuevamente en 10 segundos
[INFO] 10:48:03:24 GameCard/(2977:2980): Enviando CAUGHT por socket: 11
[INFO] 10:48:03:24 GameCard/(2977:2980): CAUGHT enviado
[INFO] 10:48:10:166 GameCard/(2977:2982): Conexion con BROKER en buen estado, verificando nuevamente en 10 segundos
[INFO] 10:48:20:168 GameCard/(2977:2982): Conexion con BROKER en buen estado, verificando nuevamente en 10 segundos
[INFO] 10:55:29:610 GameCard/(3744:3744): Lenavando el Tall Grass
[ERROR] 10:55:29:612 GameCard/(3744:3744): Ya existe el BitMap
[INFO] 10:55:29:612 GameCard/(3744:3744): Punto de montaje del directorio Metadata es: /home/utnso/Escritorio/tall-grass/Metadata
[INFO] 10:55:29:612 GameCard/(3744:3744): El BitMap se encuentra en: /home/utnso/Escritorio/tall-grass/Metadata/BitMap.bin
[INFO] 10:55:29:613 GameCard/(3744:3744): Punto de montaje del directorio Files es: /home/utnso/Escritorio/tall-grass/Files
[INFO] 10:55:29:613 GameCard/(3744:3744): Punto de montaje del directorio Blocks es: /home/utnso/Escritorio/tall-grass/Blocks
[INFO] 10:55:29:613 GameCard/(3744:3748): Escuchando GET de BROKER en socket: 9
[INFO] 10:55:29:613 GameCard/(3744:3747): Escuchando CATCH de BROKER en socket: 8
[INFO] 10:55:29:613 GameCard/(3744:3746): Escuchando NEW de BROKER en socket: 7
[INFO] 10:56:12:472 GameCard/(3787:3787): Lenavando el Tall Grass
[INFO] 10:57:30:209 GameCard/(3851:3851): Lenavando el Tall Grass
[INFO] 10:57:30:210 GameCard/(3851:3851): Punto de montaje del directorio Metadata es: /home/utnso/Escritorio/tall-grass/Metadata
[INFO] 10:57:30:210 GameCard/(3851:3851): El BitMap se encuentra en: /home/utnso/Escritorio/tall-grass/Metadata/BitMap.bin
[INFO] 10:57:30:210 GameCard/(3851:3851): Punto de montaje del directorio Files es: /home/utnso/Escritorio/tall-grass/Files
[INFO] 10:57:30:210 GameCard/(3851:3851): Punto de montaje del directorio Blocks es: /home/utnso/Escritorio/tall-grass/Blocks
[INFO] 10:57:30:211 GameCard/(3851:3858): Escuchando GET de BROKER en socket: 9
[INFO] 10:57:30:211 GameCard/(3851:3857): Escuchando CATCH de BROKER en socket: 8
[INFO] 10:57:30:211 GameCard/(3851:3856): Escuchando NEW de BROKER en socket: 7
[INFO] 10:57:40:211 GameCard/(3851:3859): Conexion con BROKER en buen estado, verificando nuevamente en 10 segundos
[INFO] 10:57:40:920 GameCard/(3851:3856): El pokemon pikachu no existe en el FS, se pasa a crear su directorio
[INFO] 10:57:40:920 GameCard/(3851:3856): El metadata del pokemon fue actualizado
[INFO] 10:57:40:921 GameCard/(3851:3856): SIZE = 6
[INFO] 10:57:40:921 GameCard/(3851:3856): BLOCKS = [0]
[INFO] 10:57:45:922 GameCard/(3851:3856): Enviando APPEARED por socket: 11
[INFO] 10:57:45:922 GameCard/(3851:3856): APPEARED enviado
[INFO] 10:57:45:922 GameCard/(3851:3856): El pokemon squirtle no existe en el FS, se pasa a crear su directorio
[INFO] 10:57:45:924 GameCard/(3851:3856): El metadata del pokemon fue actualizado
[INFO] 10:57:45:924 GameCard/(3851:3856): SIZE = 6
[INFO] 10:57:45:924 GameCard/(3851:3856): BLOCKS = [1]
[INFO] 10:57:50:212 GameCard/(3851:3859): Conexion con BROKER en buen estado, verificando nuevamente en 10 segundos
[INFO] 10:57:50:925 GameCard/(3851:3856): Enviando APPEARED por socket: 11
[INFO] 10:57:50:925 GameCard/(3851:3856): APPEARED enviado
[INFO] 10:57:50:926 GameCard/(3851:3856): El pokemon jolteon no existe en el FS, se pasa a crear su directorio
[INFO] 10:57:50:927 GameCard/(3851:3856): El metadata del pokemon fue actualizado
[INFO] 10:57:50:927 GameCard/(3851:3856): SIZE = 6
[INFO] 10:57:50:927 GameCard/(3851:3856): BLOCKS = [2]
[INFO] 10:57:55:928 GameCard/(3851:3856): Enviando APPEARED por socket: 11
[INFO] 10:57:55:929 GameCard/(3851:3856): APPEARED enviado
[INFO] 10:57:55:930 GameCard/(3851:3856): El pokemon flareon no existe en el FS, se pasa a crear su directorio
[INFO] 10:57:55:931 GameCard/(3851:3856): El metadata del pokemon fue actualizado
[INFO] 10:57:55:932 GameCard/(3851:3856): SIZE = 6
[INFO] 10:57:55:932 GameCard/(3851:3856): BLOCKS = [3]
[INFO] 10:58:00:212 GameCard/(3851:3859): Conexion con BROKER en buen estado, verificando nuevamente en 10 segundos
[INFO] 10:58:00:933 GameCard/(3851:3856): Enviando APPEARED por socket: 11
[INFO] 10:58:00:934 GameCard/(3851:3856): APPEARED enviado
[INFO] 10:58:10:213 GameCard/(3851:3859): Conexion con BROKER en buen estado, verificando nuevamente en 10 segundos
[INFO] 10:58:14:710 GameCard/(3851:3858): El pokemon umbreon no existe en el FS, enviando Localized sin posiciones
[INFO] 10:58:14:712 GameCard/(3851:3858): Enviando LOCALIZED por socket: 11
[INFO] 10:58:14:712 GameCard/(3851:3858): LOCALIZED enviado
[INFO] 10:58:14:715 GameCard/(3851:3858): Obteniendo las posiciones en las que se encuentra el pokemon
[INFO] 10:58:14:715 GameCard/(3851:3858): Las coordenadas encontradas son: 4-6
[INFO] 10:58:19:716 GameCard/(3851:3858): Enviando LOCALIZED por socket: 11
[INFO] 10:58:19:717 GameCard/(3851:3858): LOCALIZED enviado
[INFO] 10:58:19:722 GameCard/(3851:3858): El pokemon vaporeon no existe en el FS, enviando Localized sin posiciones
[INFO] 10:58:19:722 GameCard/(3851:3858): Enviando LOCALIZED por socket: 11
[INFO] 10:58:19:723 GameCard/(3851:3858): LOCALIZED enviado
[INFO] 10:58:19:734 GameCard/(3851:3858): El pokemon espeon no existe en el FS, enviando Localized sin posiciones
[INFO] 10:58:19:734 GameCard/(3851:3858): Enviando LOCALIZED por socket: 11
[INFO] 10:58:19:734 GameCard/(3851:3858): LOCALIZED enviado
[INFO] 10:58:19:738 GameCard/(3851:3858): Obteniendo las posiciones en las que se encuentra el pokemon
[INFO] 10:58:19:738 GameCard/(3851:3858): Las coordenadas encontradas son: 2-2
[INFO] 10:58:20:214 GameCard/(3851:3859): Conexion con BROKER en buen estado, verificando nuevamente en 10 segundos
[INFO] 10:58:24:739 GameCard/(3851:3858): Enviando LOCALIZED por socket: 11
[INFO] 10:58:24:739 GameCard/(3851:3858): LOCALIZED enviado
[INFO] 10:58:24:740 GameCard/(3851:3858): Obteniendo las posiciones en las que se encuentra el pokemon
[INFO] 10:58:24:740 GameCard/(3851:3858): Las coordenadas encontradas son: 5-2
[INFO] 10:58:29:741 GameCard/(3851:3858): Enviando LOCALIZED por socket: 11
[INFO] 10:58:29:741 GameCard/(3851:3858): LOCALIZED enviado
[INFO] 10:58:29:741 GameCard/(3851:3858): El pokemon gengar no existe en el FS, enviando Localized sin posiciones
[INFO] 10:58:29:742 GameCard/(3851:3858): Enviando LOCALIZED por socket: 11
[INFO] 10:58:29:742 GameCard/(3851:3858): LOCALIZED enviado
[INFO] 10:58:29:750 GameCard/(3851:3858): El pokemon onix no existe en el FS, enviando Localized sin posiciones
[INFO] 10:58:29:750 GameCard/(3851:3858): Enviando LOCALIZED por socket: 11
[INFO] 10:58:29:750 GameCard/(3851:3858): LOCALIZED enviado
[INFO] 10:58:29:756 GameCard/(3851:3858): Obteniendo las posiciones en las que se encuentra el pokemon
[INFO] 10:58:29:756 GameCard/(3851:3858): Las coordenadas encontradas son: 9-9
[INFO] 10:58:30:214 GameCard/(3851:3859): Conexion con BROKER en buen estado, verificando nuevamente en 10 segundos
[INFO] 10:58:34:712 GameCard/(3851:3857): La coordenada 4-6 fue encontrada
[INFO] 10:58:34:712 GameCard/(3851:3857): La coordenada 4-6 tiene unicamente 1 posicion
[INFO] 10:58:34:712 GameCard/(3851:3857): La coordenada 4-6 se borra
[INFO] 10:58:34:712 GameCard/(3851:3857): El metadata del pokemon no tiene mas registros. SIZE = 0 y BLOCKS = [] 
[INFO] 10:58:34:757 GameCard/(3851:3858): Enviando LOCALIZED por socket: 11
[INFO] 10:58:34:757 GameCard/(3851:3858): LOCALIZED enviado
[INFO] 10:58:39:714 GameCard/(3851:3857): Enviando CAUGHT por socket: 11
[INFO] 10:58:39:715 GameCard/(3851:3857): CAUGHT enviado
[INFO] 10:58:40:215 GameCard/(3851:3859): Conexion con BROKER en buen estado, verificando nuevamente en 10 segundos
[INFO] 10:58:44:719 GameCard/(3851:3857): La coordenada 2-2 fue encontrada
[INFO] 10:58:44:719 GameCard/(3851:3857): La coordenada 2-2 tiene unicamente 1 posicion
[INFO] 10:58:44:719 GameCard/(3851:3857): La coordenada 2-2 se borra
[INFO] 10:58:44:719 GameCard/(3851:3857): El metadata del pokemon no tiene mas registros. SIZE = 0 y BLOCKS = [] 
[INFO] 10:58:49:720 GameCard/(3851:3857): Enviando CAUGHT por socket: 11
[INFO] 10:58:49:721 GameCard/(3851:3857): CAUGHT enviado
[INFO] 10:58:49:722 GameCard/(3851:3857): La coordenada 5-2 fue encontrada
[INFO] 10:58:49:722 GameCard/(3851:3857): La coordenada 5-2 tiene unicamente 1 posicion
[INFO] 10:58:49:722 GameCard/(3851:3857): La coordenada 5-2 se borra
[INFO] 10:58:49:722 GameCard/(3851:3857): El metadata del pokemon no tiene mas registros. SIZE = 0 y BLOCKS = [] 
[INFO] 10:58:50:215 GameCard/(3851:3859): Conexion con BROKER en buen estado, verificando nuevamente en 10 segundos
[INFO] 10:58:54:723 GameCard/(3851:3857): Enviando CAUGHT por socket: 11
[INFO] 10:58:54:723 GameCard/(3851:3857): CAUGHT enviado
[INFO] 10:59:00:216 GameCard/(3851:3859): Conexion con BROKER en buen estado, verificando nuevamente en 10 segundos
[INFO] 10:59:10:217 GameCard/(3851:3859): Conexion con BROKER en buen estado, verificando nuevamente en 10 segundos
[INFO] 10:59:20:218 GameCard/(3851:3859): Conexion con BROKER en buen estado, verificando nuevamente en 10 segundos
[INFO] 10:59:30:218 GameCard/(3851:3859): Conexion con BROKER en buen estado, verificando nuevamente en 10 segundos
[INFO] 10:59:40:219 GameCard/(3851:3859): Conexion con BROKER en buen estado, verificando nuevamente en 10 segundos
[INFO] 10:59:50:220 GameCard/(3851:3859): Conexion con BROKER en buen estado, verificando nuevamente en 10 segundos
[INFO] 10:59:54:785 GameCard/(3851:3857): La coordenada 9-9 fue encontrada
[INFO] 10:59:54:785 GameCard/(3851:3857): La coordenada 9-9 tiene unicamente 1 posicion
[INFO] 10:59:54:785 GameCard/(3851:3857): La coordenada 9-9 se borra
[INFO] 10:59:54:785 GameCard/(3851:3857): El metadata del pokemon no tiene mas registros. SIZE = 0 y BLOCKS = [] 
[INFO] 10:59:59:787 GameCard/(3851:3857): Enviando CAUGHT por socket: 11
[INFO] 10:59:59:788 GameCard/(3851:3857): CAUGHT enviado
[INFO] 11:00:00:221 GameCard/(3851:3859): Conexion con BROKER en buen estado, verificando nuevamente en 10 segundos
[INFO] 11:00:10:221 GameCard/(3851:3859): Conexion con BROKER en buen estado, verificando nuevamente en 10 segundos
[INFO] 11:00:20:222 GameCard/(3851:3859): Conexion con BROKER en buen estado, verificando nuevamente en 10 segundos
[INFO] 11:00:30:223 GameCard/(3851:3859): Conexion con BROKER en buen estado, verificando nuevamente en 10 segundos
[INFO] 11:00:40:224 GameCard/(3851:3859): Conexion con BROKER en buen estado, verificando nuevamente en 10 segundos
[INFO] 11:00:50:225 GameCard/(3851:3859): Conexion con BROKER en buen estado, verificando nuevamente en 10 segundos
[INFO] 11:01:00:226 GameCard/(3851:3859): Conexion con BROKER en buen estado, verificando nuevamente en 10 segundos
[INFO] 11:01:10:226 GameCard/(3851:3859): Conexion con BROKER en buen estado, verificando nuevamente en 10 segundos
[INFO] 11:01:18:551 GameCard/(3851:3856): El pokemon onix no existe en el FS, se pasa a crear su directorio
[INFO] 11:01:18:552 GameCard/(3851:3856): El metadata del pokemon fue actualizado
[INFO] 11:01:18:552 GameCard/(3851:3856): SIZE = 6
[INFO] 11:01:18:552 GameCard/(3851:3856): BLOCKS = [0]
[INFO] 11:01:20:227 GameCard/(3851:3859): Conexion con BROKER en buen estado, verificando nuevamente en 10 segundos
[INFO] 11:01:23:553 GameCard/(3851:3856): Enviando APPEARED por socket: 11
[INFO] 11:01:23:553 GameCard/(3851:3856): APPEARED enviado
[INFO] 11:01:23:553 GameCard/(3851:3856): El pokemon gengar no existe en el FS, se pasa a crear su directorio
[INFO] 11:01:23:555 GameCard/(3851:3856): El metadata del pokemon fue actualizado
[INFO] 11:01:23:555 GameCard/(3851:3856): SIZE = 6
[INFO] 11:01:23:555 GameCard/(3851:3856): BLOCKS = [1]
[INFO] 11:01:28:556 GameCard/(3851:3856): Enviando APPEARED por socket: 11
[INFO] 11:01:28:557 GameCard/(3851:3856): APPEARED enviado
[INFO] 11:01:28:558 GameCard/(3851:3856): El metadata del pokemon fue actualizado
[INFO] 11:01:28:558 GameCard/(3851:3856): SIZE = 6
[INFO] 11:01:28:559 GameCard/(3851:3856): BLOCKS = [2]
[INFO] 11:01:30:228 GameCard/(3851:3859): Conexion con BROKER en buen estado, verificando nuevamente en 10 segundos
[INFO] 11:01:33:560 GameCard/(3851:3856): Enviando APPEARED por socket: 11
[INFO] 11:01:33:560 GameCard/(3851:3856): APPEARED enviado
[INFO] 11:01:33:560 GameCard/(3851:3856): El pokemon umbreon no existe en el FS, se pasa a crear su directorio
[INFO] 11:01:33:562 GameCard/(3851:3856): El metadata del pokemon fue actualizado
[INFO] 11:01:33:562 GameCard/(3851:3856): SIZE = 7
[INFO] 11:01:33:562 GameCard/(3851:3856): BLOCKS = [3]
[INFO] 11:01:38:563 GameCard/(3851:3856): Enviando APPEARED por socket: 11
[INFO] 11:01:38:564 GameCard/(3851:3856): APPEARED enviado
[INFO] 11:01:38:564 GameCard/(3851:3856): El pokemon espeon no existe en el FS, se pasa a crear su directorio
[INFO] 11:01:38:565 GameCard/(3851:3856): El metadata del pokemon fue actualizado
[INFO] 11:01:38:565 GameCard/(3851:3856): SIZE = 6
[INFO] 11:01:38:565 GameCard/(3851:3856): BLOCKS = [4]
[INFO] 11:01:40:229 GameCard/(3851:3859): Conexion con BROKER en buen estado, verificando nuevamente en 10 segundos
[INFO] 11:01:43:566 GameCard/(3851:3856): Enviando APPEARED por socket: 11
[INFO] 11:01:43:568 GameCard/(3851:3856): APPEARED enviado
[INFO] 11:01:43:569 GameCard/(3851:3856): El pokemon vaporeon no existe en el FS, se pasa a crear su directorio
[INFO] 11:01:43:571 GameCard/(3851:3856): El metadata del pokemon fue actualizado
[INFO] 11:01:43:571 GameCard/(3851:3856): SIZE = 7
[INFO] 11:01:43:571 GameCard/(3851:3856): BLOCKS = [5]
[INFO] 11:01:48:573 GameCard/(3851:3856): Enviando APPEARED por socket: 11
[INFO] 11:01:48:573 GameCard/(3851:3856): APPEARED enviado
[INFO] 11:01:50:230 GameCard/(3851:3859): Conexion con BROKER en buen estado, verificando nuevamente en 10 segundos
[INFO] 11:02:00:230 GameCard/(3851:3859): Conexion con BROKER en buen estado, verificando nuevamente en 10 segundos
[INFO] 11:02:03:578 GameCard/(3851:3857): La coordenada 2-8 fue encontrada
[INFO] 11:02:03:578 GameCard/(3851:3857): La coordenada 2-8 tiene unicamente 1 posicion
[INFO] 11:02:03:578 GameCard/(3851:3857): La coordenada 2-8 se borra
[INFO] 11:02:03:578 GameCard/(3851:3857): El metadata del pokemon no tiene mas registros. SIZE = 0 y BLOCKS = [] 
[INFO] 11:02:08:579 GameCard/(3851:3857): Enviando CAUGHT por socket: 11
[INFO] 11:02:08:579 GameCard/(3851:3857): CAUGHT enviado
[INFO] 11:02:08:584 GameCard/(3851:3857): La coordenada 10-6 fue encontrada
[INFO] 11:02:08:584 GameCard/(3851:3857): La coordenada 10-6 tiene unicamente 1 posicion
[INFO] 11:02:08:584 GameCard/(3851:3857): La coordenada 10-6 se borra
[INFO] 11:02:08:585 GameCard/(3851:3857): El metadata del pokemon no tiene mas registros. SIZE = 0 y BLOCKS = [] 
[INFO] 11:02:10:231 GameCard/(3851:3859): Conexion con BROKER en buen estado, verificando nuevamente en 10 segundos
[INFO] 11:02:13:586 GameCard/(3851:3857): Enviando CAUGHT por socket: 11
[INFO] 11:02:13:586 GameCard/(3851:3857): CAUGHT enviado
[INFO] 11:02:20:231 GameCard/(3851:3859): Conexion con BROKER en buen estado, verificando nuevamente en 10 segundos
[INFO] 11:02:30:232 GameCard/(3851:3859): Conexion con BROKER en buen estado, verificando nuevamente en 10 segundos
[INFO] 11:02:33:587 GameCard/(3851:3857): La coordenada 6-6 fue encontrada
[INFO] 11:02:33:587 GameCard/(3851:3857): La coordenada 6-6 tiene unicamente 1 posicion
[INFO] 11:02:33:587 GameCard/(3851:3857): La coordenada 6-6 se borra
[INFO] 11:02:33:588 GameCard/(3851:3857): El metadata del pokemon no tiene mas registros. SIZE = 0 y BLOCKS = [] 
[INFO] 11:02:38:589 GameCard/(3851:3857): Enviando CAUGHT por socket: 11
[INFO] 11:02:38:589 GameCard/(3851:3857): CAUGHT enviado
[INFO] 11:02:38:590 GameCard/(3851:3857): La coordenada 7-1 fue encontrada
[INFO] 11:02:38:591 GameCard/(3851:3857): La coordenada 7-1 tiene unicamente 1 posicion
[INFO] 11:02:38:591 GameCard/(3851:3857): La coordenada 7-1 se borra
[INFO] 11:02:38:591 GameCard/(3851:3857): El metadata del pokemon no tiene mas registros. SIZE = 0 y BLOCKS = [] 
[INFO] 11:02:40:233 GameCard/(3851:3859): Conexion con BROKER en buen estado, verificando nuevamente en 10 segundos
[INFO] 11:02:43:592 GameCard/(3851:3857): Enviando CAUGHT por socket: 11
[INFO] 11:02:43:592 GameCard/(3851:3857): CAUGHT enviado
[INFO] 11:02:48:592 GameCard/(3851:3857): La coordenada 4-10 fue encontrada
[INFO] 11:02:48:592 GameCard/(3851:3857): La coordenada 4-10 tiene unicamente 1 posicion
[INFO] 11:02:48:592 GameCard/(3851:3857): La coordenada 4-10 se borra
[INFO] 11:02:48:592 GameCard/(3851:3857): El metadata del pokemon no tiene mas registros. SIZE = 0 y BLOCKS = [] 
[INFO] 11:02:50:233 GameCard/(3851:3859): Conexion con BROKER en buen estado, verificando nuevamente en 10 segundos
[INFO] 11:02:53:593 GameCard/(3851:3857): Enviando CAUGHT por socket: 11
[INFO] 11:02:53:593 GameCard/(3851:3857): CAUGHT enviado
[INFO] 11:03:00:234 GameCard/(3851:3859): Conexion con BROKER en buen estado, verificando nuevamente en 10 segundos
[INFO] 11:03:10:235 GameCard/(3851:3859): Conexion con BROKER en buen estado, verificando nuevamente en 10 segundos
[INFO] 11:03:18:598 GameCard/(3851:3857): La coordenada 5-5 fue encontrada
[INFO] 11:03:18:598 GameCard/(3851:3857): La coordenada 5-5 tiene unicamente 1 posicion
[INFO] 11:03:18:598 GameCard/(3851:3857): La coordenada 5-5 se borra
[INFO] 11:03:18:598 GameCard/(3851:3857): El metadata del pokemon no tiene mas registros. SIZE = 0 y BLOCKS = [] 
[INFO] 11:03:20:235 GameCard/(3851:3859): Conexion con BROKER en buen estado, verificando nuevamente en 10 segundos
[INFO] 11:03:23:600 GameCard/(3851:3857): Enviando CAUGHT por socket: 11
[INFO] 11:03:23:601 GameCard/(3851:3857): CAUGHT enviado
[INFO] 11:03:30:236 GameCard/(3851:3859): Conexion con BROKER en buen estado, verificando nuevamente en 10 segundos
[INFO] 11:03:40:236 GameCard/(3851:3859): Conexion con BROKER en buen estado, verificando nuevamente en 10 segundos
[INFO] 11:03:50:237 GameCard/(3851:3859): Conexion con BROKER en buen estado, verificando nuevamente en 10 segundos
[INFO] 11:04:00:237 GameCard/(3851:3859): Conexion con BROKER en buen estado, verificando nuevamente en 10 segundos
[INFO] 11:04:10:238 GameCard/(3851:3859): Conexion con BROKER en buen estado, verificando nuevamente en 10 segundos
[INFO] 11:04:20:238 GameCard/(3851:3859): Conexion con BROKER en buen estado, verificando nuevamente en 10 segundos
[INFO] 11:04:30:239 GameCard/(3851:3859): Conexion con BROKER en buen estado, verificando nuevamente en 10 segundos
[INFO] 11:04:40:244 GameCard/(3851:3859): Conexion con BROKER en buen estado, verificando nuevamente en 10 segundos
[INFO] 11:04:50:247 GameCard/(3851:3859): Conexion con BROKER en buen estado, verificando nuevamente en 10 segundos
[INFO] 11:05:00:248 GameCard/(3851:3859): Conexion con BROKER en buen estado, verificando nuevamente en 10 segundos
[INFO] 11:05:10:248 GameCard/(3851:3859): Conexion con BROKER en buen estado, verificando nuevamente en 10 segundos
[INFO] 11:05:20:250 GameCard/(3851:3859): Conexion con BROKER en buen estado, verificando nuevamente en 10 segundos
[INFO] 11:05:30:250 GameCard/(3851:3859): Conexion con BROKER en buen estado, verificando nuevamente en 10 segundos
[INFO] 11:05:40:251 GameCard/(3851:3859): Conexion con BROKER en buen estado, verificando nuevamente en 10 segundos
[INFO] 11:05:50:252 GameCard/(3851:3859): Conexion con BROKER en buen estado, verificando nuevamente en 10 segundos
[INFO] 11:06:00:253 GameCard/(3851:3859): Conexion con BROKER en buen estado, verificando nuevamente en 10 segundos
[INFO] 11:06:10:254 GameCard/(3851:3859): Conexion con BROKER en buen estado, verificando nuevamente en 10 segundos
[INFO] 11:06:20:255 GameCard/(3851:3859): Conexion con BROKER en buen estado, verificando nuevamente en 10 segundos
[INFO] 11:06:30:255 GameCard/(3851:3859): Conexion con BROKER en buen estado, verificando nuevamente en 10 segundos
[INFO] 11:06:40:256 GameCard/(3851:3859): Conexion con BROKER en buen estado, verificando nuevamente en 10 segundos
[INFO] 11:06:50:257 GameCard/(3851:3859): Conexion con BROKER en buen estado, verificando nuevamente en 10 segundos
[INFO] 11:07:00:257 GameCard/(3851:3859): Conexion con BROKER en buen estado, verificando nuevamente en 10 segundos
[INFO] 11:07:10:258 GameCard/(3851:3859): Conexion con BROKER en buen estado, verificando nuevamente en 10 segundos
[INFO] 11:07:20:258 GameCard/(3851:3859): Conexion con BROKER en buen estado, verificando nuevamente en 10 segundos
[INFO] 11:07:30:259 GameCard/(3851:3859): Conexion con BROKER en buen estado, verificando nuevamente en 10 segundos
[INFO] 11:07:40:260 GameCard/(3851:3859): Conexion con BROKER en buen estado, verificando nuevamente en 10 segundos
[INFO] 11:07:50:260 GameCard/(3851:3859): Conexion con BROKER en buen estado, verificando nuevamente en 10 segundos
[INFO] 11:08:00:261 GameCard/(3851:3859): Conexion con BROKER en buen estado, verificando nuevamente en 10 segundos
[INFO] 11:10:30:142 GameCard/(4377:4377): Lenavando el Tall Grass
[INFO] 11:10:30:146 GameCard/(4377:4377): Punto de montaje del directorio Metadata es: /home/utnso/Escritorio/tall-grass/Metadata
[INFO] 11:10:30:146 GameCard/(4377:4377): El BitMap se encuentra en: /home/utnso/Escritorio/tall-grass/Metadata/BitMap.bin
[INFO] 11:10:30:146 GameCard/(4377:4377): Punto de montaje del directorio Files es: /home/utnso/Escritorio/tall-grass/Files
[INFO] 11:10:30:147 GameCard/(4377:4377): Punto de montaje del directorio Blocks es: /home/utnso/Escritorio/tall-grass/Blocks
[INFO] 11:10:30:157 GameCard/(4377:4383): Escuchando CATCH de BROKER en socket: 8
[INFO] 11:10:30:157 GameCard/(4377:4384): Escuchando GET de BROKER en socket: 9
[INFO] 11:10:30:158 GameCard/(4377:4382): Escuchando NEW de BROKER en socket: 7
[INFO] 11:10:40:158 GameCard/(4377:4385): Conexion con BROKER en buen estado, verificando nuevamente en 10 segundos
[INFO] 11:10:47:146 GameCard/(4377:4382): El pokemon pikachu no existe en el FS, se pasa a crear su directorio
[INFO] 11:10:47:147 GameCard/(4377:4382): El metadata del pokemon fue actualizado
[INFO] 11:10:47:147 GameCard/(4377:4382): SIZE = 6
[INFO] 11:10:47:147 GameCard/(4377:4382): BLOCKS = [0]
[INFO] 11:10:50:159 GameCard/(4377:4385): Conexion con BROKER en buen estado, verificando nuevamente en 10 segundos
[INFO] 11:10:52:148 GameCard/(4377:4382): Enviando APPEARED por socket: 11
[INFO] 11:10:52:150 GameCard/(4377:4382): APPEARED enviado
[INFO] 11:10:52:153 GameCard/(4377:4382): El pokemon squirtle no existe en el FS, se pasa a crear su directorio
[INFO] 11:10:52:156 GameCard/(4377:4382): El metadata del pokemon fue actualizado
[INFO] 11:10:52:156 GameCard/(4377:4382): SIZE = 6
[INFO] 11:10:52:157 GameCard/(4377:4382): BLOCKS = [1]
[INFO] 11:10:57:159 GameCard/(4377:4382): Enviando APPEARED por socket: 11
[INFO] 11:10:57:160 GameCard/(4377:4382): APPEARED enviado
[INFO] 11:10:57:161 GameCard/(4377:4382): El pokemon jolteon no existe en el FS, se pasa a crear su directorio
[INFO] 11:10:57:162 GameCard/(4377:4382): El metadata del pokemon fue actualizado
[INFO] 11:10:57:162 GameCard/(4377:4382): SIZE = 6
[INFO] 11:10:57:162 GameCard/(4377:4382): BLOCKS = [2]
[INFO] 11:11:00:159 GameCard/(4377:4385): Conexion con BROKER en buen estado, verificando nuevamente en 10 segundos
[INFO] 11:11:02:163 GameCard/(4377:4382): Enviando APPEARED por socket: 11
[INFO] 11:11:02:164 GameCard/(4377:4382): APPEARED enviado
[INFO] 11:11:02:165 GameCard/(4377:4382): El pokemon flareon no existe en el FS, se pasa a crear su directorio
[INFO] 11:11:02:167 GameCard/(4377:4382): El metadata del pokemon fue actualizado
[INFO] 11:11:02:167 GameCard/(4377:4382): SIZE = 6
[INFO] 11:11:02:168 GameCard/(4377:4382): BLOCKS = [3]
[INFO] 11:11:07:169 GameCard/(4377:4382): Enviando APPEARED por socket: 11
[INFO] 11:11:07:170 GameCard/(4377:4382): APPEARED enviado
[INFO] 11:11:10:160 GameCard/(4377:4385): Conexion con BROKER en buen estado, verificando nuevamente en 10 segundos
[INFO] 11:11:18:738 GameCard/(4377:4384): Obteniendo las posiciones en las que se encuentra el pokemon
[INFO] 11:11:18:739 GameCard/(4377:4384): Las coordenadas encontradas son: 2-2
[INFO] 11:11:20:161 GameCard/(4377:4385): Conexion con BROKER en buen estado, verificando nuevamente en 10 segundos
[INFO] 11:11:23:740 GameCard/(4377:4384): Enviando LOCALIZED por socket: 11
[INFO] 11:11:23:740 GameCard/(4377:4384): LOCALIZED enviado
[INFO] 11:11:23:740 GameCard/(4377:4384): El pokemon vaporeon no existe en el FS, enviando Localized sin posiciones
[INFO] 11:11:23:741 GameCard/(4377:4384): Enviando LOCALIZED por socket: 11
[INFO] 11:11:23:741 GameCard/(4377:4384): LOCALIZED enviado
[INFO] 11:11:23:753 GameCard/(4377:4384): Obteniendo las posiciones en las que se encuentra el pokemon
[INFO] 11:11:23:753 GameCard/(4377:4384): Las coordenadas encontradas son: 4-6
[INFO] 11:11:28:754 GameCard/(4377:4384): Enviando LOCALIZED por socket: 11
[INFO] 11:11:28:755 GameCard/(4377:4384): LOCALIZED enviado
[INFO] 11:11:28:755 GameCard/(4377:4384): El pokemon umbreon no existe en el FS, enviando Localized sin posiciones
[INFO] 11:11:28:756 GameCard/(4377:4384): Enviando LOCALIZED por socket: 11
[INFO] 11:11:28:756 GameCard/(4377:4384): LOCALIZED enviado
[INFO] 11:11:28:762 GameCard/(4377:4384): El pokemon espeon no existe en el FS, enviando Localized sin posiciones
[INFO] 11:11:28:763 GameCard/(4377:4384): Enviando LOCALIZED por socket: 11
[INFO] 11:11:28:763 GameCard/(4377:4384): LOCALIZED enviado
[INFO] 11:11:28:771 GameCard/(4377:4384): Obteniendo las posiciones en las que se encuentra el pokemon
[INFO] 11:11:28:771 GameCard/(4377:4384): Las coordenadas encontradas son: 5-2
[INFO] 11:11:30:162 GameCard/(4377:4385): Conexion con BROKER en buen estado, verificando nuevamente en 10 segundos
[INFO] 11:11:33:771 GameCard/(4377:4384): Enviando LOCALIZED por socket: 11
[INFO] 11:11:33:772 GameCard/(4377:4384): LOCALIZED enviado
[INFO] 11:11:33:772 GameCard/(4377:4384): Obteniendo las posiciones en las que se encuentra el pokemon
[INFO] 11:11:33:772 GameCard/(4377:4384): Las coordenadas encontradas son: 9-9
[INFO] 11:11:38:773 GameCard/(4377:4384): Enviando LOCALIZED por socket: 11
[INFO] 11:11:38:773 GameCard/(4377:4384): LOCALIZED enviado
[INFO] 11:11:38:773 GameCard/(4377:4384): El pokemon gengar no existe en el FS, enviando Localized sin posiciones
[INFO] 11:11:38:774 GameCard/(4377:4384): Enviando LOCALIZED por socket: 11
[INFO] 11:11:38:774 GameCard/(4377:4384): LOCALIZED enviado
[INFO] 11:11:38:779 GameCard/(4377:4383): La coordenada 4-6 fue encontrada
[INFO] 11:11:38:779 GameCard/(4377:4383): La coordenada 4-6 tiene unicamente 1 posicion
[INFO] 11:11:38:779 GameCard/(4377:4383): La coordenada 4-6 se borra
[INFO] 11:11:38:779 GameCard/(4377:4383): El metadata del pokemon no tiene mas registros. SIZE = 0 y BLOCKS = [] 
[INFO] 11:11:38:780 GameCard/(4377:4384): El pokemon onix no existe en el FS, enviando Localized sin posiciones
[INFO] 11:11:38:780 GameCard/(4377:4384): Enviando LOCALIZED por socket: 11
[INFO] 11:11:38:780 GameCard/(4377:4384): LOCALIZED enviado
[INFO] 11:11:40:163 GameCard/(4377:4385): Conexion con BROKER en buen estado, verificando nuevamente en 10 segundos
[INFO] 11:11:43:780 GameCard/(4377:4383): Enviando CAUGHT por socket: 11
[INFO] 11:11:43:780 GameCard/(4377:4383): CAUGHT enviado
[INFO] 11:11:48:743 GameCard/(4377:4383): La coordenada 2-2 fue encontrada
[INFO] 11:11:48:743 GameCard/(4377:4383): La coordenada 2-2 tiene unicamente 1 posicion
[INFO] 11:11:48:743 GameCard/(4377:4383): La coordenada 2-2 se borra
[INFO] 11:11:48:743 GameCard/(4377:4383): El metadata del pokemon no tiene mas registros. SIZE = 0 y BLOCKS = [] 
[INFO] 11:11:50:163 GameCard/(4377:4385): Conexion con BROKER en buen estado, verificando nuevamente en 10 segundos
[INFO] 11:11:53:747 GameCard/(4377:4383): Enviando CAUGHT por socket: 11
[INFO] 11:11:53:747 GameCard/(4377:4383): CAUGHT enviado
[INFO] 11:11:53:779 GameCard/(4377:4383): La coordenada 5-2 fue encontrada
[INFO] 11:11:53:779 GameCard/(4377:4383): La coordenada 5-2 tiene unicamente 1 posicion
[INFO] 11:11:53:779 GameCard/(4377:4383): La coordenada 5-2 se borra
[INFO] 11:11:53:779 GameCard/(4377:4383): El metadata del pokemon no tiene mas registros. SIZE = 0 y BLOCKS = [] 
[INFO] 11:11:58:780 GameCard/(4377:4383): Enviando CAUGHT por socket: 11
[INFO] 11:11:58:780 GameCard/(4377:4383): CAUGHT enviado
[INFO] 11:12:00:164 GameCard/(4377:4385): Conexion con BROKER en buen estado, verificando nuevamente en 10 segundos
[INFO] 11:12:10:166 GameCard/(4377:4385): Conexion con BROKER en buen estado, verificando nuevamente en 10 segundos
[INFO] 11:12:20:166 GameCard/(4377:4385): Conexion con BROKER en buen estado, verificando nuevamente en 10 segundos
[INFO] 11:12:30:167 GameCard/(4377:4385): Conexion con BROKER en buen estado, verificando nuevamente en 10 segundos
[INFO] 11:12:40:168 GameCard/(4377:4385): Conexion con BROKER en buen estado, verificando nuevamente en 10 segundos
[INFO] 11:12:50:168 GameCard/(4377:4385): Conexion con BROKER en buen estado, verificando nuevamente en 10 segundos
[INFO] 11:13:00:169 GameCard/(4377:4385): Conexion con BROKER en buen estado, verificando nuevamente en 10 segundos
[INFO] 11:13:03:797 GameCard/(4377:4383): La coordenada 9-9 fue encontrada
[INFO] 11:13:03:797 GameCard/(4377:4383): La coordenada 9-9 tiene unicamente 1 posicion
[INFO] 11:13:03:798 GameCard/(4377:4383): La coordenada 9-9 se borra
[INFO] 11:13:03:798 GameCard/(4377:4383): El metadata del pokemon no tiene mas registros. SIZE = 0 y BLOCKS = [] 
[INFO] 11:13:08:799 GameCard/(4377:4383): Enviando CAUGHT por socket: 11
[INFO] 11:13:08:800 GameCard/(4377:4383): CAUGHT enviado
[INFO] 11:13:10:169 GameCard/(4377:4385): Conexion con BROKER en buen estado, verificando nuevamente en 10 segundos
[INFO] 11:13:20:170 GameCard/(4377:4385): Conexion con BROKER en buen estado, verificando nuevamente en 10 segundos
[INFO] 11:13:30:170 GameCard/(4377:4385): Conexion con BROKER en buen estado, verificando nuevamente en 10 segundos
[INFO] 11:13:40:170 GameCard/(4377:4385): Conexion con BROKER en buen estado, verificando nuevamente en 10 segundos
[INFO] 11:13:50:171 GameCard/(4377:4385): Conexion con BROKER en buen estado, verificando nuevamente en 10 segundos
[INFO] 11:14:00:171 GameCard/(4377:4385): Conexion con BROKER en buen estado, verificando nuevamente en 10 segundos
[INFO] 11:14:10:172 GameCard/(4377:4385): Conexion con BROKER en buen estado, verificando nuevamente en 10 segundos
[INFO] 11:14:20:172 GameCard/(4377:4385): Conexion con BROKER en buen estado, verificando nuevamente en 10 segundos
[INFO] 11:14:30:174 GameCard/(4377:4385): Conexion con BROKER en buen estado, verificando nuevamente en 10 segundos
[INFO] 11:14:40:175 GameCard/(4377:4385): Conexion con BROKER en buen estado, verificando nuevamente en 10 segundos
[INFO] 11:14:50:176 GameCard/(4377:4385): Conexion con BROKER en buen estado, verificando nuevamente en 10 segundos
[INFO] 11:14:59:152 GameCard/(4377:4382): El pokemon onix no existe en el FS, se pasa a crear su directorio
[INFO] 11:14:59:153 GameCard/(4377:4382): El metadata del pokemon fue actualizado
[INFO] 11:14:59:153 GameCard/(4377:4382): SIZE = 6
[INFO] 11:14:59:153 GameCard/(4377:4382): BLOCKS = [0]
[INFO] 11:15:00:176 GameCard/(4377:4385): Conexion con BROKER en buen estado, verificando nuevamente en 10 segundos
[INFO] 11:15:04:154 GameCard/(4377:4382): Enviando APPEARED por socket: 11
[INFO] 11:15:04:154 GameCard/(4377:4382): APPEARED enviado
[INFO] 11:15:04:155 GameCard/(4377:4382): El pokemon gengar no existe en el FS, se pasa a crear su directorio
[INFO] 11:15:04:157 GameCard/(4377:4382): El metadata del pokemon fue actualizado
[INFO] 11:15:04:157 GameCard/(4377:4382): SIZE = 6
[INFO] 11:15:04:157 GameCard/(4377:4382): BLOCKS = [1]
[INFO] 11:15:09:159 GameCard/(4377:4382): Enviando APPEARED por socket: 11
[INFO] 11:15:09:160 GameCard/(4377:4382): APPEARED enviado
[INFO] 11:15:09:163 GameCard/(4377:4382): El metadata del pokemon fue actualizado
[INFO] 11:15:09:163 GameCard/(4377:4382): SIZE = 6
[INFO] 11:15:09:164 GameCard/(4377:4382): BLOCKS = [2]
[INFO] 11:15:10:177 GameCard/(4377:4385): Conexion con BROKER en buen estado, verificando nuevamente en 10 segundos
[INFO] 11:15:14:165 GameCard/(4377:4382): Enviando APPEARED por socket: 11
[INFO] 11:15:14:166 GameCard/(4377:4382): APPEARED enviado
[INFO] 11:15:14:166 GameCard/(4377:4382): El pokemon umbreon no existe en el FS, se pasa a crear su directorio
[INFO] 11:15:14:167 GameCard/(4377:4382): El metadata del pokemon fue actualizado
[INFO] 11:15:14:167 GameCard/(4377:4382): SIZE = 7
[INFO] 11:15:14:167 GameCard/(4377:4382): BLOCKS = [3]
[INFO] 11:15:19:169 GameCard/(4377:4382): Enviando APPEARED por socket: 11
[INFO] 11:15:19:169 GameCard/(4377:4382): APPEARED enviado
[INFO] 11:15:19:171 GameCard/(4377:4382): El pokemon espeon no existe en el FS, se pasa a crear su directorio
[INFO] 11:15:19:173 GameCard/(4377:4382): El metadata del pokemon fue actualizado
[INFO] 11:15:19:173 GameCard/(4377:4382): SIZE = 6
[INFO] 11:15:19:174 GameCard/(4377:4382): BLOCKS = [4]
[INFO] 11:15:20:178 GameCard/(4377:4385): Conexion con BROKER en buen estado, verificando nuevamente en 10 segundos
[INFO] 11:15:24:175 GameCard/(4377:4382): Enviando APPEARED por socket: 11
[INFO] 11:15:24:175 GameCard/(4377:4382): APPEARED enviado
[INFO] 11:15:24:176 GameCard/(4377:4382): El pokemon vaporeon no existe en el FS, se pasa a crear su directorio
[INFO] 11:15:24:179 GameCard/(4377:4382): El metadata del pokemon fue actualizado
[INFO] 11:15:24:180 GameCard/(4377:4382): SIZE = 7
[INFO] 11:15:24:180 GameCard/(4377:4382): BLOCKS = [5]
[INFO] 11:15:29:182 GameCard/(4377:4382): Enviando APPEARED por socket: 11
[INFO] 11:15:29:183 GameCard/(4377:4382): APPEARED enviado
[INFO] 11:15:30:178 GameCard/(4377:4385): Conexion con BROKER en buen estado, verificando nuevamente en 10 segundos
[INFO] 11:15:40:179 GameCard/(4377:4385): Conexion con BROKER en buen estado, verificando nuevamente en 10 segundos
[INFO] 11:15:44:195 GameCard/(4377:4383): La coordenada 2-8 fue encontrada
[INFO] 11:15:44:195 GameCard/(4377:4383): La coordenada 2-8 tiene unicamente 1 posicion
[INFO] 11:15:44:195 GameCard/(4377:4383): La coordenada 2-8 se borra
[INFO] 11:15:44:196 GameCard/(4377:4383): El metadata del pokemon no tiene mas registros. SIZE = 0 y BLOCKS = [] 
[INFO] 11:15:49:198 GameCard/(4377:4383): Enviando CAUGHT por socket: 11
[INFO] 11:15:49:198 GameCard/(4377:4383): CAUGHT enviado
[INFO] 11:15:49:199 GameCard/(4377:4383): La coordenada 10-6 fue encontrada
[INFO] 11:15:49:200 GameCard/(4377:4383): La coordenada 10-6 tiene unicamente 1 posicion
[INFO] 11:15:49:200 GameCard/(4377:4383): La coordenada 10-6 se borra
[INFO] 11:15:49:201 GameCard/(4377:4383): El metadata del pokemon no tiene mas registros. SIZE = 0 y BLOCKS = [] 
[INFO] 11:15:50:179 GameCard/(4377:4385): Conexion con BROKER en buen estado, verificando nuevamente en 10 segundos
[INFO] 11:15:54:207 GameCard/(4377:4383): Enviando CAUGHT por socket: 11
[INFO] 11:15:54:207 GameCard/(4377:4383): CAUGHT enviado
[INFO] 11:16:00:180 GameCard/(4377:4385): Conexion con BROKER en buen estado, verificando nuevamente en 10 segundos
[INFO] 11:16:09:200 GameCard/(4377:4383): La coordenada 7-1 fue encontrada
[INFO] 11:16:09:200 GameCard/(4377:4383): La coordenada 7-1 tiene unicamente 1 posicion
[INFO] 11:16:09:200 GameCard/(4377:4383): La coordenada 7-1 se borra
[INFO] 11:16:09:200 GameCard/(4377:4383): El metadata del pokemon no tiene mas registros. SIZE = 0 y BLOCKS = [] 
[INFO] 11:16:10:181 GameCard/(4377:4385): Conexion con BROKER en buen estado, verificando nuevamente en 10 segundos
[INFO] 11:16:14:205 GameCard/(4377:4383): Enviando CAUGHT por socket: 11
[INFO] 11:16:14:206 GameCard/(4377:4383): CAUGHT enviado
[INFO] 11:16:14:207 GameCard/(4377:4383): La coordenada 6-6 fue encontrada
[INFO] 11:16:14:207 GameCard/(4377:4383): La coordenada 6-6 tiene unicamente 1 posicion
[INFO] 11:16:14:207 GameCard/(4377:4383): La coordenada 6-6 se borra
[INFO] 11:16:14:208 GameCard/(4377:4383): El metadata del pokemon no tiene mas registros. SIZE = 0 y BLOCKS = [] 
[INFO] 11:16:19:209 GameCard/(4377:4383): Enviando CAUGHT por socket: 11
[INFO] 11:16:19:209 GameCard/(4377:4383): CAUGHT enviado
[INFO] 11:16:20:181 GameCard/(4377:4385): Conexion con BROKER en buen estado, verificando nuevamente en 10 segundos
[INFO] 11:16:29:211 GameCard/(4377:4383): La coordenada 4-10 fue encontrada
[INFO] 11:16:29:211 GameCard/(4377:4383): La coordenada 4-10 tiene unicamente 1 posicion
[INFO] 11:16:29:211 GameCard/(4377:4383): La coordenada 4-10 se borra
[INFO] 11:16:29:212 GameCard/(4377:4383): El metadata del pokemon no tiene mas registros. SIZE = 0 y BLOCKS = [] 
[INFO] 11:16:30:182 GameCard/(4377:4385): Conexion con BROKER en buen estado, verificando nuevamente en 10 segundos
[INFO] 11:16:34:212 GameCard/(4377:4383): Enviando CAUGHT por socket: 11
[INFO] 11:16:34:213 GameCard/(4377:4383): CAUGHT enviado
[INFO] 11:16:40:183 GameCard/(4377:4385): Conexion con BROKER en buen estado, verificando nuevamente en 10 segundos
[INFO] 11:16:50:183 GameCard/(4377:4385): Conexion con BROKER en buen estado, verificando nuevamente en 10 segundos
[INFO] 11:16:59:214 GameCard/(4377:4383): La coordenada 5-5 fue encontrada
[INFO] 11:16:59:214 GameCard/(4377:4383): La coordenada 5-5 tiene unicamente 1 posicion
[INFO] 11:16:59:215 GameCard/(4377:4383): La coordenada 5-5 se borra
[INFO] 11:16:59:215 GameCard/(4377:4383): El metadata del pokemon no tiene mas registros. SIZE = 0 y BLOCKS = [] 
[INFO] 11:17:00:184 GameCard/(4377:4385): Conexion con BROKER en buen estado, verificando nuevamente en 10 segundos
[INFO] 11:17:04:216 GameCard/(4377:4383): Enviando CAUGHT por socket: 11
[INFO] 11:17:04:217 GameCard/(4377:4383): CAUGHT enviado
[INFO] 11:17:10:185 GameCard/(4377:4385): Conexion con BROKER en buen estado, verificando nuevamente en 10 segundos
[INFO] 11:17:20:185 GameCard/(4377:4385): Conexion con BROKER en buen estado, verificando nuevamente en 10 segundos
[INFO] 11:17:30:186 GameCard/(4377:4385): Conexion con BROKER en buen estado, verificando nuevamente en 10 segundos
[INFO] 11:17:40:186 GameCard/(4377:4385): Conexion con BROKER en buen estado, verificando nuevamente en 10 segundos
[INFO] 11:17:50:187 GameCard/(4377:4385): Conexion con BROKER en buen estado, verificando nuevamente en 10 segundos
[INFO] 11:18:00:188 GameCard/(4377:4385): Conexion con BROKER en buen estado, verificando nuevamente en 10 segundos
[INFO] 11:18:10:189 GameCard/(4377:4385): Conexion con BROKER en buen estado, verificando nuevamente en 10 segundos
[INFO] 11:18:20:190 GameCard/(4377:4385): Conexion con BROKER en buen estado, verificando nuevamente en 10 segundos
[INFO] 11:18:30:191 GameCard/(4377:4385): Conexion con BROKER en buen estado, verificando nuevamente en 10 segundos
[INFO] 11:18:40:192 GameCard/(4377:4385): Conexion con BROKER en buen estado, verificando nuevamente en 10 segundos
[INFO] 11:18:50:193 GameCard/(4377:4385): Conexion con BROKER en buen estado, verificando nuevamente en 10 segundos
[INFO] 11:19:00:194 GameCard/(4377:4385): Conexion con BROKER en buen estado, verificando nuevamente en 10 segundos
[INFO] 11:19:10:194 GameCard/(4377:4385): Conexion con BROKER en buen estado, verificando nuevamente en 10 segundos
[INFO] 11:19:20:195 GameCard/(4377:4385): Conexion con BROKER en buen estado, verificando nuevamente en 10 segundos
[INFO] 11:19:30:196 GameCard/(4377:4385): Conexion con BROKER en buen estado, verificando nuevamente en 10 segundos
[INFO] 11:19:40:196 GameCard/(4377:4385): Conexion con BROKER en buen estado, verificando nuevamente en 10 segundos
[INFO] 11:19:50:197 GameCard/(4377:4385): Conexion con BROKER en buen estado, verificando nuevamente en 10 segundos
[INFO] 11:20:00:197 GameCard/(4377:4385): Conexion con BROKER en buen estado, verificando nuevamente en 10 segundos
[INFO] 11:20:10:198 GameCard/(4377:4385): Conexion con BROKER en buen estado, verificando nuevamente en 10 segundos
[INFO] 11:20:20:199 GameCard/(4377:4385): Conexion con BROKER en buen estado, verificando nuevamente en 10 segundos
[INFO] 11:20:30:200 GameCard/(4377:4385): Conexion con BROKER en buen estado, verificando nuevamente en 10 segundos
[INFO] 11:20:40:201 GameCard/(4377:4385): Conexion con BROKER en buen estado, verificando nuevamente en 10 segundos
[INFO] 11:20:50:201 GameCard/(4377:4385): Conexion con BROKER en buen estado, verificando nuevamente en 10 segundos
[INFO] 11:21:00:202 GameCard/(4377:4385): Conexion con BROKER en buen estado, verificando nuevamente en 10 segundos
[INFO] 11:21:10:202 GameCard/(4377:4385): Conexion con BROKER en buen estado, verificando nuevamente en 10 segundos
[INFO] 11:21:20:203 GameCard/(4377:4385): Conexion con BROKER en buen estado, verificando nuevamente en 10 segundos
[INFO] 11:21:30:204 GameCard/(4377:4385): Conexion con BROKER en buen estado, verificando nuevamente en 10 segundos
[INFO] 11:21:40:205 GameCard/(4377:4385): Conexion con BROKER en buen estado, verificando nuevamente en 10 segundos
[INFO] 11:21:50:205 GameCard/(4377:4385): Conexion con BROKER en buen estado, verificando nuevamente en 10 segundos
[INFO] 11:22:00:206 GameCard/(4377:4385): Conexion con BROKER en buen estado, verificando nuevamente en 10 segundos
[INFO] 11:22:10:207 GameCard/(4377:4385): Conexion con BROKER en buen estado, verificando nuevamente en 10 segundos
[INFO] 13:22:38:817 GameCard/(4391:4391): Lenavando el Tall Grass
[ERROR] 13:22:38:823 GameCard/(4391:4391): Ya existe el BitMap
[INFO] 13:22:38:823 GameCard/(4391:4391): Punto de montaje del directorio Metadata es: /home/utnso/Escritorio/tall-grass/Metadata
[INFO] 13:22:38:823 GameCard/(4391:4391): El BitMap se encuentra en: /home/utnso/Escritorio/tall-grass/Metadata/BitMap.bin
[INFO] 13:22:38:823 GameCard/(4391:4391): Punto de montaje del directorio Files es: /home/utnso/Escritorio/tall-grass/Files
[INFO] 13:22:38:824 GameCard/(4391:4391): Punto de montaje del directorio Blocks es: /home/utnso/Escritorio/tall-grass/Blocks
[INFO] 13:22:38:825 GameCard/(4391:4398): Escuchando GET de BROKER en socket: 9
[INFO] 13:22:38:826 GameCard/(4391:4397): Escuchando CATCH de BROKER en socket: 8
[INFO] 13:22:38:826 GameCard/(4391:4396): Escuchando NEW de BROKER en socket: 7
[INFO] 13:22:48:826 GameCard/(4391:4399): Conexion con BROKER en buen estado, verificando nuevamente en 10 segundos
[INFO] 13:22:53:192 GameCard/(4391:4396): El metadata del pokemon fue actualizado
[INFO] 13:22:53:192 GameCard/(4391:4396): SIZE = 6
[INFO] 13:22:53:193 GameCard/(4391:4396): BLOCKS = [0]
[INFO] 13:22:58:194 GameCard/(4391:4396): Enviando APPEARED por socket: 11
[INFO] 13:22:58:194 GameCard/(4391:4396): APPEARED enviado
[INFO] 13:22:58:202 GameCard/(4391:4396): El metadata del pokemon fue actualizado
[INFO] 13:22:58:203 GameCard/(4391:4396): SIZE = 6
[INFO] 13:22:58:203 GameCard/(4391:4396): BLOCKS = [1]
[INFO] 13:22:58:828 GameCard/(4391:4399): Conexion con BROKER en buen estado, verificando nuevamente en 10 segundos
[INFO] 13:23:03:204 GameCard/(4391:4396): Enviando APPEARED por socket: 11
[INFO] 13:23:03:204 GameCard/(4391:4396): APPEARED enviado
[INFO] 13:23:03:207 GameCard/(4391:4396): El metadata del pokemon fue actualizado
[INFO] 13:23:03:208 GameCard/(4391:4396): SIZE = 6
[INFO] 13:23:03:208 GameCard/(4391:4396): BLOCKS = [2]
[INFO] 13:23:08:209 GameCard/(4391:4396): Enviando APPEARED por socket: 11
[INFO] 13:23:08:210 GameCard/(4391:4396): APPEARED enviado
[INFO] 13:23:08:213 GameCard/(4391:4396): El metadata del pokemon fue actualizado
[INFO] 13:23:08:214 GameCard/(4391:4396): SIZE = 6
[INFO] 13:23:08:214 GameCard/(4391:4396): BLOCKS = [3]
[INFO] 13:23:08:828 GameCard/(4391:4399): Conexion con BROKER en buen estado, verificando nuevamente en 10 segundos
[INFO] 13:23:13:215 GameCard/(4391:4396): Enviando APPEARED por socket: 11
[INFO] 13:23:13:215 GameCard/(4391:4396): APPEARED enviado
[INFO] 13:23:18:829 GameCard/(4391:4399): Conexion con BROKER en buen estado, verificando nuevamente en 10 segundos
[INFO] 13:23:28:829 GameCard/(4391:4399): Conexion con BROKER en buen estado, verificando nuevamente en 10 segundos
[INFO] 13:23:32:896 GameCard/(4391:4398): Obteniendo las posiciones en las que se encuentra el pokemon
[INFO] 13:23:32:897 GameCard/(4391:4398): Las coordenadas encontradas son: 5-2
[INFO] 13:23:37:897 GameCard/(4391:4398): Enviando LOCALIZED por socket: 11
[INFO] 13:23:37:898 GameCard/(4391:4398): LOCALIZED enviado
[INFO] 13:23:37:899 GameCard/(4391:4398): Obteniendo las posiciones en las que se encuentra el pokemon
[INFO] 13:23:38:830 GameCard/(4391:4399): Conexion con BROKER en buen estado, verificando nuevamente en 10 segundos
[INFO] 13:23:42:900 GameCard/(4391:4398): Enviando LOCALIZED por socket: 11
[INFO] 13:23:42:901 GameCard/(4391:4398): LOCALIZED enviado
[INFO] 13:23:42:901 GameCard/(4391:4398): Obteniendo las posiciones en las que se encuentra el pokemon
[INFO] 13:23:42:902 GameCard/(4391:4398): Las coordenadas encontradas son: 9-9
[INFO] 13:23:47:903 GameCard/(4391:4398): Enviando LOCALIZED por socket: 11
[INFO] 13:23:47:903 GameCard/(4391:4398): LOCALIZED enviado
[INFO] 13:23:47:904 GameCard/(4391:4398): Obteniendo las posiciones en las que se encuentra el pokemon
[INFO] 13:23:47:908 GameCard/(4391:4397): La coordenada 5-2 fue encontrada
[INFO] 13:23:47:908 GameCard/(4391:4397): La coordenada 5-2 tiene unicamente 1 posicion
[INFO] 13:23:47:908 GameCard/(4391:4397): La coordenada 5-2 se borra
[INFO] 13:23:47:908 GameCard/(4391:4397): El metadata del pokemon no tiene mas registros. SIZE = 0 y BLOCKS = [] 
[INFO] 13:23:48:831 GameCard/(4391:4399): Conexion con BROKER en buen estado, verificando nuevamente en 10 segundos
[INFO] 13:23:52:913 GameCard/(4391:4397): Enviando CAUGHT por socket: 12
[INFO] 13:23:52:913 GameCard/(4391:4397): CAUGHT enviado
[INFO] 13:23:52:913 GameCard/(4391:4398): Enviando LOCALIZED por socket: 11
[INFO] 13:23:52:914 GameCard/(4391:4398): LOCALIZED enviado
[INFO] 13:23:58:831 GameCard/(4391:4399): Conexion con BROKER en buen estado, verificando nuevamente en 10 segundos
[INFO] 13:24:08:832 GameCard/(4391:4399): Conexion con BROKER en buen estado, verificando nuevamente en 10 segundos
[INFO] 13:24:18:832 GameCard/(4391:4399): Conexion con BROKER en buen estado, verificando nuevamente en 10 segundos
[INFO] 13:24:28:833 GameCard/(4391:4399): Conexion con BROKER en buen estado, verificando nuevamente en 10 segundos
[INFO] 13:24:38:834 GameCard/(4391:4399): Conexion con BROKER en buen estado, verificando nuevamente en 10 segundos
[INFO] 13:24:48:834 GameCard/(4391:4399): Conexion con BROKER en buen estado, verificando nuevamente en 10 segundos
[INFO] 13:24:57:940 GameCard/(4391:4397): La coordenada 9-9 fue encontrada
[INFO] 13:24:57:952 GameCard/(4391:4397): La coordenada 9-9 tiene unicamente 1 posicion
[INFO] 13:24:57:952 GameCard/(4391:4397): La coordenada 9-9 se borra
[INFO] 13:24:57:952 GameCard/(4391:4397): El metadata del pokemon no tiene mas registros. SIZE = 0 y BLOCKS = [] 
[INFO] 13:24:58:835 GameCard/(4391:4399): Conexion con BROKER en buen estado, verificando nuevamente en 10 segundos
[INFO] 13:25:02:954 GameCard/(4391:4397): Enviando CAUGHT por socket: 11
[INFO] 13:25:02:955 GameCard/(4391:4397): CAUGHT enviado
[INFO] 13:25:08:836 GameCard/(4391:4399): Conexion con BROKER en buen estado, verificando nuevamente en 10 segundos
[INFO] 13:25:18:836 GameCard/(4391:4399): Conexion con BROKER en buen estado, verificando nuevamente en 10 segundos
[INFO] 13:25:28:836 GameCard/(4391:4399): Conexion con BROKER en buen estado, verificando nuevamente en 10 segundos
[INFO] 13:35:14:245 GameCard/(5347:5347): Lenavando el Tall Grass
[ERROR] 13:35:14:248 GameCard/(5347:5347): Ya existe el BitMap
[INFO] 13:35:14:248 GameCard/(5347:5347): Punto de montaje del directorio Metadata es: /home/utnso/Escritorio/tall-grass/Metadata
[INFO] 13:35:14:248 GameCard/(5347:5347): El BitMap se encuentra en: /home/utnso/Escritorio/tall-grass/Metadata/BitMap.bin
[INFO] 13:35:14:248 GameCard/(5347:5347): Punto de montaje del directorio Files es: /home/utnso/Escritorio/tall-grass/Files
[INFO] 13:35:14:248 GameCard/(5347:5347): Punto de montaje del directorio Blocks es: /home/utnso/Escritorio/tall-grass/Blocks
[INFO] 13:35:14:256 GameCard/(5347:5351): Escuchando GET de BROKER en socket: 9
[INFO] 13:35:14:257 GameCard/(5347:5350): Escuchando CATCH de BROKER en socket: 8
[INFO] 13:35:14:260 GameCard/(5347:5349): Escuchando NEW de BROKER en socket: 7
[INFO] 13:35:24:256 GameCard/(5347:5352): Conexion con BROKER en buen estado, verificando nuevamente en 10 segundos
[ERROR] 13:35:34:258 GameCard/(5347:5352): Reconexion con BROKER fallida, intentando nuevamente en 10 segundos
[ERROR] 13:35:44:262 GameCard/(5347:5352): Reconexion con BROKER fallida, intentando nuevamente en 10 segundos
[INFO] 13:38:35:524 GameCard/(5483:5483): Lenavando el Tall Grass
[ERROR] 13:38:35:525 GameCard/(5483:5483): Ya existe el BitMap
[INFO] 13:38:35:525 GameCard/(5483:5483): Punto de montaje del directorio Metadata es: /home/utnso/Escritorio/tall-grass/Metadata
[INFO] 13:38:35:525 GameCard/(5483:5483): El BitMap se encuentra en: /home/utnso/Escritorio/tall-grass/Metadata/BitMap.bin
[INFO] 13:38:35:525 GameCard/(5483:5483): Punto de montaje del directorio Files es: /home/utnso/Escritorio/tall-grass/Files
[INFO] 13:38:35:526 GameCard/(5483:5483): Punto de montaje del directorio Blocks es: /home/utnso/Escritorio/tall-grass/Blocks
[INFO] 13:38:35:527 GameCard/(5483:5490): Escuchando GET de BROKER en socket: 9
[INFO] 13:38:35:527 GameCard/(5483:5489): Escuchando CATCH de BROKER en socket: 8
[INFO] 13:38:35:527 GameCard/(5483:5488): Escuchando NEW de BROKER en socket: 7
[INFO] 13:38:45:527 GameCard/(5483:5491): Conexion con BROKER en buen estado, verificando nuevamente en 10 segundos
[INFO] 13:38:55:534 GameCard/(5483:5491): Conexion con BROKER en buen estado, verificando nuevamente en 10 segundos
[INFO] 13:39:39:319 GameCard/(5551:5551): Lenavando el Tall Grass
[ERROR] 13:39:39:322 GameCard/(5551:5551): Ya existe el BitMap
[INFO] 13:39:39:323 GameCard/(5551:5551): Punto de montaje del directorio Metadata es: /home/utnso/Escritorio/tall-grass/Metadata
[INFO] 13:39:39:323 GameCard/(5551:5551): El BitMap se encuentra en: /home/utnso/Escritorio/tall-grass/Metadata/BitMap.bin
[INFO] 13:39:39:323 GameCard/(5551:5551): Punto de montaje del directorio Files es: /home/utnso/Escritorio/tall-grass/Files
[INFO] 13:39:39:324 GameCard/(5551:5551): Punto de montaje del directorio Blocks es: /home/utnso/Escritorio/tall-grass/Blocks
[INFO] 13:39:39:326 GameCard/(5551:5555): Escuchando GET de BROKER en socket: 9
[INFO] 13:39:39:329 GameCard/(5551:5554): Escuchando CATCH de BROKER en socket: 8
[INFO] 13:39:39:329 GameCard/(5551:5553): Escuchando NEW de BROKER en socket: 7
[INFO] 13:39:49:334 GameCard/(5551:5556): Conexion con BROKER en buen estado, verificando nuevamente en 10 segundos
[INFO] 13:39:59:339 GameCard/(5551:5556): Conexion con BROKER en buen estado, verificando nuevamente en 10 segundos
[INFO] 13:40:55:748 GameCard/(5663:5663): Lenavando el Tall Grass
[ERROR] 13:40:55:754 GameCard/(5663:5663): Ya existe el BitMap
[INFO] 13:40:55:754 GameCard/(5663:5663): Punto de montaje del directorio Metadata es: /home/utnso/Escritorio/tall-grass/Metadata
[INFO] 13:40:55:754 GameCard/(5663:5663): El BitMap se encuentra en: /home/utnso/Escritorio/tall-grass/Metadata/BitMap.bin
[INFO] 13:40:55:754 GameCard/(5663:5663): Punto de montaje del directorio Files es: /home/utnso/Escritorio/tall-grass/Files
[INFO] 13:40:55:754 GameCard/(5663:5663): Punto de montaje del directorio Blocks es: /home/utnso/Escritorio/tall-grass/Blocks
[INFO] 13:40:55:755 GameCard/(5663:5667): Escuchando GET de BROKER en socket: 9
[INFO] 13:40:55:756 GameCard/(5663:5666): Escuchando CATCH de BROKER en socket: 8
[INFO] 13:40:55:757 GameCard/(5663:5665): Escuchando NEW de BROKER en socket: 7
[INFO] 13:41:05:756 GameCard/(5663:5668): Conexion con BROKER en buen estado, verificando nuevamente en 10 segundos
[ERROR] 13:41:15:759 GameCard/(5663:5668): Reconexion con BROKER fallida, intentando nuevamente en 10 segundos
[ERROR] 13:41:25:759 GameCard/(5663:5668): Reconexion con BROKER fallida, intentando nuevamente en 10 segundos
[INFO] 13:45:15:515 GameCard/(5917:5917): Lenavando el Tall Grass
[ERROR] 13:45:15:521 GameCard/(5917:5917): Ya existe el BitMap
[INFO] 13:45:15:521 GameCard/(5917:5917): Punto de montaje del directorio Metadata es: /home/utnso/Escritorio/tall-grass/Metadata
[INFO] 13:45:15:522 GameCard/(5917:5917): El BitMap se encuentra en: /home/utnso/Escritorio/tall-grass/Metadata/BitMap.bin
[INFO] 13:45:15:526 GameCard/(5917:5917): Punto de montaje del directorio Files es: /home/utnso/Escritorio/tall-grass/Files
[INFO] 13:45:15:526 GameCard/(5917:5917): Punto de montaje del directorio Blocks es: /home/utnso/Escritorio/tall-grass/Blocks
[INFO] 13:45:15:527 GameCard/(5917:5924): Escuchando GET de BROKER en socket: 9
[INFO] 13:45:15:528 GameCard/(5917:5923): Escuchando CATCH de BROKER en socket: 8
[INFO] 13:45:15:528 GameCard/(5917:5922): Escuchando NEW de BROKER en socket: 7
[INFO] 13:45:25:528 GameCard/(5917:5925): Conexion con BROKER en buen estado, verificando nuevamente en 10 segundos
[ERROR] 13:45:35:529 GameCard/(5917:5925): Reconexion con BROKER fallida, intentando nuevamente en 10 segundos
[ERROR] 13:45:45:529 GameCard/(5917:5925): Reconexion con BROKER fallida, intentando nuevamente en 10 segundos
[INFO] 13:51:25:484 GameCard/(6054:6054): Lenavando el Tall Grass
[ERROR] 13:51:25:484 GameCard/(6054:6054): Ya existe el BitMap
[INFO] 13:51:25:484 GameCard/(6054:6054): Punto de montaje del directorio Metadata es: /home/utnso/Escritorio/tall-grass/Metadata
[INFO] 13:51:25:485 GameCard/(6054:6054): El BitMap se encuentra en: /home/utnso/Escritorio/tall-grass/Metadata/BitMap.bin
[INFO] 13:51:25:485 GameCard/(6054:6054): Punto de montaje del directorio Files es: /home/utnso/Escritorio/tall-grass/Files
[INFO] 13:51:25:485 GameCard/(6054:6054): Punto de montaje del directorio Blocks es: /home/utnso/Escritorio/tall-grass/Blocks
[INFO] 13:51:25:486 GameCard/(6054:6061): Escuchando GET de BROKER en socket: 9
[INFO] 13:51:25:487 GameCard/(6054:6060): Escuchando CATCH de BROKER en socket: 8
[INFO] 13:51:25:487 GameCard/(6054:6059): Escuchando NEW de BROKER en socket: 7
[INFO] 13:51:35:487 GameCard/(6054:6062): Iniciando verificacion de conexion con BROKER...
[INFO] 13:51:35:487 GameCard/(6054:6062): Conexion con BROKER en buen estado, verificando nuevamente en 10 segundos
[INFO] 13:51:45:488 GameCard/(6054:6062): Iniciando verificacion de conexion con BROKER...
[INFO] 13:51:45:488 GameCard/(6054:6062): Reconexion con broker necesaria
[ERROR] 13:51:45:488 GameCard/(6054:6062): Reconexion con BROKER fallida, intentando nuevamente en 10 segundos
[INFO] 13:51:55:489 GameCard/(6054:6062): Iniciando verificacion de conexion con BROKER...
[INFO] 13:51:55:489 GameCard/(6054:6062): Reconexion con broker necesaria
[ERROR] 13:51:55:489 GameCard/(6054:6062): Reconexion con BROKER fallida, intentando nuevamente en 10 segundos
[INFO] 13:52:05:490 GameCard/(6054:6062): Iniciando verificacion de conexion con BROKER...
[INFO] 13:52:05:490 GameCard/(6054:6062): Reconexion con broker necesaria
[ERROR] 13:52:05:491 GameCard/(6054:6062): Reconexion con BROKER fallida, intentando nuevamente en 10 segundos
[INFO] 13:52:15:491 GameCard/(6054:6062): Iniciando verificacion de conexion con BROKER...
[INFO] 13:52:15:492 GameCard/(6054:6062): Reconexion con broker necesaria
[INFO] 13:55:03:49 GameCard/(6199:6199): Lenavando el Tall Grass
[ERROR] 13:55:03:49 GameCard/(6199:6199): Ya existe el BitMap
[INFO] 13:55:03:50 GameCard/(6199:6199): Punto de montaje del directorio Metadata es: /home/utnso/Escritorio/tall-grass/Metadata
[INFO] 13:55:03:50 GameCard/(6199:6199): El BitMap se encuentra en: /home/utnso/Escritorio/tall-grass/Metadata/BitMap.bin
[INFO] 13:55:03:50 GameCard/(6199:6199): Punto de montaje del directorio Files es: /home/utnso/Escritorio/tall-grass/Files
[INFO] 13:55:03:50 GameCard/(6199:6199): Punto de montaje del directorio Blocks es: /home/utnso/Escritorio/tall-grass/Blocks
[INFO] 13:55:03:52 GameCard/(6199:6206): Escuchando GET de BROKER en socket: 9
[INFO] 13:55:03:53 GameCard/(6199:6205): Escuchando CATCH de BROKER en socket: 8
[INFO] 13:55:03:53 GameCard/(6199:6204): Escuchando NEW de BROKER en socket: 7
[INFO] 13:55:13:53 GameCard/(6199:6207): Iniciando verificacion de conexion con BROKER...
[INFO] 13:55:13:53 GameCard/(6199:6207): Conexion con BROKER en buen estado, verificando nuevamente en 10 segundos
[INFO] 13:55:23:54 GameCard/(6199:6207): Iniciando verificacion de conexion con BROKER...
[INFO] 13:55:23:54 GameCard/(6199:6207): Conexion con BROKER en buen estado, verificando nuevamente en 10 segundos
[INFO] 13:55:33:54 GameCard/(6199:6207): Iniciando verificacion de conexion con BROKER...
[INFO] 13:55:33:54 GameCard/(6199:6207): Reconexion con broker necesaria
[INFO] 13:55:33:55 GameCard/(6199:6207): A
[ERROR] 13:55:33:55 GameCard/(6199:6207): Reconexion con BROKER fallida, intentando nuevamente en 10 segundos
[INFO] 13:55:43:55 GameCard/(6199:6207): Iniciando verificacion de conexion con BROKER...
[INFO] 13:55:43:55 GameCard/(6199:6207): Reconexion con broker necesaria
[INFO] 13:55:43:56 GameCard/(6199:6207): A
[ERROR] 13:55:43:56 GameCard/(6199:6207): Reconexion con BROKER fallida, intentando nuevamente en 10 segundos
[INFO] 13:55:53:56 GameCard/(6199:6207): Iniciando verificacion de conexion con BROKER...
[INFO] 13:55:53:56 GameCard/(6199:6207): Reconexion con broker necesaria
[INFO] 13:55:53:56 GameCard/(6199:6207): A
[ERROR] 13:55:53:56 GameCard/(6199:6207): Reconexion con BROKER fallida, intentando nuevamente en 10 segundos
[INFO] 13:56:03:56 GameCard/(6199:6207): Iniciando verificacion de conexion con BROKER...
[INFO] 13:56:03:57 GameCard/(6199:6207): Reconexion con broker necesaria
[INFO] 13:56:03:57 GameCard/(6199:6207): A
[INFO] 13:56:03:57 GameCard/(6199:6207): B
[INFO] 13:56:03:57 GameCard/(6199:6207): B PRIMA
[INFO] 13:56:03:57 GameCard/(6199:6207): C
[INFO] 13:56:03:57 GameCard/(6199:6207): D
[INFO] 13:56:03:58 GameCard/(6199:6207): E
[INFO] 13:56:03:58 GameCard/(6199:6207): F
[INFO] 13:56:03:58 GameCard/(6199:6207): G
[INFO] 13:56:03:58 GameCard/(6199:6207): H
[INFO] 13:56:03:59 GameCard/(6199:6207): I
[INFO] 13:56:03:59 GameCard/(6199:6207): J
[INFO] 14:01:52:116 GameCard/(6397:6397): Lenavando el Tall Grass
[ERROR] 14:01:52:121 GameCard/(6397:6397): Ya existe el BitMap
[INFO] 14:01:52:121 GameCard/(6397:6397): Punto de montaje del directorio Metadata es: /home/utnso/Escritorio/tall-grass/Metadata
[INFO] 14:01:52:121 GameCard/(6397:6397): El BitMap se encuentra en: /home/utnso/Escritorio/tall-grass/Metadata/BitMap.bin
[INFO] 14:01:52:121 GameCard/(6397:6397): Punto de montaje del directorio Files es: /home/utnso/Escritorio/tall-grass/Files
[INFO] 14:01:52:121 GameCard/(6397:6397): Punto de montaje del directorio Blocks es: /home/utnso/Escritorio/tall-grass/Blocks
[INFO] 14:01:52:122 GameCard/(6397:6401): Escuchando GET de BROKER en socket: 9
[INFO] 14:01:52:122 GameCard/(6397:6400): Escuchando CATCH de BROKER en socket: 8
[INFO] 14:01:52:122 GameCard/(6397:6399): Escuchando NEW de BROKER en socket: 7
[INFO] 14:02:02:122 GameCard/(6397:6402): Iniciando verificacion de conexion con BROKER...
[INFO] 14:02:02:122 GameCard/(6397:6402): Conexion con BROKER en buen estado, verificando nuevamente en 10 segundos
[INFO] 14:02:12:123 GameCard/(6397:6402): Iniciando verificacion de conexion con BROKER...
[INFO] 14:02:12:123 GameCard/(6397:6402): Conexion con BROKER en buen estado, verificando nuevamente en 10 segundos
[INFO] 14:02:22:123 GameCard/(6397:6402): Iniciando verificacion de conexion con BROKER...
[INFO] 14:02:22:124 GameCard/(6397:6402): Reconexion con broker necesaria
[INFO] 14:02:22:124 GameCard/(6397:6402): A
[ERROR] 14:02:22:125 GameCard/(6397:6402): Reconexion con BROKER fallida, intentando nuevamente en 10 segundos
[INFO] 14:02:32:125 GameCard/(6397:6402): Iniciando verificacion de conexion con BROKER...
[INFO] 14:02:32:126 GameCard/(6397:6402): Reconexion con broker necesaria
[INFO] 14:02:32:126 GameCard/(6397:6402): A
[ERROR] 14:02:32:126 GameCard/(6397:6402): Reconexion con BROKER fallida, intentando nuevamente en 10 segundos
[INFO] 14:02:42:126 GameCard/(6397:6402): Iniciando verificacion de conexion con BROKER...
[INFO] 14:02:42:127 GameCard/(6397:6402): Reconexion con broker necesaria
[INFO] 14:02:42:127 GameCard/(6397:6402): A
[ERROR] 14:02:42:127 GameCard/(6397:6402): Reconexion con BROKER fallida, intentando nuevamente en 10 segundos
[INFO] 14:02:52:127 GameCard/(6397:6402): Iniciando verificacion de conexion con BROKER...
[INFO] 14:02:52:127 GameCard/(6397:6402): Reconexion con broker necesaria
[INFO] 14:02:52:128 GameCard/(6397:6402): A
[INFO] 14:02:52:128 GameCard/(6397:6402): B
[INFO] 14:02:52:128 GameCard/(6397:6402): B PRIMA
[INFO] 14:02:52:128 GameCard/(6397:6402): C
[INFO] 14:02:52:128 GameCard/(6397:6402): D
[INFO] 14:02:52:128 GameCard/(6397:6402): E
[INFO] 14:02:52:128 GameCard/(6397:6402): F
[INFO] 14:02:52:129 GameCard/(6397:6402): G
[INFO] 14:02:52:129 GameCard/(6397:6402): H
[INFO] 14:02:52:129 GameCard/(6397:6402): I
[INFO] 14:02:52:129 GameCard/(6397:6402): J
[INFO] 14:04:18:355 GameCard/(6514:6514): Lenavando el Tall Grass
[ERROR] 14:04:18:356 GameCard/(6514:6514): Ya existe el BitMap
[INFO] 14:04:18:357 GameCard/(6514:6514): Punto de montaje del directorio Metadata es: /home/utnso/Escritorio/tall-grass/Metadata
[INFO] 14:04:18:357 GameCard/(6514:6514): El BitMap se encuentra en: /home/utnso/Escritorio/tall-grass/Metadata/BitMap.bin
[INFO] 14:04:18:357 GameCard/(6514:6514): Punto de montaje del directorio Files es: /home/utnso/Escritorio/tall-grass/Files
[INFO] 14:04:18:357 GameCard/(6514:6514): Punto de montaje del directorio Blocks es: /home/utnso/Escritorio/tall-grass/Blocks
[INFO] 14:04:18:358 GameCard/(6514:6521): Escuchando GET de BROKER en socket: 9
[INFO] 14:04:18:358 GameCard/(6514:6520): Escuchando CATCH de BROKER en socket: 8
[INFO] 14:04:18:358 GameCard/(6514:6519): Escuchando NEW de BROKER en socket: 7
[INFO] 14:04:28:358 GameCard/(6514:6522): Iniciando verificacion de conexion con BROKER...
[INFO] 14:04:28:358 GameCard/(6514:6522): Conexion con BROKER en buen estado, verificando nuevamente en 10 segundos
[INFO] 14:04:38:358 GameCard/(6514:6522): Iniciando verificacion de conexion con BROKER...
[INFO] 14:04:38:358 GameCard/(6514:6522): Reconexion con broker necesaria
[INFO] 14:04:38:359 GameCard/(6514:6522): A
[ERROR] 14:04:38:359 GameCard/(6514:6522): Reconexion con BROKER fallida, intentando nuevamente en 10 segundos
[INFO] 14:04:48:359 GameCard/(6514:6522): Iniciando verificacion de conexion con BROKER...
[INFO] 14:04:48:359 GameCard/(6514:6522): Reconexion con broker necesaria
[INFO] 14:04:48:360 GameCard/(6514:6522): A
[ERROR] 14:04:48:360 GameCard/(6514:6522): Reconexion con BROKER fallida, intentando nuevamente en 10 segundos
[INFO] 14:04:58:360 GameCard/(6514:6522): Iniciando verificacion de conexion con BROKER...
[INFO] 14:04:58:360 GameCard/(6514:6522): Reconexion con broker necesaria
[INFO] 14:04:58:361 GameCard/(6514:6522): A
[INFO] 14:04:58:361 GameCard/(6514:6522): B
[INFO] 14:04:58:361 GameCard/(6514:6522): B PRIMA
[INFO] 14:04:58:361 GameCard/(6514:6522): C
[INFO] 14:04:58:361 GameCard/(6514:6522): D
[INFO] 14:04:58:361 GameCard/(6514:6522): E
[INFO] 14:04:58:361 GameCard/(6514:6522): F
[INFO] 14:04:58:361 GameCard/(6514:6522): G
[INFO] 14:04:58:362 GameCard/(6514:6522): H
[INFO] 14:04:58:362 GameCard/(6514:6522): I
[INFO] 14:04:58:362 GameCard/(6514:6522): J
[INFO] 14:04:58:362 GameCard/(6514:6522): K
[INFO] 14:04:58:362 GameCard/(6514:6522): L
[INFO] 14:04:58:362 GameCard/(6514:6522): M
[INFO] 14:04:58:362 GameCard/(6514:6522): Reconexion con BROKER exitosa, verificando nuevamente en 10 segundos
[INFO] 14:05:08:362 GameCard/(6514:6522): Iniciando verificacion de conexion con BROKER...
[INFO] 14:05:08:363 GameCard/(6514:6522): Reconexion con broker necesaria
[INFO] 14:05:08:363 GameCard/(6514:6522): A
[INFO] 14:05:08:363 GameCard/(6514:6522): B
[INFO] 14:05:08:363 GameCard/(6514:6522): B PRIMA
[INFO] 14:05:08:363 GameCard/(6514:6522): C
[INFO] 14:05:08:363 GameCard/(6514:6522): D
[INFO] 14:05:08:364 GameCard/(6514:6522): E
[INFO] 14:05:08:364 GameCard/(6514:6522): F
[INFO] 14:05:08:364 GameCard/(6514:6522): G
[INFO] 14:05:08:364 GameCard/(6514:6522): H
[INFO] 14:05:08:364 GameCard/(6514:6522): I
[INFO] 14:05:08:364 GameCard/(6514:6522): J
[INFO] 14:05:08:364 GameCard/(6514:6522): K
[INFO] 14:05:08:364 GameCard/(6514:6522): L
[INFO] 14:05:08:365 GameCard/(6514:6522): M
[INFO] 14:05:08:365 GameCard/(6514:6522): Reconexion con BROKER exitosa, verificando nuevamente en 10 segundos
[INFO] 14:05:18:365 GameCard/(6514:6522): Iniciando verificacion de conexion con BROKER...
[INFO] 14:05:18:365 GameCard/(6514:6522): Reconexion con broker necesaria
[INFO] 14:05:18:366 GameCard/(6514:6522): A
[INFO] 14:05:18:366 GameCard/(6514:6522): B
[INFO] 14:05:18:366 GameCard/(6514:6522): B PRIMA
[INFO] 14:05:18:366 GameCard/(6514:6522): C
[INFO] 14:05:18:366 GameCard/(6514:6522): D
[INFO] 14:05:18:366 GameCard/(6514:6522): E
[INFO] 14:05:18:367 GameCard/(6514:6522): F
[INFO] 14:05:18:367 GameCard/(6514:6522): G
[INFO] 14:05:18:367 GameCard/(6514:6522): H
[INFO] 14:05:18:367 GameCard/(6514:6522): I
[INFO] 14:05:18:367 GameCard/(6514:6522): J
[INFO] 14:05:18:367 GameCard/(6514:6522): K
[INFO] 14:05:18:367 GameCard/(6514:6522): L
[INFO] 14:05:18:367 GameCard/(6514:6522): M
[INFO] 14:05:18:367 GameCard/(6514:6522): Reconexion con BROKER exitosa, verificando nuevamente en 10 segundos
[INFO] 14:05:28:368 GameCard/(6514:6522): Iniciando verificacion de conexion con BROKER...
[INFO] 14:05:28:368 GameCard/(6514:6522): Conexion con BROKER en buen estado, verificando nuevamente en 10 segundos
[INFO] 14:05:38:369 GameCard/(6514:6522): Iniciando verificacion de conexion con BROKER...
[INFO] 14:05:38:369 GameCard/(6514:6522): Conexion con BROKER en buen estado, verificando nuevamente en 10 segundos
[INFO] 14:05:48:369 GameCard/(6514:6522): Iniciando verificacion de conexion con BROKER...
[INFO] 14:05:48:369 GameCard/(6514:6522): Conexion con BROKER en buen estado, verificando nuevamente en 10 segundos
[INFO] 14:05:58:370 GameCard/(6514:6522): Iniciando verificacion de conexion con BROKER...
[INFO] 14:05:58:370 GameCard/(6514:6522): Conexion con BROKER en buen estado, verificando nuevamente en 10 segundos
[INFO] 14:06:08:370 GameCard/(6514:6522): Iniciando verificacion de conexion con BROKER...
[INFO] 14:06:08:370 GameCard/(6514:6522): Conexion con BROKER en buen estado, verificando nuevamente en 10 segundos
[INFO] 14:06:18:371 GameCard/(6514:6522): Iniciando verificacion de conexion con BROKER...
[INFO] 14:06:18:371 GameCard/(6514:6522): Reconexion con broker necesaria
[INFO] 14:06:18:373 GameCard/(6514:6522): A
[INFO] 14:06:18:373 GameCard/(6514:6522): B
[INFO] 14:06:18:373 GameCard/(6514:6522): B PRIMA
[INFO] 14:06:18:374 GameCard/(6514:6522): C
[INFO] 14:06:18:374 GameCard/(6514:6522): D
[INFO] 14:06:18:375 GameCard/(6514:6522): E
[INFO] 14:06:18:375 GameCard/(6514:6522): F
[INFO] 14:06:18:376 GameCard/(6514:6522): G
[INFO] 14:06:18:377 GameCard/(6514:6522): H
[INFO] 14:06:18:377 GameCard/(6514:6522): I
[INFO] 14:06:18:377 GameCard/(6514:6522): J
[INFO] 14:06:18:377 GameCard/(6514:6522): K
[INFO] 14:06:18:378 GameCard/(6514:6522): L
[INFO] 14:06:18:378 GameCard/(6514:6522): M
[INFO] 14:06:18:378 GameCard/(6514:6522): Reconexion con BROKER exitosa, verificando nuevamente en 10 segundos
[INFO] 14:06:21:850 GameCard/(6514:6519): El metadata del pokemon fue actualizado
[INFO] 14:06:21:850 GameCard/(6514:6519): SIZE = 6
[INFO] 14:06:21:850 GameCard/(6514:6519): BLOCKS = [0]
[INFO] 14:06:26:850 GameCard/(6514:6519): Enviando APPEARED por socket: -1
[INFO] 14:06:26:851 GameCard/(6514:6519): APPEARED enviado
