[INFO] 17:25:35:317 Broker/(3863:3864): Nueva conexion de un proceso con socket cliente 7
[INFO] 17:25:35:317 Broker/(3863:3864): Nueva conexion de un proceso con socket cliente 8
[INFO] 17:25:35:317 Broker/(3863:3864): Nueva conexion de un proceso con socket cliente 9
[INFO] 17:25:35:320 Broker/(3863:3874): Modulo con id 1804289383 agregado correctamente en la cola de GET
[INFO] 17:25:35:322 Broker/(3863:3872): Modulo con id 1804289383 agregado correctamente en la cola de NEW
[INFO] 17:25:35:323 Broker/(3863:3873): Modulo con id 1804289383 agregado correctamente en la cola de CATCH
[INFO] 17:27:16:166 Broker/(3863:3864): Nueva conexion de un proceso con socket cliente 10
[INFO] 17:27:16:171 Broker/(3863:4036): Mensaje NEW con id 4 encolado
[INFO] 17:27:16:171 Broker/(3863:3865): Guardando mensaje con id 4 en particion 0x858afc0
[INFO] 17:27:16:191 Broker/(3863:4037): Mensaje NEW con id 4 al cliente 1804289383 socket 7 enviado correctamente
[INFO] 17:27:16:191 Broker/(3863:4037): ACK de cliente 1804289383 socket 7 recibido
[INFO] 18:14:24:568 Broker/(5263:5264): Nueva conexion de un proceso con socket cliente 7
[INFO] 18:14:24:569 Broker/(5263:5264): Nueva conexion de un proceso con socket cliente 8
[INFO] 18:14:24:570 Broker/(5263:5264): Nueva conexion de un proceso con socket cliente 9
[INFO] 18:14:24:575 Broker/(5263:5280): Modulo con id 1804289383 agregado correctamente en la cola de CATCH
[INFO] 18:14:24:577 Broker/(5263:5279): Modulo con id 1804289383 agregado correctamente en la cola de NEW
[INFO] 18:14:24:578 Broker/(5263:5281): Modulo con id 1804289383 agregado correctamente en la cola de GET
[INFO] 18:14:36:538 Broker/(5263:5264): Nueva conexion de un proceso con socket cliente 10
[INFO] 18:14:36:544 Broker/(5263:5285): Mensaje NEW con id 4 encolado
[INFO] 18:14:36:544 Broker/(5263:5265): Guardando mensaje con id 4 en particion 0x9b4afc0
[INFO] 18:14:36:546 Broker/(5263:5286): Mensaje NEW con id 4 al cliente 1804289383 socket 7 enviado correctamente
[INFO] 18:14:36:546 Broker/(5263:5286): ACK de cliente 1804289383 socket 7 recibido
[INFO] 18:14:41:553 Broker/(5263:5264): Nueva conexion de un proceso con socket cliente 11
[INFO] 18:14:41:559 Broker/(5263:5287): Mensaje APPEARED con id 5 encolado
[INFO] 18:14:41:559 Broker/(5263:5266): Guardando mensaje con id 5 en particion 0x9b4afd4
[INFO] 18:15:32:755 Broker/(5263:5264): Nueva conexion de un proceso con socket cliente 12
[INFO] 18:15:32:760 Broker/(5263:5298): Mensaje CAUGHT con id 6 encolado
[INFO] 18:15:32:760 Broker/(5263:5268): Guardando mensaje con id 6 en particion 0x9b4afe4
[INFO] 18:16:16:499 Broker/(5263:5264): Nueva conexion de un proceso con socket cliente 13
[INFO] 18:16:16:504 Broker/(5263:5305): Mensaje CATCH con id 7 encolado
[INFO] 18:16:16:505 Broker/(5263:5267): Guardando mensaje con id 7 en particion 0x9b4afe8
[INFO] 18:16:16:535 Broker/(5263:5306): Mensaje CATCH con id 7 al cliente 1804289383 socket 8 enviado correctamente
[INFO] 18:16:16:536 Broker/(5263:5306): ACK de cliente 1804289383 socket 8 recibido
[INFO] 18:16:21:510 Broker/(5263:5264): Nueva conexion de un proceso con socket cliente 14
[INFO] 18:16:21:516 Broker/(5263:5307): Mensaje CAUGHT con id 8 encolado
[INFO] 18:16:21:516 Broker/(5263:5268): Guardando mensaje con id 8 en particion 0x9b4aff8
[INFO] 18:17:19:113 Broker/(5263:5264): Nueva conexion de un proceso con socket cliente 15
[INFO] 18:17:19:137 Broker/(5263:5328): Mensaje GET con id 9 encolado
[INFO] 18:17:19:137 Broker/(5263:5269): Guardando mensaje con id 9 en particion 0x9b4affc
[INFO] 18:17:53:242 Broker/(5263:5264): Nueva conexion de un proceso con socket cliente 16
[INFO] 18:17:53:247 Broker/(5263:5338): Mensaje GET con id 10 encolado
[INFO] 18:17:53:247 Broker/(5263:5329): Guardando mensaje con id 9 en particion 0x9b4b004
[INFO] 18:20:01:695 Broker/(5380:5381): Nueva conexion de un proceso con socket cliente 7
[INFO] 18:20:01:701 Broker/(5380:5381): Nueva conexion de un proceso con socket cliente 8
[INFO] 18:20:01:702 Broker/(5380:5381): Nueva conexion de un proceso con socket cliente 9
[INFO] 18:20:01:704 Broker/(5380:5389): Modulo con id 1804289383 agregado correctamente en la cola de NEW
[INFO] 18:20:01:708 Broker/(5380:5390): Modulo con id 1804289383 agregado correctamente en la cola de CATCH
[INFO] 18:20:01:709 Broker/(5380:5391): Modulo con id 1804289383 agregado correctamente en la cola de GET
[INFO] 18:20:08:150 Broker/(5380:5381): Nueva conexion de un proceso con socket cliente 10
[INFO] 18:20:08:154 Broker/(5380:5404): Mensaje GET con id 4 encolado
[INFO] 18:20:08:154 Broker/(5380:5386): Guardando mensaje con id 4 en particion 0x99c4fc0
[INFO] 18:21:10:652 Broker/(5380:5381): Nueva conexion de un proceso con socket cliente 11
