[INFO] 16:44:23:851 Team/(6918:6918): logger extenso iniciado
[INFO] 16:44:23:851 Team/(6918:6918): logger de la catedra iniciado
[INFO] 16:44:23:851 Team/(6918:6918): La IP es: 127.0.0.1
[INFO] 16:44:23:851 Team/(6918:6918): El puerto es: 4445
[INFO] 16:44:23:851 Team/(6918:6918): La IP del Broker es: 127.0.0.1
[INFO] 16:44:23:851 Team/(6918:6918): El puerto del Broker es: 4444
[INFO] 16:44:23:851 Team/(6918:6918): El Id de Team es: 5
[INFO] 16:44:23:851 Team/(6918:6918): La busqueda de deadlocks se corre cada 20 segundos
[INFO] 16:44:23:852 Team/(6918:6918): La conexion al Broker se verifica cada 30 segundos
[INFO] 16:44:23:852 Team/(6918:6918): EL tiempo de retardo de CPU es cada 5 segundos
[INFO] 16:44:23:852 Team/(6918:6918): EL algoritmo de planificacion es FIFO
[INFO] 16:44:23:852 Team/(6918:6918): El id del modulo es 1805684179
[INFO] 16:44:23:852 Team/(6918:6918): Objetivos para el entrenador 0: Pikachu|Squirtle
[INFO] 16:44:23:852 Team/(6918:6918): Posiciones para el entrenador 0: 1|3
[INFO] 16:44:23:852 Team/(6918:6918): Pokemones para el entrenador 0: Pikachu
[INFO] 16:44:23:852 Team/(6918:6918): Llego token objetivo pikachu para el entrenador 0
[INFO] 16:44:23:852 Team/(6918:6918): Llego token objetivo squirtle para el entrenador 0
[INFO] 16:44:23:852 Team/(6918:6918): Llego token pokemon pikachu
[INFO] 16:44:23:853 Team/(6918:6918): Posicion X del entrenador 0: 1
[INFO] 16:44:23:853 Team/(6918:6918): Posicion Y del entrenador 0: 3
[INFO] 16:44:23:853 Team/(6918:6918): Estado del entrenador 0: 1111
[INFO] 16:44:23:853 Team/(6918:6918): Objetivo del entrenador 0: pikachu
[INFO] 16:44:23:853 Team/(6918:6918): Objetivo del entrenador 0: squirtle
[INFO] 16:44:23:853 Team/(6918:6918): Objetivo actual del entrenador 0: squirtle
[INFO] 16:44:23:853 Team/(6918:6918): Pokemon del entrenador 0: pikachu
[INFO] 16:44:23:853 Team/(6918:6918): Objetivos para el entrenador 1: Pikachu|Gengar
[INFO] 16:44:23:853 Team/(6918:6918): Posiciones para el entrenador 1: 2|3
[INFO] 16:44:23:853 Team/(6918:6918): Pokemones para el entrenador 1: 
[INFO] 16:44:23:853 Team/(6918:6918): Llego token objetivo pikachu para el entrenador 1
[INFO] 16:44:23:853 Team/(6918:6918): Llego token objetivo gengar para el entrenador 1
[INFO] 16:44:23:854 Team/(6918:6918): No existen pokemones para el entrenador 1
[INFO] 16:44:23:854 Team/(6918:6918): Posicion X del entrenador 1: 2
[INFO] 16:44:23:854 Team/(6918:6918): Posicion Y del entrenador 1: 3
[INFO] 16:44:23:854 Team/(6918:6918): Estado del entrenador 1: 1111
[INFO] 16:44:23:854 Team/(6918:6918): Objetivo del entrenador 1: pikachu
[INFO] 16:44:23:854 Team/(6918:6918): Objetivo del entrenador 1: gengar
[INFO] 16:44:23:854 Team/(6918:6918): Objetivo actual del entrenador 1: pikachu
[INFO] 16:44:23:854 Team/(6918:6918): Objetivo actual del entrenador 1: gengar
[INFO] 16:44:23:854 Team/(6918:6918): Objetivos para el entrenador 2: Squirtle|Onix
[INFO] 16:44:23:854 Team/(6918:6918): Posiciones para el entrenador 2: 3|2
[INFO] 16:44:23:854 Team/(6918:6918): Pokemones para el entrenador 2: 
[INFO] 16:44:23:854 Team/(6918:6918): Llego token objetivo squirtle para el entrenador 2
[INFO] 16:44:23:855 Team/(6918:6918): Llego token objetivo onix para el entrenador 2
[INFO] 16:44:23:855 Team/(6918:6918): No existen pokemones para el entrenador 2
[INFO] 16:44:23:855 Team/(6918:6918): Posicion X del entrenador 2: 3
[INFO] 16:44:23:855 Team/(6918:6918): Posicion Y del entrenador 2: 2
[INFO] 16:44:23:855 Team/(6918:6918): Estado del entrenador 2: 1111
[INFO] 16:44:23:855 Team/(6918:6918): Objetivo del entrenador 2: squirtle
[INFO] 16:44:23:855 Team/(6918:6918): Objetivo del entrenador 2: onix
[INFO] 16:44:23:855 Team/(6918:6918): Objetivo actual del entrenador 2: squirtle
[INFO] 16:44:23:855 Team/(6918:6918): Objetivo actual del entrenador 2: onix
[INFO] 16:44:23:855 Team/(6918:6918): Obteniendo objetivo global
[INFO] 16:44:23:855 Team/(6918:6918): Objetivo global: squirtle
[INFO] 16:44:23:855 Team/(6918:6918): Objetivo global: pikachu
[INFO] 16:44:23:855 Team/(6918:6918): Objetivo global: gengar
[INFO] 16:44:23:855 Team/(6918:6918): Objetivo global: squirtle
[INFO] 16:44:23:855 Team/(6918:6918): Objetivo global: onix
[INFO] 16:44:23:855 Team/(6918:6918): Objetivo global obtenido
[INFO] 16:44:23:856 Team/(6918:6918): Obteniendo cantidad de cada pokemon a planificar
[INFO] 16:44:23:856 Team/(6918:6918): Cantidad a planificar de squirtle: 1
[INFO] 16:44:23:856 Team/(6918:6918): Cantidad a planificar de pikachu: 1
[INFO] 16:44:23:856 Team/(6918:6918): Cantidad a planificar de gengar: 1
[INFO] 16:44:23:856 Team/(6918:6918): Cantidad a planificar de squirtle: 2
[INFO] 16:44:23:856 Team/(6918:6918): Cantidad a planificar de onix: 1
[INFO] 16:44:23:856 Team/(6918:6918): Cantidad de cada pokemon a planificar obtenida
[INFO] 16:44:23:856 Team/(6918:6918): Inicializando colas
[INFO] 16:44:23:856 Team/(6918:6918): Iniciando semaforo de entrenadores libres en 3
[INFO] 16:44:23:856 Team/(6918:6918): Colas inicializadas
[INFO] 16:44:23:856 Team/(6918:6918): Mandando gets
[INFO] 16:44:23:856 Team/(6918:6925): Escucho localized de BROKER
[INFO] 16:44:23:856 Team/(6918:6926): Hilo de verificacion periodica de conexion con Broker iniciado
[INFO] 16:44:23:856 Team/(6918:6927): Hilo de busqueda de deadlocks iniciado
[INFO] 16:44:23:856 Team/(6918:6928): Trabajo de entrenador 0 comenzado
[INFO] 16:44:23:856 Team/(6918:6929): Trabajo de entrenador 1 comenzado
[INFO] 16:44:23:856 Team/(6918:6930): Trabajo de entrenador 2 comenzado
[INFO] 16:44:23:857 Team/(6918:6931): Enviando get correspondiente al pokemon squirtle
[INFO] 16:44:23:857 Team/(6918:6932): Enviando get correspondiente al pokemon pikachu
[INFO] 16:44:23:857 Team/(6918:6933): Enviando get correspondiente al pokemon gengar
[INFO] 16:44:23:857 Team/(6918:6934): Enviando get correspondiente al pokemon onix
[INFO] 16:44:23:857 Team/(6918:6931): Mensaje GET correspondiente al pokemon squirtle enviado correctamente al BROKER a traves del socket 10
[INFO] 16:44:23:857 Team/(6918:6924): Escucho caught de BROKER
[INFO] 16:44:23:857 Team/(6918:6931): Recibiendo ID del GET enviado por el Broker
[INFO] 16:44:23:857 Team/(6918:6932): Mensaje GET correspondiente al pokemon pikachu enviado correctamente al BROKER a traves del socket 11
[INFO] 16:44:23:857 Team/(6918:6932): Recibiendo ID del GET enviado por el Broker
[INFO] 16:44:23:858 Team/(6918:6934): Mensaje GET correspondiente al pokemon onix enviado correctamente al BROKER a traves del socket 12
[INFO] 16:44:23:858 Team/(6918:6934): Recibiendo ID del GET enviado por el Broker
[INFO] 16:44:23:858 Team/(6918:6933): Mensaje GET correspondiente al pokemon gengar enviado correctamente al BROKER a traves del socket 13
[INFO] 16:44:23:858 Team/(6918:6933): Recibiendo ID del GET enviado por el Broker
[INFO] 16:44:23:858 Team/(6918:6923): Escucho appeared de BROKER
[INFO] 16:44:23:858 Team/(6918:6922): Hilo planificador de tratamiento de deadlocks iniciado
[INFO] 16:44:23:858 Team/(6918:6921): Hilo planificador de mensajes caught iniciado
[INFO] 16:44:23:859 Team/(6918:6920): Hilo planificador de pokemones iniciado
[INFO] 16:44:23:860 Team/(6918:6933): El id recibido es: 2
[INFO] 16:44:23:860 Team/(6918:6933): Id del mensaje GET correspondiente al pokemon gengar es 2
[INFO] 16:44:23:861 Team/(6918:6934): El id recibido es: 3
[INFO] 16:44:23:861 Team/(6918:6934): Id del mensaje GET correspondiente al pokemon onix es 3
[INFO] 16:44:23:862 Team/(6918:6932): El id recibido es: 4
[INFO] 16:44:23:862 Team/(6918:6932): Id del mensaje GET correspondiente al pokemon pikachu es 4
[INFO] 16:44:23:863 Team/(6918:6931): El id recibido es: 6
[INFO] 16:44:23:863 Team/(6918:6931): Id del mensaje GET correspondiente al pokemon squirtle es 6
[INFO] 16:44:23:863 Team/(6918:6918): Gets mandados
[INFO] 16:44:23:864 Team/(6918:6919): Esperando mensajes de game boy en socket 5
[INFO] 16:44:43:857 Team/(6918:6927): Buscando deadlock...
[INFO] 16:44:43:857 Team/(6918:6927): Obtengo entrenadores bloqueados
[INFO] 16:44:43:857 Team/(6918:6927): Entrenadores bloqueados obtenidos
[INFO] 16:44:43:857 Team/(6918:6927): No se han encontrado deadlocks
[INFO] 16:44:53:858 Team/(6918:6926): Iniciando verificacion de conexion con Broker...
[INFO] 16:44:53:858 Team/(6918:6926): Conexion con Broker en buen estado, verificando nuevamente en 30 segundos
[INFO] 16:45:03:858 Team/(6918:6927): Buscando deadlock...
[INFO] 16:45:03:858 Team/(6918:6927): Obtengo entrenadores bloqueados
[INFO] 16:45:03:858 Team/(6918:6927): Entrenadores bloqueados obtenidos
[INFO] 16:45:03:858 Team/(6918:6927): No se han encontrado deadlocks
[INFO] 16:45:23:858 Team/(6918:6927): Buscando deadlock...
[INFO] 16:45:23:859 Team/(6918:6926): Iniciando verificacion de conexion con Broker...
[INFO] 16:45:23:860 Team/(6918:6927): Obtengo entrenadores bloqueados
[INFO] 16:45:23:860 Team/(6918:6927): Entrenadores bloqueados obtenidos
[INFO] 16:45:23:860 Team/(6918:6927): No se han encontrado deadlocks
[INFO] 16:45:23:861 Team/(6918:6926): Conexion con Broker en buen estado, verificando nuevamente en 30 segundos
[INFO] 16:45:40:475 Team/(6918:6925): Recibiendo mensaje Localized
[INFO] 16:45:40:475 Team/(6918:6925): Recibiendo tamanio total
[INFO] 16:45:40:475 Team/(6918:6925): Tamanio total recibido: 33
[INFO] 16:45:40:475 Team/(6918:6925): Id recibido: 11
[INFO] 16:45:40:475 Team/(6918:6925): Id correlativo recibido: 6
[INFO] 16:45:40:475 Team/(6918:6925): Tamanio del pokemon recibido: 9
[INFO] 16:45:40:476 Team/(6918:6925): Nombre del pokemon recibido: squirtle
[INFO] 16:45:40:476 Team/(6918:6925): Cantidad de coordenadas recibida: 0
[INFO] 16:45:40:476 Team/(6918:6925): Acknowledgement enviado al modulo Broker
[INFO] 16:45:40:476 Team/(6918:6925): Localized recibido de BROKER, pokemon squirtle en coordenadas 
[INFO] 16:45:40:476 Team/(6918:6925): pokemon squirtle llego por primera vez
[INFO] 16:45:40:478 Team/(6918:6925): Recibiendo mensaje Localized
[INFO] 16:45:40:478 Team/(6918:6925): Recibiendo tamanio total
[INFO] 16:45:40:478 Team/(6918:6925): Tamanio total recibido: 32
[INFO] 16:45:40:478 Team/(6918:6925): Id recibido: 12
[INFO] 16:45:40:479 Team/(6918:6925): Id correlativo recibido: 4
[INFO] 16:45:40:479 Team/(6918:6925): Tamanio del pokemon recibido: 8
[INFO] 16:45:40:479 Team/(6918:6925): Nombre del pokemon recibido: pikachu
[INFO] 16:45:40:479 Team/(6918:6925): Cantidad de coordenadas recibida: 0
[INFO] 16:45:40:479 Team/(6918:6925): Acknowledgement enviado al modulo Broker
[INFO] 16:45:40:479 Team/(6918:6925): Localized recibido de BROKER, pokemon pikachu en coordenadas 
[INFO] 16:45:40:479 Team/(6918:6925): pokemon pikachu llego por primera vez
[INFO] 16:45:40:480 Team/(6918:6925): Recibiendo mensaje Localized
[INFO] 16:45:40:480 Team/(6918:6925): Recibiendo tamanio total
[INFO] 16:45:40:480 Team/(6918:6925): Tamanio total recibido: 29
[INFO] 16:45:40:480 Team/(6918:6925): Id recibido: 13
[INFO] 16:45:40:480 Team/(6918:6925): Id correlativo recibido: 3
[INFO] 16:45:40:480 Team/(6918:6925): Tamanio del pokemon recibido: 5
[INFO] 16:45:40:480 Team/(6918:6925): Nombre del pokemon recibido: onix
[INFO] 16:45:40:480 Team/(6918:6925): Cantidad de coordenadas recibida: 0
[INFO] 16:45:40:480 Team/(6918:6925): Acknowledgement enviado al modulo Broker
[INFO] 16:45:40:480 Team/(6918:6925): Localized recibido de BROKER, pokemon onix en coordenadas 
[INFO] 16:45:40:480 Team/(6918:6925): pokemon onix llego por primera vez
[INFO] 16:45:43:862 Team/(6918:6927): Buscando deadlock...
[INFO] 16:45:43:862 Team/(6918:6927): Obtengo entrenadores bloqueados
[INFO] 16:45:43:862 Team/(6918:6927): Entrenadores bloqueados obtenidos
[INFO] 16:45:43:862 Team/(6918:6927): No se han encontrado deadlocks
[INFO] 16:45:45:480 Team/(6918:6925): Recibiendo mensaje Localized
[INFO] 16:45:45:480 Team/(6918:6925): Recibiendo tamanio total
[INFO] 16:45:45:480 Team/(6918:6925): Tamanio total recibido: 31
[INFO] 16:45:45:480 Team/(6918:6925): Id recibido: 14
[INFO] 16:45:45:480 Team/(6918:6925): Id correlativo recibido: 2
[INFO] 16:45:45:480 Team/(6918:6925): Tamanio del pokemon recibido: 7
[INFO] 16:45:45:480 Team/(6918:6925): Nombre del pokemon recibido: gengar
[INFO] 16:45:45:480 Team/(6918:6925): Cantidad de coordenadas recibida: 0
[INFO] 16:45:45:480 Team/(6918:6925): Acknowledgement enviado al modulo Broker
[INFO] 16:45:45:481 Team/(6918:6925): Localized recibido de BROKER, pokemon gengar en coordenadas 
[INFO] 16:45:45:481 Team/(6918:6925): pokemon gengar llego por primera vez
[INFO] 16:45:53:862 Team/(6918:6926): Iniciando verificacion de conexion con Broker...
[INFO] 16:45:53:862 Team/(6918:6926): Conexion con Broker en buen estado, verificando nuevamente en 30 segundos
[INFO] 16:46:03:863 Team/(6918:6927): Buscando deadlock...
[INFO] 16:46:03:863 Team/(6918:6927): Obtengo entrenadores bloqueados
[INFO] 16:46:03:863 Team/(6918:6927): Entrenadores bloqueados obtenidos
[INFO] 16:46:03:863 Team/(6918:6927): No se han encontrado deadlocks
[INFO] 16:46:23:862 Team/(6918:6926): Iniciando verificacion de conexion con Broker...
[INFO] 16:46:23:863 Team/(6918:6926): Conexion con Broker en buen estado, verificando nuevamente en 30 segundos
[INFO] 16:46:23:863 Team/(6918:6927): Buscando deadlock...
[INFO] 16:46:23:863 Team/(6918:6927): Obtengo entrenadores bloqueados
[INFO] 16:46:23:863 Team/(6918:6927): Entrenadores bloqueados obtenidos
[INFO] 16:46:23:863 Team/(6918:6927): No se han encontrado deadlocks
[INFO] 16:47:07:644 Team/(7209:7209): logger extenso iniciado
[INFO] 16:47:07:644 Team/(7209:7209): logger de la catedra iniciado
[INFO] 16:47:07:644 Team/(7209:7209): La IP es: 127.0.0.1
[INFO] 16:47:07:644 Team/(7209:7209): El puerto es: 4445
[INFO] 16:47:07:644 Team/(7209:7209): La IP del Broker es: 127.0.0.1
[INFO] 16:47:07:644 Team/(7209:7209): El puerto del Broker es: 4444
[INFO] 16:47:07:644 Team/(7209:7209): El Id de Team es: 5
[INFO] 16:47:07:645 Team/(7209:7209): La busqueda de deadlocks se corre cada 20 segundos
[INFO] 16:47:07:645 Team/(7209:7209): La conexion al Broker se verifica cada 30 segundos
[INFO] 16:47:07:645 Team/(7209:7209): EL tiempo de retardo de CPU es cada 5 segundos
[INFO] 16:47:07:645 Team/(7209:7209): EL algoritmo de planificacion es FIFO
[INFO] 16:47:07:645 Team/(7209:7209): El id del modulo es 248752518
[INFO] 16:47:07:645 Team/(7209:7209): Objetivos para el entrenador 0: Pikachu|Squirtle
[INFO] 16:47:07:645 Team/(7209:7209): Posiciones para el entrenador 0: 1|3
[INFO] 16:47:07:645 Team/(7209:7209): Pokemones para el entrenador 0: Pikachu
[INFO] 16:47:07:645 Team/(7209:7209): Llego token objetivo pikachu para el entrenador 0
[INFO] 16:47:07:645 Team/(7209:7209): Llego token objetivo squirtle para el entrenador 0
[INFO] 16:47:07:645 Team/(7209:7209): Llego token pokemon pikachu
[INFO] 16:47:07:645 Team/(7209:7209): Posicion X del entrenador 0: 1
[INFO] 16:47:07:646 Team/(7209:7209): Posicion Y del entrenador 0: 3
[INFO] 16:47:07:646 Team/(7209:7209): Estado del entrenador 0: 1111
[INFO] 16:47:07:646 Team/(7209:7209): Objetivo del entrenador 0: pikachu
[INFO] 16:47:07:646 Team/(7209:7209): Objetivo del entrenador 0: squirtle
[INFO] 16:47:07:646 Team/(7209:7209): Objetivo actual del entrenador 0: squirtle
[INFO] 16:47:07:646 Team/(7209:7209): Pokemon del entrenador 0: pikachu
[INFO] 16:47:07:646 Team/(7209:7209): Objetivos para el entrenador 1: Pikachu|Gengar
[INFO] 16:47:07:646 Team/(7209:7209): Posiciones para el entrenador 1: 2|3
[INFO] 16:47:07:646 Team/(7209:7209): Pokemones para el entrenador 1: 
[INFO] 16:47:07:646 Team/(7209:7209): Llego token objetivo pikachu para el entrenador 1
[INFO] 16:47:07:646 Team/(7209:7209): Llego token objetivo gengar para el entrenador 1
[INFO] 16:47:07:646 Team/(7209:7209): No existen pokemones para el entrenador 1
[INFO] 16:47:07:646 Team/(7209:7209): Posicion X del entrenador 1: 2
[INFO] 16:47:07:646 Team/(7209:7209): Posicion Y del entrenador 1: 3
[INFO] 16:47:07:647 Team/(7209:7209): Estado del entrenador 1: 1111
[INFO] 16:47:07:647 Team/(7209:7209): Objetivo del entrenador 1: pikachu
[INFO] 16:47:07:647 Team/(7209:7209): Objetivo del entrenador 1: gengar
[INFO] 16:47:07:647 Team/(7209:7209): Objetivo actual del entrenador 1: pikachu
[INFO] 16:47:07:647 Team/(7209:7209): Objetivo actual del entrenador 1: gengar
[INFO] 16:47:07:647 Team/(7209:7209): Objetivos para el entrenador 2: Squirtle|Onix
[INFO] 16:47:07:647 Team/(7209:7209): Posiciones para el entrenador 2: 3|2
[INFO] 16:47:07:647 Team/(7209:7209): Pokemones para el entrenador 2: 
[INFO] 16:47:07:647 Team/(7209:7209): Llego token objetivo squirtle para el entrenador 2
[INFO] 16:47:07:647 Team/(7209:7209): Llego token objetivo onix para el entrenador 2
[INFO] 16:47:07:647 Team/(7209:7209): No existen pokemones para el entrenador 2
[INFO] 16:47:07:647 Team/(7209:7209): Posicion X del entrenador 2: 3
[INFO] 16:47:07:647 Team/(7209:7209): Posicion Y del entrenador 2: 2
[INFO] 16:47:07:648 Team/(7209:7209): Estado del entrenador 2: 1111
[INFO] 16:47:07:648 Team/(7209:7209): Objetivo del entrenador 2: squirtle
[INFO] 16:47:07:648 Team/(7209:7209): Objetivo del entrenador 2: onix
[INFO] 16:47:07:648 Team/(7209:7209): Objetivo actual del entrenador 2: squirtle
[INFO] 16:47:07:648 Team/(7209:7209): Objetivo actual del entrenador 2: onix
[INFO] 16:47:07:648 Team/(7209:7209): Obteniendo objetivo global
[INFO] 16:47:07:648 Team/(7209:7209): Objetivo global: squirtle
[INFO] 16:47:07:648 Team/(7209:7209): Objetivo global: pikachu
[INFO] 16:47:07:648 Team/(7209:7209): Objetivo global: gengar
[INFO] 16:47:07:648 Team/(7209:7209): Objetivo global: squirtle
[INFO] 16:47:07:648 Team/(7209:7209): Objetivo global: onix
[INFO] 16:47:07:648 Team/(7209:7209): Objetivo global obtenido
[INFO] 16:47:07:648 Team/(7209:7209): Obteniendo cantidad de cada pokemon a planificar
[INFO] 16:47:07:648 Team/(7209:7209): Cantidad a planificar de squirtle: 1
[INFO] 16:47:07:648 Team/(7209:7209): Cantidad a planificar de pikachu: 1
[INFO] 16:47:07:648 Team/(7209:7209): Cantidad a planificar de gengar: 1
[INFO] 16:47:07:648 Team/(7209:7209): Cantidad a planificar de squirtle: 2
[INFO] 16:47:07:648 Team/(7209:7209): Cantidad a planificar de onix: 1
[INFO] 16:47:07:648 Team/(7209:7209): Cantidad de cada pokemon a planificar obtenida
[INFO] 16:47:07:648 Team/(7209:7209): Inicializando colas
[INFO] 16:47:07:648 Team/(7209:7209): Iniciando semaforo de entrenadores libres en 3
[INFO] 16:47:07:648 Team/(7209:7209): Colas inicializadas
[INFO] 16:47:07:649 Team/(7209:7209): Mandando gets
[INFO] 16:47:07:649 Team/(7209:7217): Escucho appeared de BROKER
[INFO] 16:47:07:649 Team/(7209:7218): Escucho caught de BROKER
[INFO] 16:47:07:649 Team/(7209:7219): Escucho localized de BROKER
[INFO] 16:47:07:649 Team/(7209:7220): Hilo de verificacion periodica de conexion con Broker iniciado
[INFO] 16:47:07:649 Team/(7209:7221): Hilo de busqueda de deadlocks iniciado
[INFO] 16:47:07:650 Team/(7209:7222): Trabajo de entrenador 0 comenzado
[INFO] 16:47:07:650 Team/(7209:7223): Trabajo de entrenador 1 comenzado
[INFO] 16:47:07:650 Team/(7209:7224): Trabajo de entrenador 2 comenzado
[INFO] 16:47:07:650 Team/(7209:7225): Enviando get correspondiente al pokemon squirtle
[INFO] 16:47:07:650 Team/(7209:7226): Enviando get correspondiente al pokemon pikachu
[INFO] 16:47:07:650 Team/(7209:7227): Enviando get correspondiente al pokemon gengar
[INFO] 16:47:07:650 Team/(7209:7228): Enviando get correspondiente al pokemon onix
[INFO] 16:47:07:650 Team/(7209:7225): Mensaje GET correspondiente al pokemon squirtle enviado correctamente al BROKER a traves del socket 10
[INFO] 16:47:07:651 Team/(7209:7225): Recibiendo ID del GET enviado por el Broker
[INFO] 16:47:07:651 Team/(7209:7228): Mensaje GET correspondiente al pokemon onix enviado correctamente al BROKER a traves del socket 11
[INFO] 16:47:07:651 Team/(7209:7228): Recibiendo ID del GET enviado por el Broker
[INFO] 16:47:07:651 Team/(7209:7226): Mensaje GET correspondiente al pokemon pikachu enviado correctamente al BROKER a traves del socket 13
[INFO] 16:47:07:651 Team/(7209:7227): Mensaje GET correspondiente al pokemon gengar enviado correctamente al BROKER a traves del socket 12
[INFO] 16:47:07:651 Team/(7209:7226): Recibiendo ID del GET enviado por el Broker
[INFO] 16:47:07:651 Team/(7209:7227): Recibiendo ID del GET enviado por el Broker
[INFO] 16:47:07:653 Team/(7209:7213): Hilo planificador de tratamiento de deadlocks iniciado
[INFO] 16:47:07:654 Team/(7209:7212): Hilo planificador de mensajes caught iniciado
[INFO] 16:47:07:654 Team/(7209:7225): El id recibido es: 19
[INFO] 16:47:07:654 Team/(7209:7225): Id del mensaje GET correspondiente al pokemon squirtle es 19
[INFO] 16:47:07:654 Team/(7209:7211): Hilo planificador de pokemones iniciado
[INFO] 16:47:07:655 Team/(7209:7227): El id recibido es: 20
[INFO] 16:47:07:655 Team/(7209:7227): Id del mensaje GET correspondiente al pokemon gengar es 20
[INFO] 16:47:07:655 Team/(7209:7228): El id recibido es: 21
[INFO] 16:47:07:655 Team/(7209:7228): Id del mensaje GET correspondiente al pokemon onix es 21
[INFO] 16:47:07:657 Team/(7209:7226): El id recibido es: 22
[INFO] 16:47:07:657 Team/(7209:7226): Id del mensaje GET correspondiente al pokemon pikachu es 22
[INFO] 16:47:07:657 Team/(7209:7209): Gets mandados
[INFO] 16:47:07:658 Team/(7209:7219): Recibiendo mensaje Localized
[INFO] 16:47:07:658 Team/(7209:7219): Recibiendo tamanio total
[INFO] 16:47:07:658 Team/(7209:7219): Tamanio total recibido: 31
[INFO] 16:47:07:658 Team/(7209:7219): Id recibido: 14
[INFO] 16:47:07:658 Team/(7209:7219): Id correlativo recibido: 2
[INFO] 16:47:07:658 Team/(7209:7219): Tamanio del pokemon recibido: 7
[INFO] 16:47:07:658 Team/(7209:7219): Nombre del pokemon recibido: gengar
[INFO] 16:47:07:658 Team/(7209:7219): Cantidad de coordenadas recibida: 0
[INFO] 16:47:07:658 Team/(7209:7219): Acknowledgement enviado al modulo Broker
[INFO] 16:47:07:658 Team/(7209:7219): Localized recibido de BROKER, pokemon gengar en coordenadas 
[INFO] 16:47:07:658 Team/(7209:7219): pokemon gengar llego por primera vez
[INFO] 16:47:07:658 Team/(7209:7219): Recibiendo mensaje Localized
[INFO] 16:47:07:659 Team/(7209:7219): Recibiendo tamanio total
[INFO] 16:47:07:659 Team/(7209:7219): Tamanio total recibido: 32
[INFO] 16:47:07:659 Team/(7209:7219): Id recibido: 12
[INFO] 16:47:07:659 Team/(7209:7219): Id correlativo recibido: 4
[INFO] 16:47:07:659 Team/(7209:7219): Tamanio del pokemon recibido: 8
[INFO] 16:47:07:659 Team/(7209:7219): Nombre del pokemon recibido: pikachu
[INFO] 16:47:07:659 Team/(7209:7219): Cantidad de coordenadas recibida: 0
[INFO] 16:47:07:659 Team/(7209:7219): Acknowledgement enviado al modulo Broker
[INFO] 16:47:07:659 Team/(7209:7219): Localized recibido de BROKER, pokemon pikachu en coordenadas 
[INFO] 16:47:07:659 Team/(7209:7219): pokemon pikachu llego por primera vez
[INFO] 16:47:07:659 Team/(7209:7219): Recibiendo mensaje Localized
[INFO] 16:47:07:659 Team/(7209:7219): Recibiendo tamanio total
[INFO] 16:47:07:659 Team/(7209:7219): Tamanio total recibido: 33
[INFO] 16:47:07:659 Team/(7209:7219): Id recibido: 11
[INFO] 16:47:07:659 Team/(7209:7219): Id correlativo recibido: 6
[INFO] 16:47:07:659 Team/(7209:7219): Tamanio del pokemon recibido: 9
[INFO] 16:47:07:659 Team/(7209:7219): Nombre del pokemon recibido: squirtle
[INFO] 16:47:07:660 Team/(7209:7219): Cantidad de coordenadas recibida: 0
[INFO] 16:47:07:660 Team/(7209:7219): Acknowledgement enviado al modulo Broker
[INFO] 16:47:07:660 Team/(7209:7219): Localized recibido de BROKER, pokemon squirtle en coordenadas 
[INFO] 16:47:07:660 Team/(7209:7219): pokemon squirtle llego por primera vez
[INFO] 16:47:07:660 Team/(7209:7219): Recibiendo mensaje Localized
[INFO] 16:47:07:660 Team/(7209:7219): Recibiendo tamanio total
[INFO] 16:47:07:660 Team/(7209:7219): Tamanio total recibido: 29
[INFO] 16:47:07:660 Team/(7209:7219): Id recibido: 13
[INFO] 16:47:07:660 Team/(7209:7219): Id correlativo recibido: 3
[INFO] 16:47:07:660 Team/(7209:7219): Tamanio del pokemon recibido: 5
[INFO] 16:47:07:660 Team/(7209:7219): Nombre del pokemon recibido: onix
[INFO] 16:47:07:660 Team/(7209:7219): Cantidad de coordenadas recibida: 0
[INFO] 16:47:07:660 Team/(7209:7219): Acknowledgement enviado al modulo Broker
[INFO] 16:47:07:660 Team/(7209:7219): Localized recibido de BROKER, pokemon onix en coordenadas 
[INFO] 16:47:07:660 Team/(7209:7219): pokemon onix llego por primera vez
[INFO] 16:47:07:661 Team/(7209:7210): Esperando mensajes de game boy en socket 5
[INFO] 16:47:07:661 Team/(7209:7217): Recibiendo mensaje Appeared
[INFO] 16:47:07:661 Team/(7209:7217): Recibiendo tamanio total
[INFO] 16:47:07:661 Team/(7209:7217): Tamanio total recibido: 36
[INFO] 16:47:07:661 Team/(7209:7217): Id recibido: 15
[INFO] 16:47:07:661 Team/(7209:7217): Id correlativo recibido: 4
[INFO] 16:47:07:661 Team/(7209:7217): Tamanio del pokemon recibido: 8
[INFO] 16:47:07:661 Team/(7209:7217): Nombre del pokemon recibido: pikachu
[INFO] 16:47:07:661 Team/(7209:7217): Posicion X recibida: 3
[INFO] 16:47:07:661 Team/(7209:7217): Posicion Y recibida: 4
[INFO] 16:47:07:661 Team/(7209:7217): Acknowledgement enviado al modulo Broker
[INFO] 16:47:07:661 Team/(7209:7217): Appeared recibido de BROKER, pokemon pikachu en (3,4)
[INFO] 16:47:07:661 Team/(7209:7217): pokemon pikachu esta en el objetivo global
[INFO] 16:47:07:661 Team/(7209:7217): Agregando pokemon pikachu en (3,4) a los pokemones del mapa
[INFO] 16:47:07:661 Team/(7209:7217): Pokemon pikachu en (3,4) agregado a los pokemones del mapa
[INFO] 16:47:07:662 Team/(7209:7211): Planificando un nuevo pokemon
[INFO] 16:47:07:662 Team/(7209:7211): El pokemon pikachu ubicado en (3,4) se puede planificar
[INFO] 16:47:07:662 Team/(7209:7211): Nueva cantidad de planificaciones disponibles para pokemon pikachu: 0
[INFO] 16:47:07:662 Team/(7209:7211): Eliminando pokemon pikachu en (3,4) del mapa
[INFO] 16:47:07:662 Team/(7209:7211): Cambiando tarea de entrenador 1 de No hacer nada a Atrapar pokemon
[INFO] 16:47:07:662 Team/(7209:7211): Tarea de entrenador 1 cambiada a Atrapar pokemon
[INFO] 16:47:07:662 Team/(7209:7211): Cambiando estado de entrenador 1 de Estado new a Estado ready
[INFO] 16:47:07:662 Team/(7209:7211): Estado de entrenador 1 cambiado a Estado ready. Razon del cambio: Entrenador planificado para ir a atrapar pokemon
[INFO] 16:47:07:662 Team/(7209:7223): Cambiando estado de entrenador 1 de Estado ready a Estado executing
[INFO] 16:47:07:662 Team/(7209:7223): Estado de entrenador 1 cambiado a Estado executing. Razon del cambio: Ha comenzado a ejecutar la tarea de atrapar pokemon pikachu
[INFO] 16:47:07:662 Team/(7209:7223): Entrenador 1 esta atrapando pokemon pikachu ubicado en (3,4)
[INFO] 16:47:07:662 Team/(7209:7223): El entrenador 1 se esta moviendo de (2,3) a (3,4)
[INFO] 16:47:07:662 Team/(7209:7223): El entrenador 1 se encuentra en (2,4)
[INFO] 16:47:12:662 Team/(7209:7223): El entrenador 1 se encuentra en (3,4)
[INFO] 16:47:17:663 Team/(7209:7223): El entrenador 1 ha llegado a (3,4)
[INFO] 16:47:17:664 Team/(7209:7223): Cambiando estado de entrenador 1 de Estado executing a Estado blocked
[INFO] 16:47:17:664 Team/(7209:7223): Estado de entrenador 1 cambiado a Estado blocked. Razon del cambio: Se ha enviado un catch
[INFO] 16:47:17:664 Team/(7209:7223): Entrenador 1 enviando catch para el pokemon pikachu en (3,4)
[INFO] 16:47:17:689 Team/(7209:7219): Recibiendo mensaje Localized
[INFO] 16:47:17:689 Team/(7209:7219): Recibiendo tamanio total
[INFO] 16:47:17:689 Team/(7209:7219): Tamanio total recibido: 33
[INFO] 16:47:17:689 Team/(7209:7219): Id recibido: 23
[INFO] 16:47:17:689 Team/(7209:7219): Id correlativo recibido: 19
[INFO] 16:47:17:689 Team/(7209:7219): Tamanio del pokemon recibido: 9
[INFO] 16:47:17:689 Team/(7209:7219): Nombre del pokemon recibido: squirtle
[INFO] 16:47:17:689 Team/(7209:7219): Cantidad de coordenadas recibida: 0
[INFO] 16:47:17:689 Team/(7209:7219): Acknowledgement enviado al modulo Broker
[INFO] 16:47:17:689 Team/(7209:7219): Localized recibido de BROKER, pokemon squirtle en coordenadas 
[INFO] 16:47:22:667 Team/(7209:7223): El entrenador 1 ha enviado el catch para el pokemon pikachu en (3,4) correctamente por el socket 11
[INFO] 16:47:22:668 Team/(7209:7223): Recibiendo ID del CATCH enviado al Broker
[INFO] 16:47:22:669 Team/(7209:7223): El id recibido es: 25
[INFO] 16:47:22:669 Team/(7209:7223): Id del catch enviado por el entrenador 1 para el pokemon pikachu en (3,4) recibido correctamente por el socket 11 y es igual a 25
[INFO] 16:47:22:692 Team/(7209:7219): Recibiendo mensaje Localized
[INFO] 16:47:22:693 Team/(7209:7219): Recibiendo tamanio total
[INFO] 16:47:22:693 Team/(7209:7219): Tamanio total recibido: 31
[INFO] 16:47:22:693 Team/(7209:7219): Id recibido: 24
[INFO] 16:47:22:693 Team/(7209:7219): Id correlativo recibido: 20
[INFO] 16:47:22:693 Team/(7209:7219): Tamanio del pokemon recibido: 7
[INFO] 16:47:22:693 Team/(7209:7219): Nombre del pokemon recibido: gengar
[INFO] 16:47:22:693 Team/(7209:7219): Cantidad de coordenadas recibida: 0
[INFO] 16:47:22:693 Team/(7209:7219): Acknowledgement enviado al modulo Broker
[INFO] 16:47:22:693 Team/(7209:7219): Localized recibido de BROKER, pokemon gengar en coordenadas 
[INFO] 16:47:22:713 Team/(7209:7219): Recibiendo mensaje Localized
[INFO] 16:47:22:713 Team/(7209:7219): Recibiendo tamanio total
[INFO] 16:47:22:713 Team/(7209:7219): Tamanio total recibido: 29
[INFO] 16:47:22:713 Team/(7209:7219): Id recibido: 26
[INFO] 16:47:22:713 Team/(7209:7219): Id correlativo recibido: 21
[INFO] 16:47:22:713 Team/(7209:7219): Tamanio del pokemon recibido: 5
[INFO] 16:47:22:713 Team/(7209:7219): Nombre del pokemon recibido: onix
[INFO] 16:47:22:713 Team/(7209:7219): Cantidad de coordenadas recibida: 0
[INFO] 16:47:22:713 Team/(7209:7219): Acknowledgement enviado al modulo Broker
[INFO] 16:47:22:713 Team/(7209:7219): Localized recibido de BROKER, pokemon onix en coordenadas 
[INFO] 16:47:27:650 Team/(7209:7221): Buscando deadlock...
[INFO] 16:47:27:650 Team/(7209:7221): Obtengo entrenadores bloqueados
[INFO] 16:47:27:650 Team/(7209:7221): Entrenadores bloqueados obtenidos
[INFO] 16:47:27:651 Team/(7209:7221): No se han encontrado deadlocks
[INFO] 16:47:27:698 Team/(7209:7219): Recibiendo mensaje Localized
[INFO] 16:47:27:698 Team/(7209:7219): Recibiendo tamanio total
[INFO] 16:47:27:699 Team/(7209:7219): Tamanio total recibido: 40
[INFO] 16:47:27:699 Team/(7209:7219): Id recibido: 27
[INFO] 16:47:27:699 Team/(7209:7219): Id correlativo recibido: 22
[INFO] 16:47:27:699 Team/(7209:7219): Tamanio del pokemon recibido: 8
[INFO] 16:47:27:699 Team/(7209:7219): Nombre del pokemon recibido: pikachu
[INFO] 16:47:27:699 Team/(7209:7219): Cantidad de coordenadas recibida: 1
[INFO] 16:47:27:699 Team/(7209:7219): Unidad de coordenada recibida: 3
[INFO] 16:47:27:699 Team/(7209:7219): Unidad de coordenada recibida: 4
[INFO] 16:47:27:699 Team/(7209:7219): Acknowledgement enviado al modulo Broker
[INFO] 16:47:27:699 Team/(7209:7219): Localized recibido de BROKER, pokemon pikachu en coordenadas 34
[INFO] 16:47:27:723 Team/(7209:7218): Recibiendo mensaje Caught
[INFO] 16:47:27:723 Team/(7209:7218): Recibiendo tamanio total
[INFO] 16:47:27:723 Team/(7209:7218): Tamanio total recibido: 20
[INFO] 16:47:27:723 Team/(7209:7218): Id recibido: 28
[INFO] 16:47:27:723 Team/(7209:7218): Id correlativo recibido: 25
[INFO] 16:47:27:723 Team/(7209:7218): Flag atrapado recibido: 1
[INFO] 16:47:27:723 Team/(7209:7218): Acknowledgement enviado al modulo Broker
[INFO] 16:47:27:723 Team/(7209:7218): Caught recibido de BROKER con id correlativo 25 y flag 1
[INFO] 16:47:27:723 Team/(7209:7212): Planificando mensaje caught con id correlativo 25 y flag de recibido 1
[INFO] 16:47:27:723 Team/(7209:7212): Entrenador 1 adquiriendo pokemon pikachu
[INFO] 16:47:27:723 Team/(7209:7212): El entrenador 1 ha adquirido al pokemon pikachu
[INFO] 16:47:27:723 Team/(7209:7212): Entrenador 1 ha obtenido el pokemon pikachu
[INFO] 16:47:27:723 Team/(7209:7212): Cambiando tarea de entrenador 1 de Atrapar pokemon a No hacer nada
[INFO] 16:47:27:723 Team/(7209:7212): Tarea de entrenador 1 cambiada a No hacer nada
[INFO] 16:47:37:650 Team/(7209:7220): Iniciando verificacion de conexion con Broker...
[INFO] 16:47:37:650 Team/(7209:7220): Conexion con Broker en buen estado, verificando nuevamente en 30 segundos
[INFO] 16:47:47:651 Team/(7209:7221): Buscando deadlock...
[INFO] 16:47:47:651 Team/(7209:7221): Obtengo entrenadores bloqueados
[INFO] 16:47:47:652 Team/(7209:7221): Entrenadores bloqueados obtenidos
[INFO] 16:47:47:652 Team/(7209:7221): No se han encontrado deadlocks
[INFO] 16:49:58:795 Team/(7457:7457): logger extenso iniciado
[INFO] 16:49:58:795 Team/(7457:7457): logger de la catedra iniciado
[INFO] 16:49:58:796 Team/(7457:7457): La IP es: 127.0.0.1
[INFO] 16:49:58:796 Team/(7457:7457): El puerto es: 4445
[INFO] 16:49:58:796 Team/(7457:7457): La IP del Broker es: 127.0.0.1
[INFO] 16:49:58:797 Team/(7457:7457): El puerto del Broker es: 4444
[INFO] 16:49:58:797 Team/(7457:7457): El Id de Team es: 5
[INFO] 16:49:58:797 Team/(7457:7457): La busqueda de deadlocks se corre cada 20 segundos
[INFO] 16:49:58:797 Team/(7457:7457): La conexion al Broker se verifica cada 30 segundos
[INFO] 16:49:58:798 Team/(7457:7457): EL tiempo de retardo de CPU es cada 5 segundos
[INFO] 16:49:58:798 Team/(7457:7457): EL algoritmo de planificacion es FIFO
[INFO] 16:49:58:798 Team/(7457:7457): El id del modulo es 1939122646
[INFO] 16:49:58:799 Team/(7457:7457): Objetivos para el entrenador 0: Pikachu|Squirtle
[INFO] 16:49:58:799 Team/(7457:7457): Posiciones para el entrenador 0: 1|3
[INFO] 16:49:58:799 Team/(7457:7457): Pokemones para el entrenador 0: Pikachu
[INFO] 16:49:58:800 Team/(7457:7457): Llego token objetivo pikachu para el entrenador 0
[INFO] 16:49:58:800 Team/(7457:7457): Llego token objetivo squirtle para el entrenador 0
[INFO] 16:49:58:801 Team/(7457:7457): Llego token pokemon pikachu
[INFO] 16:49:58:801 Team/(7457:7457): Posicion X del entrenador 0: 1
[INFO] 16:49:58:801 Team/(7457:7457): Posicion Y del entrenador 0: 3
[INFO] 16:49:58:807 Team/(7457:7457): Estado del entrenador 0: 1111
[INFO] 16:49:58:807 Team/(7457:7457): Objetivo del entrenador 0: pikachu
[INFO] 16:49:58:807 Team/(7457:7457): Objetivo del entrenador 0: squirtle
[INFO] 16:49:58:807 Team/(7457:7457): Objetivo actual del entrenador 0: squirtle
[INFO] 16:49:58:807 Team/(7457:7457): Pokemon del entrenador 0: pikachu
[INFO] 16:49:58:807 Team/(7457:7457): Objetivos para el entrenador 1: Pikachu|Gengar
[INFO] 16:49:58:807 Team/(7457:7457): Posiciones para el entrenador 1: 2|3
[INFO] 16:49:58:807 Team/(7457:7457): Pokemones para el entrenador 1: 
[INFO] 16:49:58:808 Team/(7457:7457): Llego token objetivo pikachu para el entrenador 1
[INFO] 16:49:58:808 Team/(7457:7457): Llego token objetivo gengar para el entrenador 1
[INFO] 16:49:58:808 Team/(7457:7457): No existen pokemones para el entrenador 1
[INFO] 16:49:58:808 Team/(7457:7457): Posicion X del entrenador 1: 2
[INFO] 16:49:58:808 Team/(7457:7457): Posicion Y del entrenador 1: 3
[INFO] 16:49:58:808 Team/(7457:7457): Estado del entrenador 1: 1111
[INFO] 16:49:58:808 Team/(7457:7457): Objetivo del entrenador 1: pikachu
[INFO] 16:49:58:808 Team/(7457:7457): Objetivo del entrenador 1: gengar
[INFO] 16:49:58:808 Team/(7457:7457): Objetivo actual del entrenador 1: pikachu
[INFO] 16:49:58:808 Team/(7457:7457): Objetivo actual del entrenador 1: gengar
[INFO] 16:49:58:808 Team/(7457:7457): Objetivos para el entrenador 2: Squirtle|Onix
[INFO] 16:49:58:808 Team/(7457:7457): Posiciones para el entrenador 2: 3|2
[INFO] 16:49:58:808 Team/(7457:7457): Pokemones para el entrenador 2: 
[INFO] 16:49:58:808 Team/(7457:7457): Llego token objetivo squirtle para el entrenador 2
[INFO] 16:49:58:808 Team/(7457:7457): Llego token objetivo onix para el entrenador 2
[INFO] 16:49:58:808 Team/(7457:7457): No existen pokemones para el entrenador 2
[INFO] 16:49:58:808 Team/(7457:7457): Posicion X del entrenador 2: 3
[INFO] 16:49:58:809 Team/(7457:7457): Posicion Y del entrenador 2: 2
[INFO] 16:49:58:809 Team/(7457:7457): Estado del entrenador 2: 1111
[INFO] 16:49:58:809 Team/(7457:7457): Objetivo del entrenador 2: squirtle
[INFO] 16:49:58:809 Team/(7457:7457): Objetivo del entrenador 2: onix
[INFO] 16:49:58:809 Team/(7457:7457): Objetivo actual del entrenador 2: squirtle
[INFO] 16:49:58:809 Team/(7457:7457): Objetivo actual del entrenador 2: onix
[INFO] 16:49:58:809 Team/(7457:7457): Obteniendo objetivo global
[INFO] 16:49:58:809 Team/(7457:7457): Objetivo global: squirtle
[INFO] 16:49:58:809 Team/(7457:7457): Objetivo global: pikachu
[INFO] 16:49:58:809 Team/(7457:7457): Objetivo global: gengar
[INFO] 16:49:58:809 Team/(7457:7457): Objetivo global: squirtle
[INFO] 16:49:58:809 Team/(7457:7457): Objetivo global: onix
[INFO] 16:49:58:809 Team/(7457:7457): Objetivo global obtenido
[INFO] 16:49:58:809 Team/(7457:7457): Obteniendo cantidad de cada pokemon a planificar
[INFO] 16:49:58:809 Team/(7457:7457): Cantidad a planificar de squirtle: 1
[INFO] 16:49:58:809 Team/(7457:7457): Cantidad a planificar de pikachu: 1
[INFO] 16:49:58:809 Team/(7457:7457): Cantidad a planificar de gengar: 1
[INFO] 16:49:58:809 Team/(7457:7457): Cantidad a planificar de squirtle: 2
[INFO] 16:49:58:809 Team/(7457:7457): Cantidad a planificar de onix: 1
[INFO] 16:49:58:810 Team/(7457:7457): Cantidad de cada pokemon a planificar obtenida
[INFO] 16:49:58:810 Team/(7457:7457): Inicializando colas
[INFO] 16:49:58:810 Team/(7457:7457): Iniciando semaforo de entrenadores libres en 3
[INFO] 16:49:58:810 Team/(7457:7457): Colas inicializadas
[INFO] 16:49:58:813 Team/(7457:7457): Mandando gets
[INFO] 16:49:58:813 Team/(7457:7461): Hilo planificador de tratamiento de deadlocks iniciado
[INFO] 16:49:58:814 Team/(7457:7460): Hilo planificador de mensajes caught iniciado
[INFO] 16:49:58:815 Team/(7457:7465): Escucho appeared de BROKER
[INFO] 16:49:58:815 Team/(7457:7466): Escucho caught de BROKER
[INFO] 16:49:58:815 Team/(7457:7467): Escucho localized de BROKER
[INFO] 16:49:58:815 Team/(7457:7468): Hilo de verificacion periodica de conexion con Broker iniciado
[INFO] 16:49:58:815 Team/(7457:7469): Hilo de busqueda de deadlocks iniciado
[INFO] 16:49:58:815 Team/(7457:7459): Hilo planificador de pokemones iniciado
[INFO] 16:49:58:816 Team/(7457:7470): Trabajo de entrenador 0 comenzado
[INFO] 16:49:58:816 Team/(7457:7471): Trabajo de entrenador 1 comenzado
[INFO] 16:49:58:816 Team/(7457:7472): Trabajo de entrenador 2 comenzado
[INFO] 16:49:58:817 Team/(7457:7473): Enviando get correspondiente al pokemon squirtle
[INFO] 16:49:58:817 Team/(7457:7474): Enviando get correspondiente al pokemon pikachu
[INFO] 16:49:58:817 Team/(7457:7475): Enviando get correspondiente al pokemon gengar
[INFO] 16:49:58:818 Team/(7457:7476): Enviando get correspondiente al pokemon onix
[INFO] 16:49:58:818 Team/(7457:7474): Mensaje GET correspondiente al pokemon pikachu enviado correctamente al BROKER a traves del socket 11
[INFO] 16:49:58:821 Team/(7457:7475): Mensaje GET correspondiente al pokemon gengar enviado correctamente al BROKER a traves del socket 12
[INFO] 16:49:58:821 Team/(7457:7473): Mensaje GET correspondiente al pokemon squirtle enviado correctamente al BROKER a traves del socket 10
[INFO] 16:49:58:828 Team/(7457:7476): Mensaje GET correspondiente al pokemon onix enviado correctamente al BROKER a traves del socket 13
[INFO] 16:49:58:829 Team/(7457:7474): Recibiendo ID del GET enviado por el Broker
[INFO] 16:49:58:829 Team/(7457:7458): Esperando mensajes de game boy en socket 5
[INFO] 16:49:58:829 Team/(7457:7476): Recibiendo ID del GET enviado por el Broker
[INFO] 16:49:58:829 Team/(7457:7475): Recibiendo ID del GET enviado por el Broker
[INFO] 16:49:58:829 Team/(7457:7473): Recibiendo ID del GET enviado por el Broker
[INFO] 16:49:58:830 Team/(7457:7476): El id recibido es: 8
[INFO] 16:49:58:830 Team/(7457:7476): Id del mensaje GET correspondiente al pokemon onix es 8
[INFO] 16:49:58:831 Team/(7457:7473): El id recibido es: 9
[INFO] 16:49:58:831 Team/(7457:7473): Id del mensaje GET correspondiente al pokemon squirtle es 9
[INFO] 16:49:58:831 Team/(7457:7475): El id recibido es: 10
[INFO] 16:49:58:831 Team/(7457:7475): Id del mensaje GET correspondiente al pokemon gengar es 10
[INFO] 16:49:58:831 Team/(7457:7465): Recibiendo mensaje Appeared
[INFO] 16:49:58:831 Team/(7457:7465): Recibiendo tamanio total
[INFO] 16:49:58:831 Team/(7457:7465): Tamanio total recibido: 36
[INFO] 16:49:58:831 Team/(7457:7465): Id recibido: 4
[INFO] 16:49:58:832 Team/(7457:7465): Id correlativo recibido: 9
[INFO] 16:49:58:832 Team/(7457:7465): Tamanio del pokemon recibido: 8
[INFO] 16:49:58:832 Team/(7457:7465): Nombre del pokemon recibido: pikachu
[INFO] 16:49:58:832 Team/(7457:7465): Posicion X recibida: 3
[INFO] 16:49:58:832 Team/(7457:7465): Posicion Y recibida: 8
[INFO] 16:49:58:832 Team/(7457:7465): Acknowledgement enviado al modulo Broker
[INFO] 16:49:58:832 Team/(7457:7465): Appeared recibido de BROKER, pokemon pikachu en (3,8)
[INFO] 16:49:58:832 Team/(7457:7465): pokemon pikachu esta en el objetivo global
[INFO] 16:49:58:832 Team/(7457:7465): Agregando pokemon pikachu en (3,8) a los pokemones del mapa
[INFO] 16:49:58:832 Team/(7457:7465): Pokemon pikachu en (3,8) agregado a los pokemones del mapa
[INFO] 16:49:58:832 Team/(7457:7465): Pokemon pikachu llego por primera vez
[INFO] 16:49:58:832 Team/(7457:7459): Planificando un nuevo pokemon
[INFO] 16:49:58:832 Team/(7457:7459): El pokemon pikachu ubicado en (3,8) se puede planificar
[INFO] 16:49:58:832 Team/(7457:7459): Nueva cantidad de planificaciones disponibles para pokemon pikachu: 0
[INFO] 16:49:58:832 Team/(7457:7459): Eliminando pokemon pikachu en (3,8) del mapa
[INFO] 16:49:58:832 Team/(7457:7459): Cambiando tarea de entrenador 1 de No hacer nada a Atrapar pokemon
[INFO] 16:49:58:832 Team/(7457:7459): Tarea de entrenador 1 cambiada a Atrapar pokemon
[INFO] 16:49:58:832 Team/(7457:7459): Cambiando estado de entrenador 1 de Estado new a Estado ready
[INFO] 16:49:58:832 Team/(7457:7459): Estado de entrenador 1 cambiado a Estado ready. Razon del cambio: Entrenador planificado para ir a atrapar pokemon
[INFO] 16:49:58:832 Team/(7457:7471): Cambiando estado de entrenador 1 de Estado ready a Estado executing
[INFO] 16:49:58:832 Team/(7457:7471): Estado de entrenador 1 cambiado a Estado executing. Razon del cambio: Ha comenzado a ejecutar la tarea de atrapar pokemon pikachu
[INFO] 16:49:58:832 Team/(7457:7471): Entrenador 1 esta atrapando pokemon pikachu ubicado en (3,8)
[INFO] 16:49:58:832 Team/(7457:7471): El entrenador 1 se esta moviendo de (2,3) a (3,8)
[INFO] 16:49:58:832 Team/(7457:7471): El entrenador 1 se encuentra en (2,4)
[INFO] 16:49:58:833 Team/(7457:7474): El id recibido es: 11
[INFO] 16:49:58:833 Team/(7457:7474): Id del mensaje GET correspondiente al pokemon pikachu es 11
[INFO] 16:49:58:833 Team/(7457:7457): Gets mandados
[INFO] 16:50:03:833 Team/(7457:7471): El entrenador 1 se encuentra en (2,5)
[INFO] 16:50:08:833 Team/(7457:7471): El entrenador 1 se encuentra en (2,6)
[INFO] 16:50:08:845 Team/(7457:7467): Recibiendo mensaje Localized
[INFO] 16:50:08:845 Team/(7457:7467): Recibiendo tamanio total
[INFO] 16:50:08:845 Team/(7457:7467): Tamanio total recibido: 29
[INFO] 16:50:08:845 Team/(7457:7467): Id recibido: 12
[INFO] 16:50:08:845 Team/(7457:7467): Id correlativo recibido: 8
[INFO] 16:50:08:845 Team/(7457:7467): Tamanio del pokemon recibido: 5
[INFO] 16:50:08:845 Team/(7457:7467): Nombre del pokemon recibido: onix
[INFO] 16:50:08:846 Team/(7457:7467): Cantidad de coordenadas recibida: 0
[INFO] 16:50:08:847 Team/(7457:7467): Acknowledgement enviado al modulo Broker
[INFO] 16:50:08:847 Team/(7457:7467): Localized recibido de BROKER, pokemon onix en coordenadas
[INFO] 16:50:08:847 Team/(7457:7467): pokemon onix llego por primera vez
[INFO] 16:50:13:834 Team/(7457:7471): El entrenador 1 se encuentra en (2,7)
[INFO] 16:50:13:852 Team/(7457:7467): Recibiendo mensaje Localized
[INFO] 16:50:13:852 Team/(7457:7467): Recibiendo tamanio total
[INFO] 16:50:13:852 Team/(7457:7467): Tamanio total recibido: 33
[INFO] 16:50:13:852 Team/(7457:7467): Id recibido: 13
[INFO] 16:50:13:853 Team/(7457:7467): Id correlativo recibido: 9
[INFO] 16:50:13:853 Team/(7457:7467): Tamanio del pokemon recibido: 9
[INFO] 16:50:13:853 Team/(7457:7467): Nombre del pokemon recibido: squirtle
[INFO] 16:50:13:853 Team/(7457:7467): Cantidad de coordenadas recibida: 0
[INFO] 16:50:13:853 Team/(7457:7467): Acknowledgement enviado al modulo Broker
[INFO] 16:50:13:853 Team/(7457:7467): Localized recibido de BROKER, pokemon squirtle en coordenadas
[INFO] 16:50:13:853 Team/(7457:7467): pokemon squirtle llego por primera vez
[INFO] 16:50:13:860 Team/(7457:7467): Recibiendo mensaje Localized
[INFO] 16:50:13:863 Team/(7457:7467): Recibiendo tamanio total
[INFO] 16:50:13:863 Team/(7457:7467): Tamanio total recibido: 31
[INFO] 16:50:13:863 Team/(7457:7467): Id recibido: 14
[INFO] 16:50:13:863 Team/(7457:7467): Id correlativo recibido: 10
[INFO] 16:50:13:863 Team/(7457:7467): Tamanio del pokemon recibido: 7
[INFO] 16:50:13:863 Team/(7457:7467): Nombre del pokemon recibido: gengar
[INFO] 16:50:13:863 Team/(7457:7467): Cantidad de coordenadas recibida: 0
[INFO] 16:50:13:863 Team/(7457:7467): Acknowledgement enviado al modulo Broker
[INFO] 16:50:13:863 Team/(7457:7467): Localized recibido de BROKER, pokemon gengar en coordenadas
[INFO] 16:50:13:863 Team/(7457:7467): pokemon gengar llego por primera vez
[INFO] 16:50:18:817 Team/(7457:7469): Buscando deadlock...
[INFO] 16:50:18:817 Team/(7457:7469): Obtengo entrenadores bloqueados
[INFO] 16:50:18:817 Team/(7457:7469): Entrenadores bloqueados obtenidos
[INFO] 16:50:18:817 Team/(7457:7469): No se han encontrado deadlocks
[INFO] 16:50:18:835 Team/(7457:7471): El entrenador 1 se encuentra en (2,8)
[INFO] 16:50:18:859 Team/(7457:7467): Recibiendo mensaje Localized
[INFO] 16:50:18:859 Team/(7457:7467): Recibiendo tamanio total
[INFO] 16:50:18:859 Team/(7457:7467): Tamanio total recibido: 48
[INFO] 16:50:18:859 Team/(7457:7467): Id recibido: 15
[INFO] 16:50:18:859 Team/(7457:7467): Id correlativo recibido: 11
[INFO] 16:50:18:859 Team/(7457:7467): Tamanio del pokemon recibido: 8
[INFO] 16:50:18:859 Team/(7457:7467): Nombre del pokemon recibido: pikachu
[INFO] 16:50:18:859 Team/(7457:7467): Cantidad de coordenadas recibida: 2
[INFO] 16:50:18:860 Team/(7457:7467): Unidad de coordenada recibida: 3
[INFO] 16:50:18:860 Team/(7457:7467): Unidad de coordenada recibida: 4
[INFO] 16:50:18:860 Team/(7457:7467): Unidad de coordenada recibida: 3
[INFO] 16:50:18:860 Team/(7457:7467): Unidad de coordenada recibida: 8
[INFO] 16:50:18:860 Team/(7457:7467): Acknowledgement enviado al modulo Broker
[INFO] 16:50:18:860 Team/(7457:7467): Localized recibido de BROKER, pokemon pikachu en coordenadas 3 4 3 8
[INFO] 16:50:23:836 Team/(7457:7471): El entrenador 1 se encuentra en (3,8)
