[ERROR] 00:39:56:870 Team/(6313:6320): Hubo un problema enviando la suscripcion a la cola LOCALIZED del broker
[ERROR] 00:39:56:878 Team/(6313:6319): Hubo un problema enviando la suscripcion a la cola CAUGHT del broker
[ERROR] 00:39:56:880 Team/(6313:6318): Hubo un problema enviando la suscripcion a la cola APPEARED del broker
[ERROR] 00:39:56:887 Team/(6313:6326): Error: No se pudo enviar el GET correspondiente al pokemon squirtle, iniciando el comportamiento default
[ERROR] 00:39:56:887 Team/(6313:6328): Error: No se pudo enviar el GET correspondiente al pokemon gengar, iniciando el comportamiento default
[ERROR] 00:39:56:887 Team/(6313:6327): Error: No se pudo enviar el GET correspondiente al pokemon pikachu, iniciando el comportamiento default
[ERROR] 00:39:56:887 Team/(6313:6329): Error: No se pudo enviar el GET correspondiente al pokemon onix, iniciando el comportamiento default
[INFO] 01:00:35:332 Team/(6636:6648): Buscando deadlock...
[INFO] 01:00:35:332 Team/(6636:6648): No se han encontrado deadlocks
[INFO] 01:00:43:332 Team/(6636:6648): Buscando deadlock...
[INFO] 01:00:43:332 Team/(6636:6648): No se han encontrado deadlocks
[INFO] 01:00:51:333 Team/(6636:6648): Buscando deadlock...
[INFO] 01:00:51:333 Team/(6636:6648): No se han encontrado deadlocks
[INFO] 01:00:57:332 Team/(6636:6647): Iniciando verificacion de conexion con Broker...
[INFO] 01:00:59:333 Team/(6636:6648): Buscando deadlock...
[INFO] 01:00:59:333 Team/(6636:6648): No se han encontrado deadlocks
[INFO] 01:01:07:333 Team/(6636:6648): Buscando deadlock...
[INFO] 01:01:07:334 Team/(6636:6648): No se han encontrado deadlocks
[INFO] 01:01:15:334 Team/(6636:6648): Buscando deadlock...
[INFO] 01:01:15:335 Team/(6636:6648): No se han encontrado deadlocks
[INFO] 01:01:23:335 Team/(6636:6648): Buscando deadlock...
[INFO] 01:01:23:336 Team/(6636:6648): No se han encontrado deadlocks
[INFO] 01:01:27:333 Team/(6636:6647): Iniciando verificacion de conexion con Broker...
[INFO] 01:01:31:336 Team/(6636:6648): Buscando deadlock...
[INFO] 01:01:31:336 Team/(6636:6648): No se han encontrado deadlocks
[INFO] 01:01:39:337 Team/(6636:6648): Buscando deadlock...
[INFO] 01:01:39:337 Team/(6636:6648): No se han encontrado deadlocks
[INFO] 01:01:47:337 Team/(6636:6648): Buscando deadlock...
[INFO] 01:01:47:338 Team/(6636:6648): No se han encontrado deadlocks
[INFO] 01:01:55:338 Team/(6636:6648): Buscando deadlock...
[INFO] 01:01:55:339 Team/(6636:6648): No se han encontrado deadlocks
[INFO] 01:01:57:333 Team/(6636:6647): Iniciando verificacion de conexion con Broker...
[INFO] 01:02:03:339 Team/(6636:6648): Buscando deadlock...
[INFO] 01:02:03:340 Team/(6636:6648): No se han encontrado deadlocks
[INFO] 01:02:11:340 Team/(6636:6648): Buscando deadlock...
[INFO] 01:02:11:340 Team/(6636:6648): No se han encontrado deadlocks
[INFO] 01:02:19:340 Team/(6636:6648): Buscando deadlock...
[INFO] 01:02:19:341 Team/(6636:6648): No se han encontrado deadlocks
[INFO] 01:02:27:334 Team/(6636:6647): Iniciando verificacion de conexion con Broker...
[INFO] 01:02:27:341 Team/(6636:6648): Buscando deadlock...
[INFO] 01:02:27:341 Team/(6636:6648): No se han encontrado deadlocks
[INFO] 01:02:35:342 Team/(6636:6648): Buscando deadlock...
[INFO] 01:02:35:342 Team/(6636:6648): No se han encontrado deadlocks
[INFO] 01:02:43:342 Team/(6636:6648): Buscando deadlock...
[INFO] 01:02:43:342 Team/(6636:6648): No se han encontrado deadlocks
[INFO] 01:02:51:343 Team/(6636:6648): Buscando deadlock...
[INFO] 01:02:51:343 Team/(6636:6648): No se han encontrado deadlocks
[INFO] 01:02:57:335 Team/(6636:6647): Iniciando verificacion de conexion con Broker...
[INFO] 01:02:59:344 Team/(6636:6648): Buscando deadlock...
[INFO] 01:02:59:345 Team/(6636:6648): No se han encontrado deadlocks
[INFO] 01:03:07:345 Team/(6636:6648): Buscando deadlock...
[INFO] 01:03:07:346 Team/(6636:6648): No se han encontrado deadlocks
[INFO] 01:03:15:346 Team/(6636:6648): Buscando deadlock...
[INFO] 01:03:15:346 Team/(6636:6648): No se han encontrado deadlocks
[INFO] 01:03:23:347 Team/(6636:6648): Buscando deadlock...
[INFO] 01:03:23:347 Team/(6636:6648): No se han encontrado deadlocks
[INFO] 01:03:27:336 Team/(6636:6647): Iniciando verificacion de conexion con Broker...
[INFO] 01:03:31:347 Team/(6636:6648): Buscando deadlock...
[INFO] 01:03:31:348 Team/(6636:6648): No se han encontrado deadlocks
[INFO] 01:03:39:348 Team/(6636:6648): Buscando deadlock...
[INFO] 01:03:39:348 Team/(6636:6648): No se han encontrado deadlocks
[INFO] 01:03:47:349 Team/(6636:6648): Buscando deadlock...
[INFO] 01:03:47:349 Team/(6636:6648): No se han encontrado deadlocks
[INFO] 01:03:55:350 Team/(6636:6648): Buscando deadlock...
[INFO] 01:03:55:350 Team/(6636:6648): No se han encontrado deadlocks
[INFO] 01:03:57:337 Team/(6636:6647): Iniciando verificacion de conexion con Broker...
[INFO] 01:04:03:351 Team/(6636:6648): Buscando deadlock...
[INFO] 01:04:03:351 Team/(6636:6648): No se han encontrado deadlocks
[INFO] 01:04:11:351 Team/(6636:6648): Buscando deadlock...
[INFO] 01:04:11:351 Team/(6636:6648): No se han encontrado deadlocks
[INFO] 01:04:19:352 Team/(6636:6648): Buscando deadlock...
[INFO] 01:04:19:352 Team/(6636:6648): No se han encontrado deadlocks
[INFO] 01:04:27:337 Team/(6636:6647): Iniciando verificacion de conexion con Broker...
[INFO] 01:04:27:352 Team/(6636:6648): Buscando deadlock...
[INFO] 01:04:27:352 Team/(6636:6648): No se han encontrado deadlocks
[INFO] 01:04:35:353 Team/(6636:6648): Buscando deadlock...
[INFO] 01:04:35:354 Team/(6636:6648): No se han encontrado deadlocks
[INFO] 01:04:43:354 Team/(6636:6648): Buscando deadlock...
[INFO] 01:04:43:355 Team/(6636:6648): No se han encontrado deadlocks
[INFO] 01:04:51:355 Team/(6636:6648): Buscando deadlock...
[INFO] 01:04:51:356 Team/(6636:6648): No se han encontrado deadlocks
[INFO] 01:04:57:337 Team/(6636:6647): Iniciando verificacion de conexion con Broker...
[INFO] 01:04:59:356 Team/(6636:6648): Buscando deadlock...
[INFO] 01:04:59:356 Team/(6636:6648): No se han encontrado deadlocks
[INFO] 01:05:07:357 Team/(6636:6648): Buscando deadlock...
[INFO] 01:05:07:357 Team/(6636:6648): No se han encontrado deadlocks
[INFO] 01:05:15:358 Team/(6636:6648): Buscando deadlock...
[INFO] 01:05:15:358 Team/(6636:6648): No se han encontrado deadlocks
[INFO] 01:05:23:359 Team/(6636:6648): Buscando deadlock...
[INFO] 01:05:23:360 Team/(6636:6648): No se han encontrado deadlocks
[INFO] 01:05:27:338 Team/(6636:6647): Iniciando verificacion de conexion con Broker...
[INFO] 01:05:31:361 Team/(6636:6648): Buscando deadlock...
[INFO] 01:05:31:362 Team/(6636:6648): No se han encontrado deadlocks
[INFO] 01:05:39:362 Team/(6636:6648): Buscando deadlock...
[INFO] 01:05:39:362 Team/(6636:6648): No se han encontrado deadlocks
[INFO] 01:05:47:363 Team/(6636:6648): Buscando deadlock...
[INFO] 01:05:47:363 Team/(6636:6648): No se han encontrado deadlocks
[INFO] 01:05:55:364 Team/(6636:6648): Buscando deadlock...
[INFO] 01:05:55:364 Team/(6636:6648): No se han encontrado deadlocks
[INFO] 01:05:57:339 Team/(6636:6647): Iniciando verificacion de conexion con Broker...
[INFO] 01:06:03:365 Team/(6636:6648): Buscando deadlock...
[INFO] 01:06:03:365 Team/(6636:6648): No se han encontrado deadlocks
[INFO] 01:06:11:365 Team/(6636:6648): Buscando deadlock...
[INFO] 01:06:11:365 Team/(6636:6648): No se han encontrado deadlocks
[INFO] 01:06:19:366 Team/(6636:6648): Buscando deadlock...
[INFO] 01:06:19:366 Team/(6636:6648): No se han encontrado deadlocks
[INFO] 01:06:27:339 Team/(6636:6647): Iniciando verificacion de conexion con Broker...
[INFO] 01:06:27:368 Team/(6636:6648): Buscando deadlock...
[INFO] 01:06:27:368 Team/(6636:6648): No se han encontrado deadlocks
[INFO] 01:06:35:369 Team/(6636:6648): Buscando deadlock...
[INFO] 01:06:35:369 Team/(6636:6648): No se han encontrado deadlocks
[INFO] 01:06:43:369 Team/(6636:6648): Buscando deadlock...
[INFO] 01:06:43:370 Team/(6636:6648): No se han encontrado deadlocks
[INFO] 01:06:51:370 Team/(6636:6648): Buscando deadlock...
[INFO] 01:06:51:370 Team/(6636:6648): No se han encontrado deadlocks
[INFO] 01:06:57:340 Team/(6636:6647): Iniciando verificacion de conexion con Broker...
[INFO] 01:06:59:371 Team/(6636:6648): Buscando deadlock...
[INFO] 01:06:59:371 Team/(6636:6648): No se han encontrado deadlocks
[INFO] 01:07:07:371 Team/(6636:6648): Buscando deadlock...
[INFO] 01:07:07:372 Team/(6636:6648): No se han encontrado deadlocks
[INFO] 01:07:15:372 Team/(6636:6648): Buscando deadlock...
[INFO] 01:07:15:373 Team/(6636:6648): No se han encontrado deadlocks
[INFO] 01:07:23:373 Team/(6636:6648): Buscando deadlock...
[INFO] 01:07:23:374 Team/(6636:6648): No se han encontrado deadlocks
[INFO] 01:07:27:340 Team/(6636:6647): Iniciando verificacion de conexion con Broker...
[INFO] 01:07:31:374 Team/(6636:6648): Buscando deadlock...
[INFO] 01:07:31:374 Team/(6636:6648): No se han encontrado deadlocks
[INFO] 01:07:39:375 Team/(6636:6648): Buscando deadlock...
[INFO] 01:07:39:375 Team/(6636:6648): No se han encontrado deadlocks
[INFO] 01:07:47:375 Team/(6636:6648): Buscando deadlock...
[INFO] 01:07:47:375 Team/(6636:6648): No se han encontrado deadlocks
[INFO] 01:07:55:376 Team/(6636:6648): Buscando deadlock...
[INFO] 01:07:55:377 Team/(6636:6648): No se han encontrado deadlocks
[INFO] 01:07:57:341 Team/(6636:6647): Iniciando verificacion de conexion con Broker...
[INFO] 01:08:03:377 Team/(6636:6648): Buscando deadlock...
[INFO] 01:08:03:377 Team/(6636:6648): No se han encontrado deadlocks
[INFO] 01:08:11:378 Team/(6636:6648): Buscando deadlock...
[INFO] 01:08:11:379 Team/(6636:6648): No se han encontrado deadlocks
[INFO] 01:08:19:379 Team/(6636:6648): Buscando deadlock...
[INFO] 01:08:19:379 Team/(6636:6648): No se han encontrado deadlocks
[INFO] 01:08:27:341 Team/(6636:6647): Iniciando verificacion de conexion con Broker...
[INFO] 01:08:27:379 Team/(6636:6648): Buscando deadlock...
[INFO] 01:08:27:379 Team/(6636:6648): No se han encontrado deadlocks
[INFO] 01:08:35:380 Team/(6636:6648): Buscando deadlock...
[INFO] 01:08:35:380 Team/(6636:6648): No se han encontrado deadlocks
[INFO] 01:08:43:381 Team/(6636:6648): Buscando deadlock...
[INFO] 01:08:43:381 Team/(6636:6648): No se han encontrado deadlocks
[INFO] 01:08:51:389 Team/(6636:6648): Buscando deadlock...
[INFO] 01:08:51:389 Team/(6636:6648): No se han encontrado deadlocks
[INFO] 01:13:54:29 Team/(6907:6916): Buscando deadlock...
[INFO] 01:13:54:30 Team/(6907:6916): No se han encontrado deadlocks
[INFO] 01:14:02:30 Team/(6907:6916): Buscando deadlock...
[INFO] 01:14:02:31 Team/(6907:6916): No se han encontrado deadlocks
[INFO] 01:16:04:129 Team/(7083:7092): Buscando deadlock...
[INFO] 01:16:04:131 Team/(7083:7092): No se han encontrado deadlocks
[INFO] 01:16:12:131 Team/(7083:7092): Buscando deadlock...
[INFO] 01:16:12:131 Team/(7083:7092): No se han encontrado deadlocks
[INFO] 01:16:20:132 Team/(7083:7092): Buscando deadlock...
[INFO] 01:16:20:132 Team/(7083:7092): No se han encontrado deadlocks
[INFO] 01:16:26:128 Team/(7083:7091): Iniciando verificacion de conexion con Broker...
[INFO] 01:16:27:41 Team/(7083:7089): el ID correlativo 98 de caught no corresponde a ningun catch, mensaje ignorado
[INFO] 01:16:28:132 Team/(7083:7092): Buscando deadlock...
[INFO] 01:16:28:132 Team/(7083:7092): No se han encontrado deadlocks
[INFO] 01:17:50:779 Team/(7337:7349): Buscando deadlock...
[INFO] 01:17:50:779 Team/(7337:7349): No se han encontrado deadlocks
[INFO] 01:17:58:789 Team/(7337:7349): Buscando deadlock...
[INFO] 01:17:58:789 Team/(7337:7349): No se han encontrado deadlocks
[INFO] 01:18:06:799 Team/(7337:7349): Buscando deadlock...
[INFO] 01:18:06:799 Team/(7337:7349): No se han encontrado deadlocks
[INFO] 01:18:12:779 Team/(7337:7348): Iniciando verificacion de conexion con Broker...
[ERROR] 01:18:12:779 Team/(7337:7348): Reconexion con Broker fallida, intentando nuevamente en 30 segundos
[INFO] 01:18:14:809 Team/(7337:7349): Buscando deadlock...
[INFO] 01:18:14:809 Team/(7337:7349): No se han encontrado deadlocks
[INFO] 01:18:22:819 Team/(7337:7349): Buscando deadlock...
[INFO] 01:18:22:819 Team/(7337:7349): No se han encontrado deadlocks
[INFO] 01:18:30:832 Team/(7337:7349): Buscando deadlock...
[INFO] 01:18:30:832 Team/(7337:7349): No se han encontrado deadlocks
[INFO] 01:18:38:839 Team/(7337:7349): Buscando deadlock...
[INFO] 01:18:38:839 Team/(7337:7349): No se han encontrado deadlocks
[INFO] 01:18:42:782 Team/(7337:7348): Iniciando verificacion de conexion con Broker...
[ERROR] 01:18:42:782 Team/(7337:7348): Reconexion con Broker fallida, intentando nuevamente en 30 segundos
[INFO] 01:18:46:849 Team/(7337:7349): Buscando deadlock...
[INFO] 01:18:46:849 Team/(7337:7349): No se han encontrado deadlocks
[INFO] 01:18:54:859 Team/(7337:7349): Buscando deadlock...
[INFO] 01:18:54:859 Team/(7337:7349): No se han encontrado deadlocks
[INFO] 01:19:02:869 Team/(7337:7349): Buscando deadlock...
[INFO] 01:19:02:869 Team/(7337:7349): No se han encontrado deadlocks
[INFO] 01:19:10:879 Team/(7337:7349): Buscando deadlock...
[INFO] 01:19:10:879 Team/(7337:7349): No se han encontrado deadlocks
[INFO] 01:19:12:789 Team/(7337:7348): Iniciando verificacion de conexion con Broker...
[INFO] 01:19:12:789 Team/(7337:7348): conexion establecida con BROKER, ip: 127.0.0.1 puerto : 4444
[INFO] 01:19:12:790 Team/(7337:7348): Reconexion con Broker exitosa, verificando nuevamente en 30 segundos
[INFO] 01:19:18:879 Team/(7337:7349): Buscando deadlock...
[INFO] 01:19:18:880 Team/(7337:7349): No se han encontrado deadlocks
[INFO] 01:19:26:880 Team/(7337:7349): Buscando deadlock...
[INFO] 01:19:26:880 Team/(7337:7349): No se han encontrado deadlocks
[INFO] 01:19:34:881 Team/(7337:7349): Buscando deadlock...
[INFO] 01:19:34:881 Team/(7337:7349): No se han encontrado deadlocks
